This is pdfTeX, Version 3.14159265-2.6-1.40.16 (TeX Live 2015/Debian) (preloaded format=pdflatex 2018.4.19)  10 JUL 2018 01:05
entering extended mode
 restricted \write18 enabled.
 %&-line parsing enabled.
**comXWebinar.tex
(./comXWebinar.tex
LaTeX2e <2016/02/01>
Babel <3.9q> and hyphenation patterns for 81 language(s) loaded.
(/usr/share/texlive/texmf-dist/tex/latex/beamer/beamer.cls
(/usr/share/texlive/texmf-dist/tex/latex/beamer/beamerbasercs.sty
Package: beamerbasercs 2015/03/08 (rcs-revision 368aa9ba9d38)
)
Document Class: beamer 2015/01/05 3.36 A class for typesetting presentations (r
cs-revision 8a39122e1f63)
(/usr/share/texlive/texmf-dist/tex/latex/beamer/beamerbasemodes.sty
Package: beamerbasemodes 2013/09/03 (rcs-revision 768f2d98ca64)
\beamer@tempbox=\box26
\beamer@tempcount=\count79
\c@beamerpauses=\count80

(/usr/share/texlive/texmf-dist/tex/latex/beamer/beamerbasedecode.sty
Package: beamerbasedecode 2010/05/01 (rcs-revision efa082c6111d)
\beamer@slideinframe=\count81
\beamer@minimum=\count82
)
\beamer@commentbox=\box27
\beamer@modecount=\count83
)
(/usr/share/texlive/texmf-dist/tex/generic/oberdiek/ifpdf.sty
Package: ifpdf 2011/01/30 v2.3 Provides the ifpdf switch (HO)
Package ifpdf Info: pdfTeX in PDF mode is detected.
)
\headheight=\dimen102
\headdp=\dimen103
\footheight=\dimen104
\sidebarheight=\dimen105
\beamer@tempdim=\dimen106
\beamer@finalheight=\dimen107
\beamer@animht=\dimen108
\beamer@animdp=\dimen109
\beamer@animwd=\dimen110
\beamer@leftmargin=\dimen111
\beamer@rightmargin=\dimen112
\beamer@leftsidebar=\dimen113
\beamer@rightsidebar=\dimen114
\beamer@boxsize=\dimen115
\beamer@vboxoffset=\dimen116
\beamer@descdefault=\dimen117
\beamer@descriptionwidth=\dimen118
\beamer@lastskip=\skip41
\beamer@areabox=\box28
\beamer@animcurrent=\box29
\beamer@animshowbox=\box30
\beamer@sectionbox=\box31
\beamer@logobox=\box32
\beamer@linebox=\box33
\beamer@sectioncount=\count84
\beamer@subsubsectionmax=\count85
\beamer@subsectionmax=\count86
\beamer@sectionmax=\count87
\beamer@totalheads=\count88
\beamer@headcounter=\count89
\beamer@partstartpage=\count90
\beamer@sectionstartpage=\count91
\beamer@subsectionstartpage=\count92
\beamer@animationtempa=\count93
\beamer@animationtempb=\count94
\beamer@xpos=\count95
\beamer@ypos=\count96
\beamer@showpartnumber=\count97
\beamer@currentsubsection=\count98
\beamer@coveringdepth=\count99
\beamer@sectionadjust=\count100
\beamer@tocsectionnumber=\count101

(/usr/share/texlive/texmf-dist/tex/latex/beamer/beamerbaseoptions.sty
Package: beamerbaseoptions 2013/03/10 (rcs-revision 47431932db0d)

(/usr/share/texlive/texmf-dist/tex/latex/graphics/keyval.sty
Package: keyval 2014/10/28 v1.15 key=value parser (DPC)
\KV@toks@=\toks14
))
\beamer@paperwidth=\skip42
\beamer@paperheight=\skip43

(/usr/share/texlive/texmf-dist/tex/latex/geometry/geometry.sty
Package: geometry 2010/09/12 v5.6 Page Geometry

(/usr/share/texlive/texmf-dist/tex/generic/oberdiek/ifvtex.sty
Package: ifvtex 2010/03/01 v1.5 Detect VTeX and its facilities (HO)
Package ifvtex Info: VTeX not detected.
)
(/usr/share/texlive/texmf-dist/tex/generic/ifxetex/ifxetex.sty
Package: ifxetex 2010/09/12 v0.6 Provides ifxetex conditional
)
\Gm@cnth=\count102
\Gm@cntv=\count103
\c@Gm@tempcnt=\count104
\Gm@bindingoffset=\dimen119
\Gm@wd@mp=\dimen120
\Gm@odd@mp=\dimen121
\Gm@even@mp=\dimen122
\Gm@layoutwidth=\dimen123
\Gm@layoutheight=\dimen124
\Gm@layouthoffset=\dimen125
\Gm@layoutvoffset=\dimen126
\Gm@dimlist=\toks15
)
(/usr/share/texlive/texmf-dist/tex/latex/base/size11.clo
File: size11.clo 2014/09/29 v1.4h Standard LaTeX file (size option)
)
(/usr/share/texlive/texmf-dist/tex/latex/pgf/basiclayer/pgfcore.sty
(/usr/share/texlive/texmf-dist/tex/latex/graphics/graphicx.sty
Package: graphicx 2014/10/28 v1.0g Enhanced LaTeX Graphics (DPC,SPQR)

(/usr/share/texlive/texmf-dist/tex/latex/graphics/graphics.sty
Package: graphics 2016/01/03 v1.0q Standard LaTeX Graphics (DPC,SPQR)

(/usr/share/texlive/texmf-dist/tex/latex/graphics/trig.sty
Package: trig 2016/01/03 v1.10 sin cos tan (DPC)
)
(/usr/share/texlive/texmf-dist/tex/latex/latexconfig/graphics.cfg
File: graphics.cfg 2010/04/23 v1.9 graphics configuration of TeX Live
)
Package graphics Info: Driver file: pdftex.def on input line 95.

(/usr/share/texlive/texmf-dist/tex/latex/pdftex-def/pdftex.def
File: pdftex.def 2011/05/27 v0.06d Graphics/color for pdfTeX

(/usr/share/texlive/texmf-dist/tex/generic/oberdiek/infwarerr.sty
Package: infwarerr 2010/04/08 v1.3 Providing info/warning/error messages (HO)
)
(/usr/share/texlive/texmf-dist/tex/generic/oberdiek/ltxcmds.sty
Package: ltxcmds 2011/11/09 v1.22 LaTeX kernel commands for general use (HO)
)
\Gread@gobject=\count105
))
\Gin@req@height=\dimen127
\Gin@req@width=\dimen128
)
(/usr/share/texlive/texmf-dist/tex/latex/pgf/systemlayer/pgfsys.sty
(/usr/share/texlive/texmf-dist/tex/latex/pgf/utilities/pgfrcs.sty
(/usr/share/texlive/texmf-dist/tex/generic/pgf/utilities/pgfutil-common.tex
\pgfutil@everybye=\toks16
\pgfutil@tempdima=\dimen129
\pgfutil@tempdimb=\dimen130

(/usr/share/texlive/texmf-dist/tex/generic/pgf/utilities/pgfutil-common-lists.t
ex)) (/usr/share/texlive/texmf-dist/tex/generic/pgf/utilities/pgfutil-latex.def
\pgfutil@abb=\box34
(/usr/share/texlive/texmf-dist/tex/latex/ms/everyshi.sty
Package: everyshi 2001/05/15 v3.00 EveryShipout Package (MS)
))
(/usr/share/texlive/texmf-dist/tex/generic/pgf/utilities/pgfrcs.code.tex
Package: pgfrcs 2015/08/07 v3.0.1a (rcs-revision 1.31)
))
(/usr/share/texlive/texmf-dist/tex/generic/pgf/systemlayer/pgfsys.code.tex
Package: pgfsys 2014/07/09 v3.0.1a (rcs-revision 1.48)

(/usr/share/texlive/texmf-dist/tex/generic/pgf/utilities/pgfkeys.code.tex
\pgfkeys@pathtoks=\toks17
\pgfkeys@temptoks=\toks18

(/usr/share/texlive/texmf-dist/tex/generic/pgf/utilities/pgfkeysfiltered.code.t
ex
\pgfkeys@tmptoks=\toks19
))
\pgf@x=\dimen131
\pgf@y=\dimen132
\pgf@xa=\dimen133
\pgf@ya=\dimen134
\pgf@xb=\dimen135
\pgf@yb=\dimen136
\pgf@xc=\dimen137
\pgf@yc=\dimen138
\w@pgf@writea=\write3
\r@pgf@reada=\read1
\c@pgf@counta=\count106
\c@pgf@countb=\count107
\c@pgf@countc=\count108
\c@pgf@countd=\count109
\t@pgf@toka=\toks20
\t@pgf@tokb=\toks21
\t@pgf@tokc=\toks22
 (/usr/share/texlive/texmf-dist/tex/generic/pgf/systemlayer/pgf.cfg
File: pgf.cfg 2008/05/14  (rcs-revision 1.7)
)
Driver file for pgf: pgfsys-pdftex.def

(/usr/share/texlive/texmf-dist/tex/generic/pgf/systemlayer/pgfsys-pdftex.def
File: pgfsys-pdftex.def 2014/10/11  (rcs-revision 1.35)

(/usr/share/texlive/texmf-dist/tex/generic/pgf/systemlayer/pgfsys-common-pdf.de
f
File: pgfsys-common-pdf.def 2013/10/10  (rcs-revision 1.13)
)))
(/usr/share/texlive/texmf-dist/tex/generic/pgf/systemlayer/pgfsyssoftpath.code.
tex
File: pgfsyssoftpath.code.tex 2013/09/09  (rcs-revision 1.9)
\pgfsyssoftpath@smallbuffer@items=\count110
\pgfsyssoftpath@bigbuffer@items=\count111
)
(/usr/share/texlive/texmf-dist/tex/generic/pgf/systemlayer/pgfsysprotocol.code.
tex
File: pgfsysprotocol.code.tex 2006/10/16  (rcs-revision 1.4)
)) (/usr/share/texlive/texmf-dist/tex/latex/xcolor/xcolor.sty
Package: xcolor 2007/01/21 v2.11 LaTeX color extensions (UK)

(/usr/share/texlive/texmf-dist/tex/latex/latexconfig/color.cfg
File: color.cfg 2007/01/18 v1.5 color configuration of teTeX/TeXLive
)
Package xcolor Info: Driver file: pdftex.def on input line 225.

(/usr/share/texlive/texmf-dist/tex/latex/colortbl/colortbl.sty
Package: colortbl 2012/02/13 v1.0a Color table columns (DPC)

(/usr/share/texlive/texmf-dist/tex/latex/tools/array.sty
Package: array 2014/10/28 v2.4c Tabular extension package (FMi)
\col@sep=\dimen139
\extrarowheight=\dimen140
\NC@list=\toks23
\extratabsurround=\skip44
\backup@length=\skip45
)
\everycr=\toks24
\minrowclearance=\skip46
)
\rownum=\count112
Package xcolor Info: Model `cmy' substituted by `cmy0' on input line 1337.
Package xcolor Info: Model `hsb' substituted by `rgb' on input line 1341.
Package xcolor Info: Model `RGB' extended on input line 1353.
Package xcolor Info: Model `HTML' substituted by `rgb' on input line 1355.
Package xcolor Info: Model `Hsb' substituted by `hsb' on input line 1356.
Package xcolor Info: Model `tHsb' substituted by `hsb' on input line 1357.
Package xcolor Info: Model `HSB' substituted by `hsb' on input line 1358.
Package xcolor Info: Model `Gray' substituted by `gray' on input line 1359.
Package xcolor Info: Model `wave' substituted by `hsb' on input line 1360.

(/usr/share/texlive/texmf-dist/tex/latex/graphics/dvipsnam.def
File: dvipsnam.def 2015/12/30 v3.0k Driver-dependent file (DPC,SPQR)
))
(/usr/share/texlive/texmf-dist/tex/generic/pgf/basiclayer/pgfcore.code.tex
Package: pgfcore 2010/04/11 v3.0.1a (rcs-revision 1.7)

(/usr/share/texlive/texmf-dist/tex/generic/pgf/math/pgfmath.code.tex
(/usr/share/texlive/texmf-dist/tex/generic/pgf/math/pgfmathcalc.code.tex
(/usr/share/texlive/texmf-dist/tex/generic/pgf/math/pgfmathutil.code.tex)
(/usr/share/texlive/texmf-dist/tex/generic/pgf/math/pgfmathparser.code.tex
\pgfmath@dimen=\dimen141
\pgfmath@count=\count113
\pgfmath@box=\box35
\pgfmath@toks=\toks25
\pgfmath@stack@operand=\toks26
\pgfmath@stack@operation=\toks27
)
(/usr/share/texlive/texmf-dist/tex/generic/pgf/math/pgfmathfunctions.code.tex
(/usr/share/texlive/texmf-dist/tex/generic/pgf/math/pgfmathfunctions.basic.code
.tex)
(/usr/share/texlive/texmf-dist/tex/generic/pgf/math/pgfmathfunctions.trigonomet
ric.code.tex)
(/usr/share/texlive/texmf-dist/tex/generic/pgf/math/pgfmathfunctions.random.cod
e.tex)
(/usr/share/texlive/texmf-dist/tex/generic/pgf/math/pgfmathfunctions.comparison
.code.tex)
(/usr/share/texlive/texmf-dist/tex/generic/pgf/math/pgfmathfunctions.base.code.
tex)
(/usr/share/texlive/texmf-dist/tex/generic/pgf/math/pgfmathfunctions.round.code
.tex)
(/usr/share/texlive/texmf-dist/tex/generic/pgf/math/pgfmathfunctions.misc.code.
tex)
(/usr/share/texlive/texmf-dist/tex/generic/pgf/math/pgfmathfunctions.integerari
thmetics.code.tex)))
(/usr/share/texlive/texmf-dist/tex/generic/pgf/math/pgfmathfloat.code.tex
\c@pgfmathroundto@lastzeros=\count114
))
(/usr/share/texlive/texmf-dist/tex/generic/pgf/basiclayer/pgfcorepoints.code.te
x
File: pgfcorepoints.code.tex 2013/10/07  (rcs-revision 1.27)
\pgf@picminx=\dimen142
\pgf@picmaxx=\dimen143
\pgf@picminy=\dimen144
\pgf@picmaxy=\dimen145
\pgf@pathminx=\dimen146
\pgf@pathmaxx=\dimen147
\pgf@pathminy=\dimen148
\pgf@pathmaxy=\dimen149
\pgf@xx=\dimen150
\pgf@xy=\dimen151
\pgf@yx=\dimen152
\pgf@yy=\dimen153
\pgf@zx=\dimen154
\pgf@zy=\dimen155
)
(/usr/share/texlive/texmf-dist/tex/generic/pgf/basiclayer/pgfcorepathconstruct.
code.tex
File: pgfcorepathconstruct.code.tex 2013/10/07  (rcs-revision 1.29)
\pgf@path@lastx=\dimen156
\pgf@path@lasty=\dimen157
)
(/usr/share/texlive/texmf-dist/tex/generic/pgf/basiclayer/pgfcorepathusage.code
.tex
File: pgfcorepathusage.code.tex 2014/11/02  (rcs-revision 1.24)
\pgf@shorten@end@additional=\dimen158
\pgf@shorten@start@additional=\dimen159
)
(/usr/share/texlive/texmf-dist/tex/generic/pgf/basiclayer/pgfcorescopes.code.te
x
File: pgfcorescopes.code.tex 2015/05/08  (rcs-revision 1.46)
\pgfpic=\box36
\pgf@hbox=\box37
\pgf@layerbox@main=\box38
\pgf@picture@serial@count=\count115
)
(/usr/share/texlive/texmf-dist/tex/generic/pgf/basiclayer/pgfcoregraphicstate.c
ode.tex
File: pgfcoregraphicstate.code.tex 2014/11/02  (rcs-revision 1.12)
\pgflinewidth=\dimen160
)
(/usr/share/texlive/texmf-dist/tex/generic/pgf/basiclayer/pgfcoretransformation
s.code.tex
File: pgfcoretransformations.code.tex 2015/08/07  (rcs-revision 1.20)
\pgf@pt@x=\dimen161
\pgf@pt@y=\dimen162
\pgf@pt@temp=\dimen163
)
(/usr/share/texlive/texmf-dist/tex/generic/pgf/basiclayer/pgfcorequick.code.tex
File: pgfcorequick.code.tex 2008/10/09  (rcs-revision 1.3)
)
(/usr/share/texlive/texmf-dist/tex/generic/pgf/basiclayer/pgfcoreobjects.code.t
ex
File: pgfcoreobjects.code.tex 2006/10/11  (rcs-revision 1.2)
)
(/usr/share/texlive/texmf-dist/tex/generic/pgf/basiclayer/pgfcorepathprocessing
.code.tex
File: pgfcorepathprocessing.code.tex 2013/09/09  (rcs-revision 1.9)
)
(/usr/share/texlive/texmf-dist/tex/generic/pgf/basiclayer/pgfcorearrows.code.te
x
File: pgfcorearrows.code.tex 2015/05/14  (rcs-revision 1.43)
\pgfarrowsep=\dimen164
)
(/usr/share/texlive/texmf-dist/tex/generic/pgf/basiclayer/pgfcoreshade.code.tex
File: pgfcoreshade.code.tex 2013/07/15  (rcs-revision 1.15)
\pgf@max=\dimen165
\pgf@sys@shading@range@num=\count116
)
(/usr/share/texlive/texmf-dist/tex/generic/pgf/basiclayer/pgfcoreimage.code.tex
File: pgfcoreimage.code.tex 2013/07/15  (rcs-revision 1.18)

(/usr/share/texlive/texmf-dist/tex/generic/pgf/basiclayer/pgfcoreexternal.code.
tex
File: pgfcoreexternal.code.tex 2014/07/09  (rcs-revision 1.21)
\pgfexternal@startupbox=\box39
))
(/usr/share/texlive/texmf-dist/tex/generic/pgf/basiclayer/pgfcorelayers.code.te
x
File: pgfcorelayers.code.tex 2013/07/18  (rcs-revision 1.7)
)
(/usr/share/texlive/texmf-dist/tex/generic/pgf/basiclayer/pgfcoretransparency.c
ode.tex
File: pgfcoretransparency.code.tex 2013/09/30  (rcs-revision 1.5)
)
(/usr/share/texlive/texmf-dist/tex/generic/pgf/basiclayer/pgfcorepatterns.code.
tex
File: pgfcorepatterns.code.tex 2013/11/07  (rcs-revision 1.5)
))) (/usr/share/texlive/texmf-dist/tex/latex/pgf/utilities/xxcolor.sty
Package: xxcolor 2003/10/24 ver 0.1
\XC@nummixins=\count117
\XC@countmixins=\count118
)
(/usr/share/texlive/texmf-dist/tex/generic/oberdiek/atbegshi.sty
Package: atbegshi 2011/10/05 v1.16 At begin shipout hook (HO)
)
(/usr/share/texlive/texmf-dist/tex/latex/hyperref/hyperref.sty
Package: hyperref 2012/11/06 v6.83m Hypertext links for LaTeX

(/usr/share/texlive/texmf-dist/tex/generic/oberdiek/hobsub-hyperref.sty
Package: hobsub-hyperref 2012/05/28 v1.13 Bundle oberdiek, subset hyperref (HO)


(/usr/share/texlive/texmf-dist/tex/generic/oberdiek/hobsub-generic.sty
Package: hobsub-generic 2012/05/28 v1.13 Bundle oberdiek, subset generic (HO)
Package: hobsub 2012/05/28 v1.13 Construct package bundles (HO)
Package hobsub Info: Skipping package `infwarerr' (already loaded).
Package hobsub Info: Skipping package `ltxcmds' (already loaded).
Package: ifluatex 2010/03/01 v1.3 Provides the ifluatex switch (HO)
Package ifluatex Info: LuaTeX not detected.
Package hobsub Info: Skipping package `ifvtex' (already loaded).
Package: intcalc 2007/09/27 v1.1 Expandable calculations with integers (HO)
Package hobsub Info: Skipping package `ifpdf' (already loaded).
Package: etexcmds 2011/02/16 v1.5 Avoid name clashes with e-TeX commands (HO)
Package etexcmds Info: Could not find \expanded.
(etexcmds)             That can mean that you are not using pdfTeX 1.50 or
(etexcmds)             that some package has redefined \expanded.
(etexcmds)             In the latter case, load this package earlier.
Package: kvsetkeys 2012/04/25 v1.16 Key value parser (HO)
Package: kvdefinekeys 2011/04/07 v1.3 Define keys (HO)
Package: pdftexcmds 2011/11/29 v0.20 Utility functions of pdfTeX for LuaTeX (HO
)
Package pdftexcmds Info: LuaTeX not detected.
Package pdftexcmds Info: \pdf@primitive is available.
Package pdftexcmds Info: \pdf@ifprimitive is available.
Package pdftexcmds Info: \pdfdraftmode found.
Package: pdfescape 2011/11/25 v1.13 Implements pdfTeX's escape features (HO)
Package: bigintcalc 2012/04/08 v1.3 Expandable calculations on big integers (HO
)
Package: bitset 2011/01/30 v1.1 Handle bit-vector datatype (HO)
Package: uniquecounter 2011/01/30 v1.2 Provide unlimited unique counter (HO)
)
Package hobsub Info: Skipping package `hobsub' (already loaded).
Package: letltxmacro 2010/09/02 v1.4 Let assignment for LaTeX macros (HO)
Package: hopatch 2012/05/28 v1.2 Wrapper for package hooks (HO)
Package: xcolor-patch 2011/01/30 xcolor patch
Package: atveryend 2011/06/30 v1.8 Hooks at the very end of document (HO)
Package atveryend Info: \enddocument detected (standard20110627).
Package hobsub Info: Skipping package `atbegshi' (already loaded).
Package: refcount 2011/10/16 v3.4 Data extraction from label references (HO)
Package: hycolor 2011/01/30 v1.7 Color options for hyperref/bookmark (HO)
)
(/usr/share/texlive/texmf-dist/tex/latex/oberdiek/auxhook.sty
Package: auxhook 2011/03/04 v1.3 Hooks for auxiliary files (HO)
)
(/usr/share/texlive/texmf-dist/tex/latex/oberdiek/kvoptions.sty
Package: kvoptions 2011/06/30 v3.11 Key value format for package options (HO)
)
\@linkdim=\dimen166
\Hy@linkcounter=\count119
\Hy@pagecounter=\count120

(/usr/share/texlive/texmf-dist/tex/latex/hyperref/pd1enc.def
File: pd1enc.def 2012/11/06 v6.83m Hyperref: PDFDocEncoding definition (HO)
)
\Hy@SavedSpaceFactor=\count121

(/usr/share/texlive/texmf-dist/tex/latex/latexconfig/hyperref.cfg
File: hyperref.cfg 2002/06/06 v1.2 hyperref configuration of TeXLive
)
Package hyperref Info: Option `bookmarks' set `true' on input line 4319.
Package hyperref Info: Option `bookmarksopen' set `true' on input line 4319.
Package hyperref Info: Option `implicit' set `false' on input line 4319.
Package hyperref Info: Hyper figures OFF on input line 4443.
Package hyperref Info: Link nesting OFF on input line 4448.
Package hyperref Info: Hyper index ON on input line 4451.
Package hyperref Info: Plain pages OFF on input line 4458.
Package hyperref Info: Backreferencing OFF on input line 4463.
Package hyperref Info: Implicit mode OFF; no redefinition of LaTeX internals.
Package hyperref Info: Bookmarks ON on input line 4688.
\c@Hy@tempcnt=\count122

(/usr/share/texlive/texmf-dist/tex/latex/url/url.sty
\Urlmuskip=\muskip10
Package: url 2013/09/16  ver 3.4  Verb mode for urls, etc.
)
LaTeX Info: Redefining \url on input line 5041.
\XeTeXLinkMargin=\dimen167
\Fld@menulength=\count123
\Field@Width=\dimen168
\Fld@charsize=\dimen169
Package hyperref Info: Hyper figures OFF on input line 6295.
Package hyperref Info: Link nesting OFF on input line 6300.
Package hyperref Info: Hyper index ON on input line 6303.
Package hyperref Info: backreferencing OFF on input line 6310.
Package hyperref Info: Link coloring OFF on input line 6315.
Package hyperref Info: Link coloring with OCG OFF on input line 6320.
Package hyperref Info: PDF/A mode OFF on input line 6325.
LaTeX Info: Redefining \ref on input line 6365.
LaTeX Info: Redefining \pageref on input line 6369.
\Hy@abspage=\count124


Package hyperref Message: Stopped early.

)

Package hyperref Message: Driver (autodetected): hpdftex.

(/usr/share/texlive/texmf-dist/tex/latex/hyperref/hpdftex.def
File: hpdftex.def 2012/11/06 v6.83m Hyperref driver for pdfTeX
\Fld@listcount=\count125
\c@bookmark@seq@number=\count126

(/usr/share/texlive/texmf-dist/tex/latex/oberdiek/rerunfilecheck.sty
Package: rerunfilecheck 2011/04/15 v1.7 Rerun checks for auxiliary files (HO)
Package uniquecounter Info: New unique counter `rerunfilecheck' on input line 2
82.
))
(/usr/share/texlive/texmf-dist/tex/latex/beamer/beamerbaserequires.sty
Package: beamerbaserequires 2010/05/01  (rcs-revision efa082c6111d)

(/usr/share/texlive/texmf-dist/tex/latex/beamer/beamerbasecompatibility.sty
Package: beamerbasecompatibility 2012/05/01  (rcs-revision 67c48b3b652d)
)
(/usr/share/texlive/texmf-dist/tex/latex/beamer/beamerbasefont.sty
Package: beamerbasefont 2015/01/05  (rcs-revision b4b4bee242e2)

(/usr/share/texlive/texmf-dist/tex/latex/amsfonts/amssymb.sty
Package: amssymb 2013/01/14 v3.01 AMS font symbols

(/usr/share/texlive/texmf-dist/tex/latex/amsfonts/amsfonts.sty
Package: amsfonts 2013/01/14 v3.01 Basic AMSFonts support
\@emptytoks=\toks28
\symAMSa=\mathgroup4
\symAMSb=\mathgroup5
LaTeX Font Info:    Overwriting math alphabet `\mathfrak' in version `bold'
(Font)                  U/euf/m/n --> U/euf/b/n on input line 106.
))
(/usr/share/texlive/texmf-dist/tex/latex/sansmathaccent/sansmathaccent.sty
Package: sansmathaccent 2013/03/28

(/usr/share/texlive/texmf-dist/tex/latex/filehook/filehook.sty
Package: filehook 2011/10/12 v0.5d Hooks for input files
)))
(/usr/share/texlive/texmf-dist/tex/latex/beamer/beamerbasetranslator.sty
Package: beamerbasetranslator 2010/06/11  (rcs-revision 85fd1cc7fc42)

(/usr/share/texlive/texmf-dist/tex/latex/beamer/translator/translator.sty
Package: translator 2010/06/12 ver 1.10

(/usr/share/texlive/texmf-dist/tex/latex/beamer/translator/translator-language-
mappings.tex)))
(/usr/share/texlive/texmf-dist/tex/latex/beamer/beamerbasemisc.sty
Package: beamerbasemisc 2013/09/03  (rcs-revision a55719c41d85)
)
(/usr/share/texlive/texmf-dist/tex/latex/beamer/beamerbasetwoscreens.sty
Package: beamerbasetwoscreens 2010/05/01  (rcs-revision efa082c6111d)
)
(/usr/share/texlive/texmf-dist/tex/latex/beamer/beamerbaseoverlay.sty
Package: beamerbaseoverlay 2013/12/25  (rcs-revision f6bd5e3805da)
\beamer@argscount=\count127
\beamer@lastskipcover=\skip47
\beamer@trivlistdepth=\count128
)
(/usr/share/texlive/texmf-dist/tex/latex/beamer/beamerbasetitle.sty
Package: beamerbasetitle 2010/09/21  (rcs-revision f0446ed0b6ae)
)
(/usr/share/texlive/texmf-dist/tex/latex/beamer/beamerbasesection.sty
Package: beamerbasesection 2013/06/07  (rcs-revision 60b9fe0f342f)
\c@lecture=\count129
\c@part=\count130
\c@section=\count131
\c@subsection=\count132
\c@subsubsection=\count133
)
(/usr/share/texlive/texmf-dist/tex/latex/beamer/beamerbaseframe.sty
Package: beamerbaseframe 2014/02/20  (rcs-revision 4b8ceeeff434)
\beamer@framebox=\box40
\beamer@frametitlebox=\box41
\beamer@zoombox=\box42
\beamer@zoomcount=\count134
\beamer@zoomframecount=\count135
\beamer@frametextheight=\dimen170
\c@subsectionslide=\count136
\beamer@frametopskip=\skip48
\beamer@framebottomskip=\skip49
\beamer@frametopskipautobreak=\skip50
\beamer@framebottomskipautobreak=\skip51
\beamer@envbody=\toks29
\framewidth=\dimen171
\c@framenumber=\count137
)
(/usr/share/texlive/texmf-dist/tex/latex/beamer/beamerbaseverbatim.sty
Package: beamerbaseverbatim 2015/01/05  (rcs-revision 431510bb5890)
\beamer@verbatimfileout=\write4
)
(/usr/share/texlive/texmf-dist/tex/latex/beamer/beamerbaseframesize.sty
Package: beamerbaseframesize 2011/09/12  (rcs-revision 70f9d8411e54)
\beamer@splitbox=\box43
\beamer@autobreakcount=\count138
\beamer@autobreaklastheight=\dimen172
\beamer@frametitletoks=\toks30
\beamer@framesubtitletoks=\toks31
)
(/usr/share/texlive/texmf-dist/tex/latex/beamer/beamerbaseframecomponents.sty
Package: beamerbaseframecomponents 2013/10/18  (rcs-revision 5cf6c5555a45)
\beamer@footins=\box44
)
(/usr/share/texlive/texmf-dist/tex/latex/beamer/beamerbasecolor.sty
Package: beamerbasecolor 2015/02/21  (rcs-revision d944b04ee2d5)
)
(/usr/share/texlive/texmf-dist/tex/latex/beamer/beamerbasenotes.sty
Package: beamerbasenotes 2012/12/19  (rcs-revision 1686da3db3c9)
\beamer@frameboxcopy=\box45
)
(/usr/share/texlive/texmf-dist/tex/latex/beamer/beamerbasetoc.sty
Package: beamerbasetoc 2015/03/08  (rcs-revision 7270298bbaae)
)
(/usr/share/texlive/texmf-dist/tex/latex/beamer/beamerbasetemplates.sty
Package: beamerbasetemplates 2010/05/01  (rcs-revision efa082c6111d)
\beamer@sbttoks=\toks32

(/usr/share/texlive/texmf-dist/tex/latex/beamer/beamerbaseauxtemplates.sty
Package: beamerbaseauxtemplates 2014/06/30  (rcs-revision 580088513a67)

(/usr/share/texlive/texmf-dist/tex/latex/beamer/beamerbaseboxes.sty
Package: beamerbaseboxes 2012/05/13  (rcs-revision 56972908a390)
\bmb@box=\box46
\bmb@colorbox=\box47
\bmb@boxshadow=\box48
\bmb@boxshadowball=\box49
\bmb@boxshadowballlarge=\box50
\bmb@temp=\dimen173
\bmb@dima=\dimen174
\bmb@dimb=\dimen175
\bmb@prevheight=\dimen176
)
\beamer@blockheadheight=\dimen177
))
(/usr/share/texlive/texmf-dist/tex/latex/beamer/beamerbaselocalstructure.sty
Package: beamerbaselocalstructure 2014/09/10  (rcs-revision 393f6dcff371)

(/usr/share/texlive/texmf-dist/tex/latex/tools/enumerate.sty
Package: enumerate 2015/07/23 v3.00 enumerate extensions (DPC)
\@enLab=\toks33
)
\c@figure=\count139
\c@table=\count140
\abovecaptionskip=\skip52
\belowcaptionskip=\skip53
)
(/usr/share/texlive/texmf-dist/tex/latex/beamer/beamerbasenavigation.sty
Package: beamerbasenavigation 2015/02/27  (rcs-revision 923f4bf87efa)
\beamer@section@min@dim=\dimen178
)
(/usr/share/texlive/texmf-dist/tex/latex/beamer/beamerbasetheorems.sty
Package: beamerbasetheorems 2010/06/06  (rcs-revision 7e7cc5e53e9d)

(/usr/share/texlive/texmf-dist/tex/latex/amsmath/amsmath.sty
Package: amsmath 2016/03/03 v2.15a AMS math features
\@mathmargin=\skip54

For additional information on amsmath, use the `?' option.
(/usr/share/texlive/texmf-dist/tex/latex/amsmath/amstext.sty
Package: amstext 2000/06/29 v2.01 AMS text

(/usr/share/texlive/texmf-dist/tex/latex/amsmath/amsgen.sty
File: amsgen.sty 1999/11/30 v2.0 generic functions
\@emptytoks=\toks34
\ex@=\dimen179
))
(/usr/share/texlive/texmf-dist/tex/latex/amsmath/amsbsy.sty
Package: amsbsy 1999/11/29 v1.2d Bold Symbols
\pmbraise@=\dimen180
)
(/usr/share/texlive/texmf-dist/tex/latex/amsmath/amsopn.sty
Package: amsopn 1999/12/14 v2.01 operator names
)
\inf@bad=\count141
LaTeX Info: Redefining \frac on input line 199.
\uproot@=\count142
\leftroot@=\count143
LaTeX Info: Redefining \overline on input line 297.
\classnum@=\count144
\DOTSCASE@=\count145
LaTeX Info: Redefining \ldots on input line 394.
LaTeX Info: Redefining \dots on input line 397.
LaTeX Info: Redefining \cdots on input line 518.
\Mathstrutbox@=\box51
\strutbox@=\box52
\big@size=\dimen181
LaTeX Font Info:    Redeclaring font encoding OML on input line 630.
LaTeX Font Info:    Redeclaring font encoding OMS on input line 631.
\macc@depth=\count146
\c@MaxMatrixCols=\count147
\dotsspace@=\muskip11
\c@parentequation=\count148
\dspbrk@lvl=\count149
\tag@help=\toks35
\row@=\count150
\column@=\count151
\maxfields@=\count152
\andhelp@=\toks36
\eqnshift@=\dimen182
\alignsep@=\dimen183
\tagshift@=\dimen184
\tagwidth@=\dimen185
\totwidth@=\dimen186
\lineht@=\dimen187
\@envbody=\toks37
\multlinegap=\skip55
\multlinetaggap=\skip56
\mathdisplay@stack=\toks38
LaTeX Info: Redefining \[ on input line 2735.
LaTeX Info: Redefining \] on input line 2736.
)
(/usr/share/texlive/texmf-dist/tex/latex/amscls/amsthm.sty
Package: amsthm 2015/03/04 v2.20.2
\thm@style=\toks39
\thm@bodyfont=\toks40
\thm@headfont=\toks41
\thm@notefont=\toks42
\thm@headpunct=\toks43
\thm@preskip=\skip57
\thm@postskip=\skip58
\thm@headsep=\skip59
\dth@everypar=\toks44
)
\c@theorem=\count153
)
(/usr/share/texlive/texmf-dist/tex/latex/beamer/beamerbasethemes.sty
Package: beamerbasethemes 2010/05/01  (rcs-revision efa082c6111d)
))
(/usr/share/texlive/texmf-dist/tex/latex/beamer/themes/theme/beamerthemedefault
.sty
Package: beamerthemedefault 2010/06/17  (rcs-revision d02a7cf4d8ae)

(/usr/share/texlive/texmf-dist/tex/latex/beamer/themes/font/beamerfontthemedefa
ult.sty
Package: beamerfontthemedefault 2012/12/19  (rcs-revision 1686da3db3c9)
)
(/usr/share/texlive/texmf-dist/tex/latex/beamer/themes/color/beamercolorthemede
fault.sty
Package: beamercolorthemedefault 2012/12/19  (rcs-revision 1686da3db3c9)
)
(/usr/share/texlive/texmf-dist/tex/latex/beamer/themes/inner/beamerinnerthemede
fault.sty
Package: beamerinnerthemedefault 2014/06/30  (rcs-revision 580088513a67)
\beamer@dima=\dimen188
\beamer@dimb=\dimen189
)
(/usr/share/texlive/texmf-dist/tex/latex/beamer/themes/outer/beamerouterthemede
fault.sty
Package: beamerouterthemedefault 2012/12/19  (rcs-revision 1686da3db3c9)
)))
(/usr/share/texlive/texmf-dist/tex/latex/beamer/themes/theme/beamerthemeBerlin.
sty
Package: beamerthemeBerlin 2010/06/17  (rcs-revision d02a7cf4d8ae)

(/usr/share/texlive/texmf-dist/tex/latex/beamer/themes/outer/beamerouterthememi
niframes.sty
Package: beamerouterthememiniframes 2010/06/17  (rcs-revision d02a7cf4d8ae)
)
(/usr/share/texlive/texmf-dist/tex/latex/beamer/themes/color/beamercolorthemewh
ale.sty
Package: beamercolorthemewhale 2010/06/17  (rcs-revision d02a7cf4d8ae)
)
(/usr/share/texlive/texmf-dist/tex/latex/beamer/themes/color/beamercolorthemeor
chid.sty
Package: beamercolorthemeorchid 2010/06/17  (rcs-revision d02a7cf4d8ae)
)
(/usr/share/texlive/texmf-dist/tex/latex/beamer/themes/inner/beamerinnerthemere
ctangles.sty
Package: beamerinnerthemerectangles 2010/06/17  (rcs-revision d02a7cf4d8ae)
))
\sympureletters=\mathgroup6
LaTeX Font Info:    Overwriting symbol font `pureletters' in version `bold'
(Font)                  OT1/mathkerncmss/m/sl --> OT1/mathkerncmss/bx/sl on inp
ut line 7.
 (/usr/share/texlive/texmf-dist/tex/latex/tools/bm.sty
Package: bm 2014/10/28 v1.1c Bold Symbol Support (DPC/FMi)
\symboldoperators=\mathgroup7
\symboldletters=\mathgroup8
\symboldsymbols=\mathgroup9
\symboldpureletters=\mathgroup10
LaTeX Font Info:    Redeclaring math alphabet \mathbf on input line 141.
LaTeX Info: Redefining \bm on input line 207.
)
(/usr/share/texlive/texmf-dist/tex/latex/pgf/frontendlayer/tikz.sty
(/usr/share/texlive/texmf-dist/tex/latex/pgf/basiclayer/pgf.sty
Package: pgf 2015/08/07 v3.0.1a (rcs-revision 1.15)

(/usr/share/texlive/texmf-dist/tex/generic/pgf/modules/pgfmoduleshapes.code.tex
File: pgfmoduleshapes.code.tex 2014/03/21  (rcs-revision 1.35)
\pgfnodeparttextbox=\box53
) (/usr/share/texlive/texmf-dist/tex/generic/pgf/modules/pgfmoduleplot.code.tex
File: pgfmoduleplot.code.tex 2015/08/03  (rcs-revision 1.13)
)
(/usr/share/texlive/texmf-dist/tex/latex/pgf/compatibility/pgfcomp-version-0-65
.sty
Package: pgfcomp-version-0-65 2007/07/03 v3.0.1a (rcs-revision 1.7)
\pgf@nodesepstart=\dimen190
\pgf@nodesepend=\dimen191
)
(/usr/share/texlive/texmf-dist/tex/latex/pgf/compatibility/pgfcomp-version-1-18
.sty
Package: pgfcomp-version-1-18 2007/07/23 v3.0.1a (rcs-revision 1.1)
)) (/usr/share/texlive/texmf-dist/tex/latex/pgf/utilities/pgffor.sty
(/usr/share/texlive/texmf-dist/tex/latex/pgf/utilities/pgfkeys.sty
(/usr/share/texlive/texmf-dist/tex/generic/pgf/utilities/pgfkeys.code.tex))
(/usr/share/texlive/texmf-dist/tex/latex/pgf/math/pgfmath.sty
(/usr/share/texlive/texmf-dist/tex/generic/pgf/math/pgfmath.code.tex))
(/usr/share/texlive/texmf-dist/tex/generic/pgf/utilities/pgffor.code.tex
Package: pgffor 2013/12/13 v3.0.1a (rcs-revision 1.25)

(/usr/share/texlive/texmf-dist/tex/generic/pgf/math/pgfmath.code.tex)
\pgffor@iter=\dimen192
\pgffor@skip=\dimen193
\pgffor@stack=\toks45
\pgffor@toks=\toks46
))
(/usr/share/texlive/texmf-dist/tex/generic/pgf/frontendlayer/tikz/tikz.code.tex
Package: tikz 2015/08/07 v3.0.1a (rcs-revision 1.151)

(/usr/share/texlive/texmf-dist/tex/generic/pgf/libraries/pgflibraryplothandlers
.code.tex
File: pgflibraryplothandlers.code.tex 2013/08/31 v3.0.1a (rcs-revision 1.20)
\pgf@plot@mark@count=\count154
\pgfplotmarksize=\dimen194
)
\tikz@lastx=\dimen195
\tikz@lasty=\dimen196
\tikz@lastxsaved=\dimen197
\tikz@lastysaved=\dimen198
\tikzleveldistance=\dimen199
\tikzsiblingdistance=\dimen256
\tikz@figbox=\box54
\tikz@figbox@bg=\box55
\tikz@tempbox=\box56
\tikz@tempbox@bg=\box57
\tikztreelevel=\count155
\tikznumberofchildren=\count156
\tikznumberofcurrentchild=\count157
\tikz@fig@count=\count158

(/usr/share/texlive/texmf-dist/tex/generic/pgf/modules/pgfmodulematrix.code.tex
File: pgfmodulematrix.code.tex 2013/09/17  (rcs-revision 1.8)
\pgfmatrixcurrentrow=\count159
\pgfmatrixcurrentcolumn=\count160
\pgf@matrix@numberofcolumns=\count161
)
\tikz@expandcount=\count162

(/usr/share/texlive/texmf-dist/tex/generic/pgf/frontendlayer/tikz/libraries/tik
zlibrarytopaths.code.tex
File: tikzlibrarytopaths.code.tex 2008/06/17 v3.0.1a (rcs-revision 1.2)
)))
(/usr/share/texlive/texmf-dist/tex/latex/tools/tabularx.sty
Package: tabularx 2014/10/28 v2.10 `tabularx' package (DPC)
\TX@col@width=\dimen257
\TX@old@table=\dimen258
\TX@old@col=\dimen259
\TX@target=\dimen260
\TX@delta=\dimen261
\TX@cols=\count163
\TX@ftn=\toks47
)
(/usr/share/texlive/texmf-dist/tex/latex/stackengine/stackengine.sty
Package: stackengine 2014/01/06 v3.24\ Stacking text and objects in convenient 
ways

(/usr/share/texlive/texmf-dist/tex/latex/etoolbox/etoolbox.sty
Package: etoolbox 2015/08/02 v2.2a e-TeX tools for LaTeX (JAW)
\etb@tempcnta=\count164
)
(/usr/share/texlive/texmf-dist/tex/latex/tools/calc.sty
Package: calc 2014/10/28 v4.3 Infix arithmetic (KKT,FJ)
\calc@Acount=\count165
\calc@Bcount=\count166
\calc@Adimen=\dimen262
\calc@Bdimen=\dimen263
\calc@Askip=\skip60
\calc@Bskip=\skip61
LaTeX Info: Redefining \setlength on input line 80.
LaTeX Info: Redefining \addtolength on input line 81.
\calc@Ccount=\count167
\calc@Cskip=\skip62
)
\c@@stackindex=\count168
\@boxshift=\skip63
\stack@tmplength=\skip64
\temp@stkl=\skip65
\@stackedboxwidth=\skip66
\@addedbox=\box58
\@anchorbox=\box59
\stackedbox=\box60
\@centerbox=\box61
\c@ROWcellindex@=\count169
)
(/usr/share/texlive/texmf-dist/tex/generic/pgf/frontendlayer/tikz/libraries/tik
zlibrarypositioning.code.tex
File: tikzlibrarypositioning.code.tex 2008/10/06 v3.0.1a (rcs-revision 1.7)
)
(/usr/share/texlive/texmf-dist/tex/generic/pgf/frontendlayer/tikz/libraries/tik
zlibraryshapes.code.tex
File: tikzlibraryshapes.code.tex 2008/01/09 v3.0.1a (rcs-revision 1.1)

(/usr/share/texlive/texmf-dist/tex/generic/pgf/frontendlayer/tikz/libraries/tik
zlibraryshapes.geometric.code.tex
File: tikzlibraryshapes.geometric.code.tex 2008/01/09 v3.0.1a (rcs-revision 1.1
)

(/usr/share/texlive/texmf-dist/tex/generic/pgf/libraries/shapes/pgflibraryshape
s.geometric.code.tex
File: pgflibraryshapes.geometric.code.tex 2008/06/26 v3.0.1a (rcs-revision 1.1)

))
(/usr/share/texlive/texmf-dist/tex/generic/pgf/frontendlayer/tikz/libraries/tik
zlibraryshapes.misc.code.tex
File: tikzlibraryshapes.misc.code.tex 2008/01/09 v3.0.1a (rcs-revision 1.1)

(/usr/share/texlive/texmf-dist/tex/generic/pgf/libraries/shapes/pgflibraryshape
s.misc.code.tex
File: pgflibraryshapes.misc.code.tex 2013/07/18 v3.0.1a (rcs-revision 1.5)
))
(/usr/share/texlive/texmf-dist/tex/generic/pgf/frontendlayer/tikz/libraries/tik
zlibraryshapes.symbols.code.tex
File: tikzlibraryshapes.symbols.code.tex 2008/01/09 v3.0.1a (rcs-revision 1.1)

(/usr/share/texlive/texmf-dist/tex/generic/pgf/libraries/shapes/pgflibraryshape
s.symbols.code.tex
File: pgflibraryshapes.symbols.code.tex 2013/09/11 v3.0.1a (rcs-revision 1.6)
))
(/usr/share/texlive/texmf-dist/tex/generic/pgf/frontendlayer/tikz/libraries/tik
zlibraryshapes.arrows.code.tex
File: tikzlibraryshapes.arrows.code.tex 2008/01/09 v3.0.1a (rcs-revision 1.1)

(/usr/share/texlive/texmf-dist/tex/generic/pgf/libraries/shapes/pgflibraryshape
s.arrows.code.tex
File: pgflibraryshapes.arrows.code.tex 2008/06/26 v3.0.1a (rcs-revision 1.1)
))
(/usr/share/texlive/texmf-dist/tex/generic/pgf/frontendlayer/tikz/libraries/tik
zlibraryshapes.callouts.code.tex
(/usr/share/texlive/texmf-dist/tex/generic/pgf/libraries/shapes/pgflibraryshape
s.callouts.code.tex))
(/usr/share/texlive/texmf-dist/tex/generic/pgf/frontendlayer/tikz/libraries/tik
zlibraryshapes.multipart.code.tex
File: tikzlibraryshapes.multipart.code.tex 2008/01/09 v3.0.1a (rcs-revision 1.1
)

(/usr/share/texlive/texmf-dist/tex/generic/pgf/libraries/shapes/pgflibraryshape
s.multipart.code.tex
File: pgflibraryshapes.multipart.code.tex 2010/01/07 v3.0.1a (rcs-revision 1.2)

\pgfnodepartlowerbox=\box62
\pgfnodeparttwobox=\box63
\pgfnodepartthreebox=\box64
\pgfnodepartfourbox=\box65
\pgfnodeparttwentybox=\box66
\pgfnodepartnineteenbox=\box67
\pgfnodeparteighteenbox=\box68
\pgfnodepartseventeenbox=\box69
\pgfnodepartsixteenbox=\box70
\pgfnodepartfifteenbox=\box71
\pgfnodepartfourteenbox=\box72
\pgfnodepartthirteenbox=\box73
\pgfnodeparttwelvebox=\box74
\pgfnodepartelevenbox=\box75
\pgfnodeparttenbox=\box76
\pgfnodepartninebox=\box77
\pgfnodeparteightbox=\box78
\pgfnodepartsevenbox=\box79
\pgfnodepartsixbox=\box80
\pgfnodepartfivebox=\box81
)))
(/usr/share/texlive/texmf-dist/tex/generic/pgf/frontendlayer/tikz/libraries/tik
zlibrarysnakes.code.tex
File: tikzlibrarysnakes.code.tex 2013/07/15 v3.0.1a (rcs-revision 1.7)


Package pgf Warning: Snakes have been superseded by decorations. Please use the
 decoration libraries instead of the snakes library on input line 14.


(/usr/share/texlive/texmf-dist/tex/generic/pgf/frontendlayer/tikz/libraries/tik
zlibrarydecorations.pathmorphing.code.tex
(/usr/share/texlive/texmf-dist/tex/generic/pgf/frontendlayer/tikz/libraries/tik
zlibrarydecorations.code.tex
(/usr/share/texlive/texmf-dist/tex/generic/pgf/modules/pgfmoduledecorations.cod
e.tex
\pgfdecoratedcompleteddistance=\dimen264
\pgfdecoratedremainingdistance=\dimen265
\pgfdecoratedinputsegmentcompleteddistance=\dimen266
\pgfdecoratedinputsegmentremainingdistance=\dimen267
\pgf@decorate@distancetomove=\dimen268
\pgf@decorate@repeatstate=\count170
\pgfdecorationsegmentamplitude=\dimen269
\pgfdecorationsegmentlength=\dimen270
)
\tikz@lib@dec@box=\box82
)
(/usr/share/texlive/texmf-dist/tex/generic/pgf/libraries/decorations/pgflibrary
decorations.pathmorphing.code.tex))
(/usr/share/texlive/texmf-dist/tex/generic/pgf/frontendlayer/tikz/libraries/tik
zlibrarydecorations.pathreplacing.code.tex
(/usr/share/texlive/texmf-dist/tex/generic/pgf/libraries/decorations/pgflibrary
decorations.pathreplacing.code.tex))
(/usr/share/texlive/texmf-dist/tex/generic/pgf/frontendlayer/tikz/libraries/tik
zlibrarydecorations.shapes.code.tex
(/usr/share/texlive/texmf-dist/tex/generic/pgf/libraries/decorations/pgflibrary
decorations.shapes.code.tex))) (./comXWebinar.aux)
\openout1 = `comXWebinar.aux'.

LaTeX Font Info:    Checking defaults for OML/cmm/m/it on input line 28.
LaTeX Font Info:    ... okay on input line 28.
LaTeX Font Info:    Checking defaults for T1/cmr/m/n on input line 28.
LaTeX Font Info:    ... okay on input line 28.
LaTeX Font Info:    Checking defaults for OT1/cmr/m/n on input line 28.
LaTeX Font Info:    ... okay on input line 28.
LaTeX Font Info:    Checking defaults for OMS/cmsy/m/n on input line 28.
LaTeX Font Info:    ... okay on input line 28.
LaTeX Font Info:    Checking defaults for OMX/cmex/m/n on input line 28.
LaTeX Font Info:    ... okay on input line 28.
LaTeX Font Info:    Checking defaults for U/cmr/m/n on input line 28.
LaTeX Font Info:    ... okay on input line 28.
LaTeX Font Info:    Checking defaults for PD1/pdf/m/n on input line 28.
LaTeX Font Info:    ... okay on input line 28.

*geometry* driver: auto-detecting
*geometry* detected driver: pdftex
*geometry* verbose mode - [ preamble ] result:
* driver: pdftex
* paper: custom
* layout: <same size as paper>
* layoutoffset:(h,v)=(0.0pt,0.0pt)
* modes: includehead includefoot 
* h-part:(L,W,R)=(28.45274pt, 307.28987pt, 28.45274pt)
* v-part:(T,H,B)=(0.0pt, 273.14662pt, 0.0pt)
* \paperwidth=364.19536pt
* \paperheight=273.14662pt
* \textwidth=307.28987pt
* \textheight=244.6939pt
* \oddsidemargin=-43.81725pt
* \evensidemargin=-43.81725pt
* \topmargin=-72.26999pt
* \headheight=14.22636pt
* \headsep=0.0pt
* \topskip=11.0pt
* \footskip=14.22636pt
* \marginparwidth=4.0pt
* \marginparsep=10.0pt
* \columnsep=10.0pt
* \skip\footins=10.0pt plus 4.0pt minus 2.0pt
* \hoffset=0.0pt
* \voffset=0.0pt
* \mag=1000
* \@twocolumnfalse
* \@twosidefalse
* \@mparswitchfalse
* \@reversemarginfalse
* (1in=72.27pt=25.4mm, 1cm=28.453pt)

(/usr/share/texlive/texmf-dist/tex/context/base/supp-pdf.mkii
[Loading MPS to PDF converter (version 2006.09.02).]
\scratchcounter=\count171
\scratchdimen=\dimen271
\scratchbox=\box83
\nofMPsegments=\count172
\nofMParguments=\count173
\everyMPshowfont=\toks48
\MPscratchCnt=\count174
\MPscratchDim=\dimen272
\MPnumerator=\count175
\makeMPintoPDFobject=\count176
\everyMPtoPDFconversion=\toks49
) (/usr/share/texlive/texmf-dist/tex/latex/oberdiek/epstopdf-base.sty
Package: epstopdf-base 2010/02/09 v2.5 Base part for package epstopdf

(/usr/share/texlive/texmf-dist/tex/latex/oberdiek/grfext.sty
Package: grfext 2010/08/19 v1.1 Manage graphics extensions (HO)
)
Package grfext Info: Graphics extension search list:
(grfext)             [.png,.pdf,.jpg,.mps,.jpeg,.jbig2,.jb2,.PNG,.PDF,.JPG,.JPE
G,.JBIG2,.JB2,.eps]
(grfext)             \AppendGraphicsExtensions on input line 452.

(/usr/share/texlive/texmf-dist/tex/latex/latexconfig/epstopdf-sys.cfg
File: epstopdf-sys.cfg 2010/07/13 v1.3 Configuration of (r)epstopdf for TeX Liv
e
))
ABD: EveryShipout initializing macros
\AtBeginShipoutBox=\box84
Package hyperref Info: Link coloring OFF on input line 28.

(/usr/share/texlive/texmf-dist/tex/latex/hyperref/nameref.sty
Package: nameref 2012/10/27 v2.43 Cross-referencing by name of section

(/usr/share/texlive/texmf-dist/tex/generic/oberdiek/gettitlestring.sty
Package: gettitlestring 2010/12/03 v1.4 Cleanup title references (HO)
)
\c@section@level=\count177
)
LaTeX Info: Redefining \ref on input line 28.
LaTeX Info: Redefining \pageref on input line 28.
LaTeX Info: Redefining \nameref on input line 28.

(./comXWebinar.out) (./comXWebinar.out)
\@outlinefile=\write5
\openout5 = `comXWebinar.out'.

LaTeX Font Info:    Overwriting symbol font `operators' in version `normal'
(Font)                  OT1/cmr/m/n --> OT1/cmss/m/n on input line 28.
LaTeX Font Info:    Overwriting symbol font `operators' in version `bold'
(Font)                  OT1/cmr/bx/n --> OT1/cmss/bx/n on input line 28.
\symnumbers=\mathgroup11
LaTeX Font Info:    Redeclaring symbol font `pureletters' on input line 28.
LaTeX Font Info:    Overwriting symbol font `pureletters' in version `normal'
(Font)                  OT1/mathkerncmss/m/sl --> OT1/cmss/m/it on input line 2
8.
LaTeX Font Info:    Overwriting symbol font `pureletters' in version `bold'
(Font)                  OT1/mathkerncmss/bx/sl --> OT1/cmss/m/it on input line 
28.
LaTeX Font Info:    Overwriting math alphabet `\mathrm' in version `normal'
(Font)                  OT1/cmss/m/n --> OT1/cmr/m/n on input line 28.
LaTeX Font Info:    Redeclaring math alphabet \mathbf on input line 28.
LaTeX Font Info:    Redeclaring math alphabet \mathsf on input line 28.
LaTeX Font Info:    Overwriting math alphabet `\mathsf' in version `normal'
(Font)                  OT1/cmss/m/n --> OT1/cmss/m/n on input line 28.
LaTeX Font Info:    Overwriting math alphabet `\mathsf' in version `bold'
(Font)                  OT1/cmss/bx/n --> OT1/cmss/m/n on input line 28.
LaTeX Font Info:    Redeclaring math alphabet \mathit on input line 28.
LaTeX Font Info:    Overwriting math alphabet `\mathit' in version `normal'
(Font)                  OT1/cmr/m/it --> OT1/cmss/m/it on input line 28.
LaTeX Font Info:    Overwriting math alphabet `\mathit' in version `bold'
(Font)                  OT1/cmr/bx/it --> OT1/cmss/m/it on input line 28.
LaTeX Font Info:    Redeclaring math alphabet \mathtt on input line 28.
LaTeX Font Info:    Overwriting math alphabet `\mathtt' in version `normal'
(Font)                  OT1/cmtt/m/n --> OT1/cmtt/m/n on input line 28.
LaTeX Font Info:    Overwriting math alphabet `\mathtt' in version `bold'
(Font)                  OT1/cmtt/m/n --> OT1/cmtt/m/n on input line 28.
LaTeX Font Info:    Overwriting symbol font `numbers' in version `bold'
(Font)                  OT1/cmss/m/n --> OT1/cmss/bx/n on input line 28.
LaTeX Font Info:    Overwriting symbol font `pureletters' in version `bold'
(Font)                  OT1/cmss/m/it --> OT1/cmss/bx/it on input line 28.
LaTeX Font Info:    Overwriting math alphabet `\mathrm' in version `bold'
(Font)                  OT1/cmss/bx/n --> OT1/cmr/bx/n on input line 28.
LaTeX Font Info:    Overwriting math alphabet `\mathbf' in version `bold'
(Font)                  OT1/cmss/bx/n --> OT1/cmss/bx/n on input line 28.
LaTeX Font Info:    Overwriting math alphabet `\mathsf' in version `bold'
(Font)                  OT1/cmss/m/n --> OT1/cmss/bx/n on input line 28.
LaTeX Font Info:    Overwriting math alphabet `\mathit' in version `bold'
(Font)                  OT1/cmss/m/it --> OT1/cmss/bx/it on input line 28.
LaTeX Font Info:    Overwriting math alphabet `\mathtt' in version `bold'
(Font)                  OT1/cmtt/m/n --> OT1/cmtt/bx/n on input line 28.
LaTeX Font Info:    Redeclaring symbol font `pureletters' on input line 28.
LaTeX Font Info:    Overwriting symbol font `pureletters' in version `normal'
(Font)                  OT1/cmss/m/it --> OT1/mathkerncmss/m/sl on input line 2
8.
LaTeX Font Info:    Overwriting symbol font `pureletters' in version `bold'
(Font)                  OT1/cmss/bx/it --> OT1/mathkerncmss/m/sl on input line 
28.
LaTeX Font Info:    Overwriting symbol font `pureletters' in version `bold'
(Font)                  OT1/mathkerncmss/m/sl --> OT1/mathkerncmss/bx/sl on inp
ut line 28.

(/usr/share/texlive/texmf-dist/tex/latex/beamer/translator/dicts/translator-bas
ic-dictionary/translator-basic-dictionary-English.dict
Dictionary: translator-basic-dictionary, Language: English 
)
(/usr/share/texlive/texmf-dist/tex/latex/beamer/translator/dicts/translator-bib
liography-dictionary/translator-bibliography-dictionary-English.dict
Dictionary: translator-bibliography-dictionary, Language: English 
)
(/usr/share/texlive/texmf-dist/tex/latex/beamer/translator/dicts/translator-env
ironment-dictionary/translator-environment-dictionary-English.dict
Dictionary: translator-environment-dictionary, Language: English 
)
(/usr/share/texlive/texmf-dist/tex/latex/beamer/translator/dicts/translator-mon
ths-dictionary/translator-months-dictionary-English.dict
Dictionary: translator-months-dictionary, Language: English 
)
(/usr/share/texlive/texmf-dist/tex/latex/beamer/translator/dicts/translator-num
bers-dictionary/translator-numbers-dictionary-English.dict
Dictionary: translator-numbers-dictionary, Language: English 
)
(/usr/share/texlive/texmf-dist/tex/latex/beamer/translator/dicts/translator-the
orem-dictionary/translator-theorem-dictionary-English.dict
Dictionary: translator-theorem-dictionary, Language: English 
)
LaTeX Info: Redefining \includegraphics on input line 28.
 (./comXWebinar.nav)

Package hyperref Warning: Option `pdfauthor' has already been used,
(hyperref)                setting the option has no effect on input line 42.


LaTeX Font Warning: Font shape `OT1/cmss/m/n' in size <4> not available
(Font)              size <5> substituted on input line 61.

[1{/var/lib/texmf/fonts/map/pdftex/updmap/pdftex.map}

] [2

]
LaTeX Font Info:    Try loading font information for U+msa on input line 113.

(/usr/share/texlive/texmf-dist/tex/latex/amsfonts/umsa.fd
File: umsa.fd 2013/01/14 v3.01 AMS symbols A
)
LaTeX Font Info:    Try loading font information for U+msb on input line 113.

(/usr/share/texlive/texmf-dist/tex/latex/amsfonts/umsb.fd
File: umsb.fd 2013/01/14 v3.01 AMS symbols B
)
LaTeX Font Info:    Try loading font information for OT1+mathkerncmss on input 
line 113.

(/usr/share/texlive/texmf-dist/tex/latex/sansmathaccent/ot1mathkerncmss.fd
File: ot1mathkerncmss.fd 2013/03/27 Fontinst v1.933 font definitions for OT1/ma
thkerncmss.
)
[3

]
Overfull \hbox (11.19476pt too wide) in alignment at lines 184--184
 [][][] []
 []


Overfull \hbox (1.89713pt too wide) in alignment at lines 184--184
 [][][] []
 []


Overfull \hbox (11.19476pt too wide) in alignment at lines 184--184
 [][][] []
 []


Overfull \hbox (5.76299pt too wide) in alignment at lines 184--184
 [][][] []
 []


Overfull \hbox (50.32657pt too wide) in alignment at lines 184--184
 [][][] []
 []


Overfull \hbox (8.09401pt too wide) in alignment at lines 184--184
 [][][] []
 []

[4

] [5

]
<../sscRuns/25019781982M2/sppHeadMad68.pdf, id=594, 361.35pt x 361.35pt>
File: ../sscRuns/25019781982M2/sppHeadMad68.pdf Graphic file (type pdf)

<use ../sscRuns/25019781982M2/sppHeadMad68.pdf>
Package pdftex.def Info: ../sscRuns/25019781982M2/sppHeadMad68.pdf used on inpu
t line 215.
(pdftex.def)             Requested size: 122.91406pt x 122.9125pt.

<../sscRuns/25019781982M3/sppHeadMad68.pdf, id=595, 361.35pt x 361.35pt>
File: ../sscRuns/25019781982M3/sppHeadMad68.pdf Graphic file (type pdf)

<use ../sscRuns/25019781982M3/sppHeadMad68.pdf>
Package pdftex.def Info: ../sscRuns/25019781982M3/sppHeadMad68.pdf used on inpu
t line 215.
(pdftex.def)             Requested size: 122.91406pt x 122.9125pt.

<../sscRuns/25019781982M4/sppHeadMad68.pdf, id=596, 361.35pt x 361.35pt>
File: ../sscRuns/25019781982M4/sppHeadMad68.pdf Graphic file (type pdf)

<use ../sscRuns/25019781982M4/sppHeadMad68.pdf>
Package pdftex.def Info: ../sscRuns/25019781982M4/sppHeadMad68.pdf used on inpu
t line 215.
(pdftex.def)             Requested size: 122.91406pt x 122.9125pt.

Overfull \hbox (35.4329pt too wide) in paragraph at lines 215--215
 |  [][][] 
 []

[6

 <../sscRuns/25019781982M2/sppHeadMad68.pdf> <../sscRuns/25019781982M3/sppHeadM
ad68.pdf> <../sscRuns/25019781982M4/sppHeadMad68.pdf>]
<./postSSC/25019781982M2M3M4/margBCAC/margBCAC-0.68-Diagnostic.pdf, id=703, 629
.35126pt x 815.045pt>
File: ./postSSC/25019781982M2M3M4/margBCAC/margBCAC-0.68-Diagnostic.pdf Graphic
 file (type pdf)

<use ./postSSC/25019781982M2M3M4/margBCAC/margBCAC-0.68-Diagnostic.pdf>
Package pdftex.def Info: ./postSSC/25019781982M2M3M4/margBCAC/margBCAC-0.68-Dia
gnostic.pdf used on input line 227.
(pdftex.def)             Requested size: 191.01555pt x 247.37723pt.

Overfull \vbox (14.15053pt too high) detected at line 227
 []

[7

 <./postSSC/25019781982M2M3M4/margBCAC/margBCAC-0.68-Diagnostic.pdf>]
<./postSSC/25019781982M2M3M4/margWDOW/margWDOW-0.68-Diagnostic.pdf, id=796, 629
.35126pt x 815.045pt>
File: ./postSSC/25019781982M2M3M4/margWDOW/margWDOW-0.68-Diagnostic.pdf Graphic
 file (type pdf)

<use ./postSSC/25019781982M2M3M4/margWDOW/margWDOW-0.68-Diagnostic.pdf>
Package pdftex.def Info: ./postSSC/25019781982M2M3M4/margWDOW/margWDOW-0.68-Dia
gnostic.pdf used on input line 245.
(pdftex.def)             Requested size: 191.01555pt x 247.37723pt.

Overfull \vbox (14.15053pt too high) detected at line 245
 []

[8

 <./postSSC/25019781982M2M3M4/margWDOW/margWDOW-0.68-Diagnostic.pdf>]
<../sscRuns/25019781982M2/sppTailMad68.pdf, id=888, 361.35pt x 361.35pt>
File: ../sscRuns/25019781982M2/sppTailMad68.pdf Graphic file (type pdf)

<use ../sscRuns/25019781982M2/sppTailMad68.pdf>
Package pdftex.def Info: ../sscRuns/25019781982M2/sppTailMad68.pdf used on inpu
t line 258.
(pdftex.def)             Requested size: 122.91406pt x 122.9125pt.

<../sscRuns/25019781982M3/sppTailMad68.pdf, id=889, 361.35pt x 361.35pt>
File: ../sscRuns/25019781982M3/sppTailMad68.pdf Graphic file (type pdf)

<use ../sscRuns/25019781982M3/sppTailMad68.pdf>
Package pdftex.def Info: ../sscRuns/25019781982M3/sppTailMad68.pdf used on inpu
t line 258.
(pdftex.def)             Requested size: 122.91406pt x 122.9125pt.

<../sscRuns/25019781982M4/sppTailMad68.pdf, id=890, 361.35pt x 361.35pt>
File: ../sscRuns/25019781982M4/sppTailMad68.pdf Graphic file (type pdf)

<use ../sscRuns/25019781982M4/sppTailMad68.pdf>
Package pdftex.def Info: ../sscRuns/25019781982M4/sppTailMad68.pdf used on inpu
t line 258.
(pdftex.def)             Requested size: 122.91406pt x 122.9125pt.

Overfull \hbox (35.4329pt too wide) in paragraph at lines 258--258
 |  [][][] 
 []

[9

 <../sscRuns/25019781982M2/sppTailMad68.pdf> <../sscRuns/25019781982M3/sppTailM
ad68.pdf> <../sscRuns/25019781982M4/sppTailMad68.pdf>]
<./postSSC/25019781982M2M3M4/margCWCD/margCWCD-0.68-Diagnostic.pdf, id=997, 629
.35126pt x 815.045pt>
File: ./postSSC/25019781982M2M3M4/margCWCD/margCWCD-0.68-Diagnostic.pdf Graphic
 file (type pdf)

<use ./postSSC/25019781982M2M3M4/margCWCD/margCWCD-0.68-Diagnostic.pdf>
Package pdftex.def Info: ./postSSC/25019781982M2M3M4/margCWCD/margCWCD-0.68-Dia
gnostic.pdf used on input line 270.
(pdftex.def)             Requested size: 191.01555pt x 247.37723pt.

Overfull \vbox (14.15053pt too high) detected at line 270
 []

[10

 <./postSSC/25019781982M2M3M4/margCWCD/margCWCD-0.68-Diagnostic.pdf>]
<./postSSC/25019781982M2M3M4/margMXRF/margMXRF-0.68-Diagnostic.pdf, id=1089, 62
9.35126pt x 815.045pt>
File: ./postSSC/25019781982M2M3M4/margMXRF/margMXRF-0.68-Diagnostic.pdf Graphic
 file (type pdf)

<use ./postSSC/25019781982M2M3M4/margMXRF/margMXRF-0.68-Diagnostic.pdf>
Package pdftex.def Info: ./postSSC/25019781982M2M3M4/margMXRF/margMXRF-0.68-Dia
gnostic.pdf used on input line 288.
(pdftex.def)             Requested size: 191.01555pt x 247.37723pt.

Overfull \vbox (14.15053pt too high) detected at line 288
 []

[11

 <./postSSC/25019781982M2M3M4/margMXRF/margMXRF-0.68-Diagnostic.pdf>]
[12

] <../sscRuns/25319781982M4/sppHeadMad68.pdf, id=1272, 361.35pt x 361.35pt>
File: ../sscRuns/25319781982M4/sppHeadMad68.pdf Graphic file (type pdf)

<use ../sscRuns/25319781982M4/sppHeadMad68.pdf>
Package pdftex.def Info: ../sscRuns/25319781982M4/sppHeadMad68.pdf used on inpu
t line 318.
(pdftex.def)             Requested size: 122.91406pt x 122.9125pt.

<../sscRuns/25319781982M5/sppHeadMad68.pdf, id=1273, 361.35pt x 361.35pt>
File: ../sscRuns/25319781982M5/sppHeadMad68.pdf Graphic file (type pdf)

<use ../sscRuns/25319781982M5/sppHeadMad68.pdf>
Package pdftex.def Info: ../sscRuns/25319781982M5/sppHeadMad68.pdf used on inpu
t line 318.
(pdftex.def)             Requested size: 122.91406pt x 122.9125pt.

<../sscRuns/25319781982M6/sppHeadMad68.pdf, id=1274, 361.35pt x 361.35pt>
File: ../sscRuns/25319781982M6/sppHeadMad68.pdf Graphic file (type pdf)

<use ../sscRuns/25319781982M6/sppHeadMad68.pdf>
Package pdftex.def Info: ../sscRuns/25319781982M6/sppHeadMad68.pdf used on inpu
t line 318.
(pdftex.def)             Requested size: 122.91406pt x 122.9125pt.

Overfull \hbox (35.4329pt too wide) in paragraph at lines 318--318
 |  [][][] 
 []

[13

 <../sscRuns/25319781982M4/sppHeadMad68.pdf> <../sscRuns/25319781982M5/sppHeadM
ad68.pdf> <../sscRuns/25319781982M6/sppHeadMad68.pdf>]
<./postSSC/25319781982M4M5M6/margBCAC/margBCAC-0.68-Diagnostic.pdf, id=1382, 62
9.35126pt x 815.045pt>
File: ./postSSC/25319781982M4M5M6/margBCAC/margBCAC-0.68-Diagnostic.pdf Graphic
 file (type pdf)

<use ./postSSC/25319781982M4M5M6/margBCAC/margBCAC-0.68-Diagnostic.pdf>
Package pdftex.def Info: ./postSSC/25319781982M4M5M6/margBCAC/margBCAC-0.68-Dia
gnostic.pdf used on input line 330.
(pdftex.def)             Requested size: 191.01555pt x 247.37723pt.

Overfull \vbox (14.15053pt too high) detected at line 330
 []

[14

 <./postSSC/25319781982M4M5M6/margBCAC/margBCAC-0.68-Diagnostic.pdf>]
<./postSSC/25319781982M4M5M6/margWDOW/margWDOW-0.68-Diagnostic.pdf, id=1474, 62
9.35126pt x 815.045pt>
File: ./postSSC/25319781982M4M5M6/margWDOW/margWDOW-0.68-Diagnostic.pdf Graphic
 file (type pdf)

<use ./postSSC/25319781982M4M5M6/margWDOW/margWDOW-0.68-Diagnostic.pdf>
Package pdftex.def Info: ./postSSC/25319781982M4M5M6/margWDOW/margWDOW-0.68-Dia
gnostic.pdf used on input line 342.
(pdftex.def)             Requested size: 191.01555pt x 247.37723pt.

Overfull \vbox (14.15053pt too high) detected at line 342
 []

[15

 <./postSSC/25319781982M4M5M6/margWDOW/margWDOW-0.68-Diagnostic.pdf>]
<../sscRuns/25319781982M4/sppTailMad68.pdf, id=1566, 361.35pt x 361.35pt>
File: ../sscRuns/25319781982M4/sppTailMad68.pdf Graphic file (type pdf)

<use ../sscRuns/25319781982M4/sppTailMad68.pdf>
Package pdftex.def Info: ../sscRuns/25319781982M4/sppTailMad68.pdf used on inpu
t line 355.
(pdftex.def)             Requested size: 122.91406pt x 122.9125pt.

<../sscRuns/25319781982M5/sppTailMad68.pdf, id=1567, 361.35pt x 361.35pt>
File: ../sscRuns/25319781982M5/sppTailMad68.pdf Graphic file (type pdf)

<use ../sscRuns/25319781982M5/sppTailMad68.pdf>
Package pdftex.def Info: ../sscRuns/25319781982M5/sppTailMad68.pdf used on inpu
t line 355.
(pdftex.def)             Requested size: 122.91406pt x 122.9125pt.

<../sscRuns/25319781982M6/sppTailMad68.pdf, id=1568, 361.35pt x 361.35pt>
File: ../sscRuns/25319781982M6/sppTailMad68.pdf Graphic file (type pdf)

<use ../sscRuns/25319781982M6/sppTailMad68.pdf>
Package pdftex.def Info: ../sscRuns/25319781982M6/sppTailMad68.pdf used on inpu
t line 355.
(pdftex.def)             Requested size: 122.91406pt x 122.9125pt.

Overfull \hbox (35.4329pt too wide) in paragraph at lines 355--355
 |  [][][] 
 []

[16

 <../sscRuns/25319781982M4/sppTailMad68.pdf> <../sscRuns/25319781982M5/sppTailM
ad68.pdf> <../sscRuns/25319781982M6/sppTailMad68.pdf>]
<./postSSC/25319781982M4M5M6/margCWCD/margCWCD-0.68-Diagnostic.pdf, id=1675, 62
9.35126pt x 815.045pt>
File: ./postSSC/25319781982M4M5M6/margCWCD/margCWCD-0.68-Diagnostic.pdf Graphic
 file (type pdf)

<use ./postSSC/25319781982M4M5M6/margCWCD/margCWCD-0.68-Diagnostic.pdf>
Package pdftex.def Info: ./postSSC/25319781982M4M5M6/margCWCD/margCWCD-0.68-Dia
gnostic.pdf used on input line 367.
(pdftex.def)             Requested size: 191.01555pt x 247.37723pt.

Overfull \vbox (14.15053pt too high) detected at line 367
 []

[17

 <./postSSC/25319781982M4M5M6/margCWCD/margCWCD-0.68-Diagnostic.pdf>]
<./postSSC/25319781982M4M5M6/margDBRK/margDBRK-0.68-Diagnostic.pdf, id=1767, 62
9.35126pt x 815.045pt>
File: ./postSSC/25319781982M4M5M6/margDBRK/margDBRK-0.68-Diagnostic.pdf Graphic
 file (type pdf)

<use ./postSSC/25319781982M4M5M6/margDBRK/margDBRK-0.68-Diagnostic.pdf>
Package pdftex.def Info: ./postSSC/25319781982M4M5M6/margDBRK/margDBRK-0.68-Dia
gnostic.pdf used on input line 379.
(pdftex.def)             Requested size: 191.01555pt x 247.37723pt.

Overfull \vbox (14.15053pt too high) detected at line 379
 []

[18

 <./postSSC/25319781982M4M5M6/margDBRK/margDBRK-0.68-Diagnostic.pdf>]
[19

] <../sscRuns/26919781982M4/sppHeadMad68.pdf, id=1952, 361.35pt x 361.35pt>
File: ../sscRuns/26919781982M4/sppHeadMad68.pdf Graphic file (type pdf)

<use ../sscRuns/26919781982M4/sppHeadMad68.pdf>
Package pdftex.def Info: ../sscRuns/26919781982M4/sppHeadMad68.pdf used on inpu
t line 409.
(pdftex.def)             Requested size: 122.91406pt x 122.9125pt.

<../sscRuns/26919781982M5/sppHeadMad68.pdf, id=1953, 361.35pt x 361.35pt>
File: ../sscRuns/26919781982M5/sppHeadMad68.pdf Graphic file (type pdf)

<use ../sscRuns/26919781982M5/sppHeadMad68.pdf>
Package pdftex.def Info: ../sscRuns/26919781982M5/sppHeadMad68.pdf used on inpu
t line 409.
(pdftex.def)             Requested size: 122.91406pt x 122.9125pt.

<../sscRuns/26919781982M6/sppHeadMad68.pdf, id=1954, 361.35pt x 361.35pt>
File: ../sscRuns/26919781982M6/sppHeadMad68.pdf Graphic file (type pdf)

<use ../sscRuns/26919781982M6/sppHeadMad68.pdf>
Package pdftex.def Info: ../sscRuns/26919781982M6/sppHeadMad68.pdf used on inpu
t line 409.
(pdftex.def)             Requested size: 122.91406pt x 122.9125pt.

Overfull \hbox (35.4329pt too wide) in paragraph at lines 409--409
 |  [][][] 
 []

[20

 <../sscRuns/26919781982M4/sppHeadMad68.pdf> <../sscRuns/26919781982M5/sppHeadM
ad68.pdf> <../sscRuns/26919781982M6/sppHeadMad68.pdf>]
<./postSSC/26919781982M4M5M6/margCNRY/margCNRY-0.68-Diagnostic.pdf, id=2061, 62
9.35126pt x 815.045pt>
File: ./postSSC/26919781982M4M5M6/margCNRY/margCNRY-0.68-Diagnostic.pdf Graphic
 file (type pdf)

<use ./postSSC/26919781982M4M5M6/margCNRY/margCNRY-0.68-Diagnostic.pdf>
Package pdftex.def Info: ./postSSC/26919781982M4M5M6/margCNRY/margCNRY-0.68-Dia
gnostic.pdf used on input line 421.
(pdftex.def)             Requested size: 191.01555pt x 247.37723pt.

Overfull \vbox (14.15053pt too high) detected at line 421
 []

[21

 <./postSSC/26919781982M4M5M6/margCNRY/margCNRY-0.68-Diagnostic.pdf>]
<./postSSC/26919781982M4M5M6/margYTRK/margYTRK-0.68-Diagnostic.pdf, id=2153, 62
9.35126pt x 815.045pt>
File: ./postSSC/26919781982M4M5M6/margYTRK/margYTRK-0.68-Diagnostic.pdf Graphic
 file (type pdf)

<use ./postSSC/26919781982M4M5M6/margYTRK/margYTRK-0.68-Diagnostic.pdf>
Package pdftex.def Info: ./postSSC/26919781982M4M5M6/margYTRK/margYTRK-0.68-Dia
gnostic.pdf used on input line 433.
(pdftex.def)             Requested size: 191.01555pt x 247.37723pt.

Overfull \vbox (14.15053pt too high) detected at line 433
 []

[22

 <./postSSC/26919781982M4M5M6/margYTRK/margYTRK-0.68-Diagnostic.pdf>]
<../sscRuns/26919781982M4/sppTailMad68.pdf, id=2245, 361.35pt x 361.35pt>
File: ../sscRuns/26919781982M4/sppTailMad68.pdf Graphic file (type pdf)

<use ../sscRuns/26919781982M4/sppTailMad68.pdf>
Package pdftex.def Info: ../sscRuns/26919781982M4/sppTailMad68.pdf used on inpu
t line 446.
(pdftex.def)             Requested size: 122.91406pt x 122.9125pt.

<../sscRuns/26919781982M5/sppTailMad68.pdf, id=2246, 361.35pt x 361.35pt>
File: ../sscRuns/26919781982M5/sppTailMad68.pdf Graphic file (type pdf)

<use ../sscRuns/26919781982M5/sppTailMad68.pdf>
Package pdftex.def Info: ../sscRuns/26919781982M5/sppTailMad68.pdf used on inpu
t line 446.
(pdftex.def)             Requested size: 122.91406pt x 122.9125pt.

<../sscRuns/26919781982M6/sppTailMad68.pdf, id=2247, 361.35pt x 361.35pt>
File: ../sscRuns/26919781982M6/sppTailMad68.pdf Graphic file (type pdf)

<use ../sscRuns/26919781982M6/sppTailMad68.pdf>
Package pdftex.def Info: ../sscRuns/26919781982M6/sppTailMad68.pdf used on inpu
t line 446.
(pdftex.def)             Requested size: 122.91406pt x 122.9125pt.

Overfull \hbox (35.4329pt too wide) in paragraph at lines 446--446
 |  [][][] 
 []

[23

 <../sscRuns/26919781982M4/sppTailMad68.pdf> <../sscRuns/26919781982M5/sppTailM
ad68.pdf> <../sscRuns/26919781982M6/sppTailMad68.pdf>]
<./postSSC/26919781982M4M5M6/margBCAC/margBCAC-0.68-Diagnostic.pdf, id=2354, 62
9.35126pt x 815.045pt>
File: ./postSSC/26919781982M4M5M6/margBCAC/margBCAC-0.68-Diagnostic.pdf Graphic
 file (type pdf)

<use ./postSSC/26919781982M4M5M6/margBCAC/margBCAC-0.68-Diagnostic.pdf>
Package pdftex.def Info: ./postSSC/26919781982M4M5M6/margBCAC/margBCAC-0.68-Dia
gnostic.pdf used on input line 458.
(pdftex.def)             Requested size: 191.01555pt x 247.37723pt.

Overfull \vbox (14.15053pt too high) detected at line 458
 []

[24

 <./postSSC/26919781982M4M5M6/margBCAC/margBCAC-0.68-Diagnostic.pdf>]
<./postSSC/26919781982M4M5M6/margWDOW/margWDOW-0.68-Diagnostic.pdf, id=2446, 62
9.35126pt x 815.045pt>
File: ./postSSC/26919781982M4M5M6/margWDOW/margWDOW-0.68-Diagnostic.pdf Graphic
 file (type pdf)

<use ./postSSC/26919781982M4M5M6/margWDOW/margWDOW-0.68-Diagnostic.pdf>
Package pdftex.def Info: ./postSSC/26919781982M4M5M6/margWDOW/margWDOW-0.68-Dia
gnostic.pdf used on input line 470.
(pdftex.def)             Requested size: 191.01555pt x 247.37723pt.

Overfull \vbox (14.15053pt too high) detected at line 470
 []

[25

 <./postSSC/26919781982M4M5M6/margWDOW/margWDOW-0.68-Diagnostic.pdf>]
<pictures/priorPredict.pdf, id=2538, 361.35pt x 361.35pt>
File: pictures/priorPredict.pdf Graphic file (type pdf)

<use pictures/priorPredict.pdf>
Package pdftex.def Info: pictures/priorPredict.pdf used on input line 496.
(pdftex.def)             Requested size: 172.07893pt x 172.07861pt.

Overfull \hbox (49.16487pt too wide) in paragraph at lines 496--496
[][] 
 []

[26

 <./pictures/priorPredict.pdf>] [27

]
<../sscRuns/25019781982M4HC1/sppHeadMad68.pdf, id=2722, 361.35pt x 361.35pt>
File: ../sscRuns/25019781982M4HC1/sppHeadMad68.pdf Graphic file (type pdf)

<use ../sscRuns/25019781982M4HC1/sppHeadMad68.pdf>
Package pdftex.def Info: ../sscRuns/25019781982M4HC1/sppHeadMad68.pdf used on i
nput line 527.
(pdftex.def)             Requested size: 122.91406pt x 122.9125pt.

<../sscRuns/25019781982M4HC3/sppHeadMad68.pdf, id=2723, 361.35pt x 361.35pt>
File: ../sscRuns/25019781982M4HC3/sppHeadMad68.pdf Graphic file (type pdf)

<use ../sscRuns/25019781982M4HC3/sppHeadMad68.pdf>
Package pdftex.def Info: ../sscRuns/25019781982M4HC3/sppHeadMad68.pdf used on i
nput line 527.
(pdftex.def)             Requested size: 122.91406pt x 122.9125pt.

<../sscRuns/25019781982M4U4/sppHeadMad68.pdf, id=2724, 361.35pt x 361.35pt>
File: ../sscRuns/25019781982M4U4/sppHeadMad68.pdf Graphic file (type pdf)

<use ../sscRuns/25019781982M4U4/sppHeadMad68.pdf>
Package pdftex.def Info: ../sscRuns/25019781982M4U4/sppHeadMad68.pdf used on in
put line 527.
(pdftex.def)             Requested size: 122.91406pt x 122.9125pt.

Overfull \hbox (35.4329pt too wide) in paragraph at lines 527--527
 |  [][][] 
 []

[28

 <../sscRuns/25019781982M4HC1/sppHeadMad68.pdf> <../sscRuns/25019781982M4HC3/sp
pHeadMad68.pdf> <../sscRuns/25019781982M4U4/sppHeadMad68.pdf>]
<./postSSC/25019781982M4HC1HC3U4/margBCAC/margBCAC-0.68-Diagnostic.pdf, id=2831
, 629.35126pt x 815.045pt>
File: ./postSSC/25019781982M4HC1HC3U4/margBCAC/margBCAC-0.68-Diagnostic.pdf Gra
phic file (type pdf)

<use ./postSSC/25019781982M4HC1HC3U4/margBCAC/margBCAC-0.68-Diagnostic.pdf>
Package pdftex.def Info: ./postSSC/25019781982M4HC1HC3U4/margBCAC/margBCAC-0.68
-Diagnostic.pdf used on input line 539.
(pdftex.def)             Requested size: 191.01555pt x 247.37723pt.

Overfull \vbox (14.15053pt too high) detected at line 539
 []

[29

 <./postSSC/25019781982M4HC1HC3U4/margBCAC/margBCAC-0.68-Diagnostic.pdf>]
<./postSSC/25019781982M4HC1HC3U4/margWDOW/margWDOW-0.68-Diagnostic.pdf, id=2923
, 629.35126pt x 815.045pt>
File: ./postSSC/25019781982M4HC1HC3U4/margWDOW/margWDOW-0.68-Diagnostic.pdf Gra
phic file (type pdf)

<use ./postSSC/25019781982M4HC1HC3U4/margWDOW/margWDOW-0.68-Diagnostic.pdf>
Package pdftex.def Info: ./postSSC/25019781982M4HC1HC3U4/margWDOW/margWDOW-0.68
-Diagnostic.pdf used on input line 551.
(pdftex.def)             Requested size: 191.01555pt x 247.37723pt.

Overfull \vbox (14.15053pt too high) detected at line 551
 []

[30

 <./postSSC/25019781982M4HC1HC3U4/margWDOW/margWDOW-0.68-Diagnostic.pdf>]
<../sscRuns/25019781982M4HC1/sppTailMad68.pdf, id=3015, 361.35pt x 361.35pt>
File: ../sscRuns/25019781982M4HC1/sppTailMad68.pdf Graphic file (type pdf)

<use ../sscRuns/25019781982M4HC1/sppTailMad68.pdf>
Package pdftex.def Info: ../sscRuns/25019781982M4HC1/sppTailMad68.pdf used on i
nput line 564.
(pdftex.def)             Requested size: 122.91406pt x 122.9125pt.

<../sscRuns/25019781982M4HC3/sppTailMad68.pdf, id=3016, 361.35pt x 361.35pt>
File: ../sscRuns/25019781982M4HC3/sppTailMad68.pdf Graphic file (type pdf)

<use ../sscRuns/25019781982M4HC3/sppTailMad68.pdf>
Package pdftex.def Info: ../sscRuns/25019781982M4HC3/sppTailMad68.pdf used on i
nput line 564.
(pdftex.def)             Requested size: 122.91406pt x 122.9125pt.

<../sscRuns/25019781982M4U4/sppTailMad68.pdf, id=3017, 361.35pt x 361.35pt>
File: ../sscRuns/25019781982M4U4/sppTailMad68.pdf Graphic file (type pdf)

<use ../sscRuns/25019781982M4U4/sppTailMad68.pdf>
Package pdftex.def Info: ../sscRuns/25019781982M4U4/sppTailMad68.pdf used on in
put line 564.
(pdftex.def)             Requested size: 122.91406pt x 122.9125pt.

Overfull \hbox (35.4329pt too wide) in paragraph at lines 564--564
 |  [][][] 
 []

[31

 <../sscRuns/25019781982M4HC1/sppTailMad68.pdf> <../sscRuns/25019781982M4HC3/sp
pTailMad68.pdf> <../sscRuns/25019781982M4U4/sppTailMad68.pdf>]
<./postSSC/25019781982M4HC1HC3U4/margCWCD/margCWCD-0.68-Diagnostic.pdf, id=3125
, 629.35126pt x 815.045pt>
File: ./postSSC/25019781982M4HC1HC3U4/margCWCD/margCWCD-0.68-Diagnostic.pdf Gra
phic file (type pdf)

<use ./postSSC/25019781982M4HC1HC3U4/margCWCD/margCWCD-0.68-Diagnostic.pdf>
Package pdftex.def Info: ./postSSC/25019781982M4HC1HC3U4/margCWCD/margCWCD-0.68
-Diagnostic.pdf used on input line 576.
(pdftex.def)             Requested size: 191.01555pt x 247.37723pt.

Overfull \vbox (14.15053pt too high) detected at line 576
 []

[32

 <./postSSC/25019781982M4HC1HC3U4/margCWCD/margCWCD-0.68-Diagnostic.pdf>]
<./postSSC/25019781982M4HC1HC3U4/margMXRF/margMXRF-0.68-Diagnostic.pdf, id=3217
, 629.35126pt x 815.045pt>
File: ./postSSC/25019781982M4HC1HC3U4/margMXRF/margMXRF-0.68-Diagnostic.pdf Gra
phic file (type pdf)

<use ./postSSC/25019781982M4HC1HC3U4/margMXRF/margMXRF-0.68-Diagnostic.pdf>
Package pdftex.def Info: ./postSSC/25019781982M4HC1HC3U4/margMXRF/margMXRF-0.68
-Diagnostic.pdf used on input line 588.
(pdftex.def)             Requested size: 191.01555pt x 247.37723pt.

Overfull \vbox (14.15053pt too high) detected at line 588
 []

[33

 <./postSSC/25019781982M4HC1HC3U4/margMXRF/margMXRF-0.68-Diagnostic.pdf>]
[34

]
<../sscRuns/25319781982M4HC1/sppHeadMad68.pdf, id=3399, 361.35pt x 361.35pt>
File: ../sscRuns/25319781982M4HC1/sppHeadMad68.pdf Graphic file (type pdf)

<use ../sscRuns/25319781982M4HC1/sppHeadMad68.pdf>
Package pdftex.def Info: ../sscRuns/25319781982M4HC1/sppHeadMad68.pdf used on i
nput line 619.
(pdftex.def)             Requested size: 122.91406pt x 122.9125pt.

<../sscRuns/25319781982M4HC3/sppHeadMad68.pdf, id=3400, 361.35pt x 361.35pt>
File: ../sscRuns/25319781982M4HC3/sppHeadMad68.pdf Graphic file (type pdf)

<use ../sscRuns/25319781982M4HC3/sppHeadMad68.pdf>
Package pdftex.def Info: ../sscRuns/25319781982M4HC3/sppHeadMad68.pdf used on i
nput line 619.
(pdftex.def)             Requested size: 122.91406pt x 122.9125pt.

<../sscRuns/25319781982M4U4/sppHeadMad68.pdf, id=3401, 361.35pt x 361.35pt>
File: ../sscRuns/25319781982M4U4/sppHeadMad68.pdf Graphic file (type pdf)

<use ../sscRuns/25319781982M4U4/sppHeadMad68.pdf>
Package pdftex.def Info: ../sscRuns/25319781982M4U4/sppHeadMad68.pdf used on in
put line 619.
(pdftex.def)             Requested size: 122.91406pt x 122.9125pt.

Overfull \hbox (35.4329pt too wide) in paragraph at lines 619--619
 |  [][][] 
 []

[35

 <../sscRuns/25319781982M4HC1/sppHeadMad68.pdf> <../sscRuns/25319781982M4HC3/sp
pHeadMad68.pdf> <../sscRuns/25319781982M4U4/sppHeadMad68.pdf>]
<./postSSC/25319781982M4HC1HC3U4/margBCAC/margBCAC-0.68-Diagnostic.pdf, id=3508
, 629.35126pt x 815.045pt>
File: ./postSSC/25319781982M4HC1HC3U4/margBCAC/margBCAC-0.68-Diagnostic.pdf Gra
phic file (type pdf)

<use ./postSSC/25319781982M4HC1HC3U4/margBCAC/margBCAC-0.68-Diagnostic.pdf>
Package pdftex.def Info: ./postSSC/25319781982M4HC1HC3U4/margBCAC/margBCAC-0.68
-Diagnostic.pdf used on input line 631.
(pdftex.def)             Requested size: 191.01555pt x 247.37723pt.

Overfull \vbox (14.15053pt too high) detected at line 631
 []

[36

 <./postSSC/25319781982M4HC1HC3U4/margBCAC/margBCAC-0.68-Diagnostic.pdf>]
<./postSSC/25319781982M4HC1HC3U4/margCLPR/margCLPR-0.68-Diagnostic.pdf, id=3600
, 629.35126pt x 815.045pt>
File: ./postSSC/25319781982M4HC1HC3U4/margCLPR/margCLPR-0.68-Diagnostic.pdf Gra
phic file (type pdf)

<use ./postSSC/25319781982M4HC1HC3U4/margCLPR/margCLPR-0.68-Diagnostic.pdf>
Package pdftex.def Info: ./postSSC/25319781982M4HC1HC3U4/margCLPR/margCLPR-0.68
-Diagnostic.pdf used on input line 643.
(pdftex.def)             Requested size: 191.01555pt x 247.37723pt.

Overfull \vbox (14.15053pt too high) detected at line 643
 []

[37

 <./postSSC/25319781982M4HC1HC3U4/margCLPR/margCLPR-0.68-Diagnostic.pdf>]
<../sscRuns/25319781982M4HC1/sppTailMad68.pdf, id=3692, 361.35pt x 361.35pt>
File: ../sscRuns/25319781982M4HC1/sppTailMad68.pdf Graphic file (type pdf)

<use ../sscRuns/25319781982M4HC1/sppTailMad68.pdf>
Package pdftex.def Info: ../sscRuns/25319781982M4HC1/sppTailMad68.pdf used on i
nput line 656.
(pdftex.def)             Requested size: 122.91406pt x 122.9125pt.

<../sscRuns/25319781982M4HC3/sppTailMad68.pdf, id=3693, 361.35pt x 361.35pt>
File: ../sscRuns/25319781982M4HC3/sppTailMad68.pdf Graphic file (type pdf)

<use ../sscRuns/25319781982M4HC3/sppTailMad68.pdf>
Package pdftex.def Info: ../sscRuns/25319781982M4HC3/sppTailMad68.pdf used on i
nput line 656.
(pdftex.def)             Requested size: 122.91406pt x 122.9125pt.

<../sscRuns/25319781982M4U4/sppTailMad68.pdf, id=3694, 361.35pt x 361.35pt>
File: ../sscRuns/25319781982M4U4/sppTailMad68.pdf Graphic file (type pdf)

<use ../sscRuns/25319781982M4U4/sppTailMad68.pdf>
Package pdftex.def Info: ../sscRuns/25319781982M4U4/sppTailMad68.pdf used on in
put line 656.
(pdftex.def)             Requested size: 122.91406pt x 122.9125pt.

Overfull \hbox (35.4329pt too wide) in paragraph at lines 656--656
 |  [][][] 
 []

[38

 <../sscRuns/25319781982M4HC1/sppTailMad68.pdf> <../sscRuns/25319781982M4HC3/sp
pTailMad68.pdf> <../sscRuns/25319781982M4U4/sppTailMad68.pdf>]
<./postSSC/25319781982M4HC1HC3U4/margCWCD/margCWCD-0.68-Diagnostic.pdf, id=3802
, 629.35126pt x 815.045pt>
File: ./postSSC/25319781982M4HC1HC3U4/margCWCD/margCWCD-0.68-Diagnostic.pdf Gra
phic file (type pdf)

<use ./postSSC/25319781982M4HC1HC3U4/margCWCD/margCWCD-0.68-Diagnostic.pdf>
Package pdftex.def Info: ./postSSC/25319781982M4HC1HC3U4/margCWCD/margCWCD-0.68
-Diagnostic.pdf used on input line 668.
(pdftex.def)             Requested size: 191.01555pt x 247.37723pt.

Overfull \vbox (14.15053pt too high) detected at line 668
 []

[39

 <./postSSC/25319781982M4HC1HC3U4/margCWCD/margCWCD-0.68-Diagnostic.pdf>]
<./postSSC/25319781982M4HC1HC3U4/margDBRK/margDBRK-0.68-Diagnostic.pdf, id=3893
, 629.35126pt x 815.045pt>
File: ./postSSC/25319781982M4HC1HC3U4/margDBRK/margDBRK-0.68-Diagnostic.pdf Gra
phic file (type pdf)

<use ./postSSC/25319781982M4HC1HC3U4/margDBRK/margDBRK-0.68-Diagnostic.pdf>
Package pdftex.def Info: ./postSSC/25319781982M4HC1HC3U4/margDBRK/margDBRK-0.68
-Diagnostic.pdf used on input line 680.
(pdftex.def)             Requested size: 191.01555pt x 247.37723pt.

Overfull \vbox (14.15053pt too high) detected at line 680
 []

[40

 <./postSSC/25319781982M4HC1HC3U4/margDBRK/margDBRK-0.68-Diagnostic.pdf>]
[41

]
<../sscRuns/26919781982M4HC1/sppHeadMad68.pdf, id=4075, 361.35pt x 361.35pt>
File: ../sscRuns/26919781982M4HC1/sppHeadMad68.pdf Graphic file (type pdf)

<use ../sscRuns/26919781982M4HC1/sppHeadMad68.pdf>
Package pdftex.def Info: ../sscRuns/26919781982M4HC1/sppHeadMad68.pdf used on i
nput line 711.
(pdftex.def)             Requested size: 122.91406pt x 122.9125pt.

<../sscRuns/26919781982M4HC3/sppHeadMad68.pdf, id=4076, 361.35pt x 361.35pt>
File: ../sscRuns/26919781982M4HC3/sppHeadMad68.pdf Graphic file (type pdf)

<use ../sscRuns/26919781982M4HC3/sppHeadMad68.pdf>
Package pdftex.def Info: ../sscRuns/26919781982M4HC3/sppHeadMad68.pdf used on i
nput line 711.
(pdftex.def)             Requested size: 122.91406pt x 122.9125pt.

<../sscRuns/26919781982M4U4/sppHeadMad68.pdf, id=4077, 361.35pt x 361.35pt>
File: ../sscRuns/26919781982M4U4/sppHeadMad68.pdf Graphic file (type pdf)

<use ../sscRuns/26919781982M4U4/sppHeadMad68.pdf>
Package pdftex.def Info: ../sscRuns/26919781982M4U4/sppHeadMad68.pdf used on in
put line 711.
(pdftex.def)             Requested size: 122.91406pt x 122.9125pt.

Overfull \hbox (35.4329pt too wide) in paragraph at lines 711--711
 |  [][][] 
 []

[42

 <../sscRuns/26919781982M4HC1/sppHeadMad68.pdf> <../sscRuns/26919781982M4HC3/sp
pHeadMad68.pdf> <../sscRuns/26919781982M4U4/sppHeadMad68.pdf>]
<./postSSC/26919781982M4HC1HC3U4/margCLPR/margCLPR-0.68-Diagnostic.pdf, id=4184
, 629.35126pt x 815.045pt>
File: ./postSSC/26919781982M4HC1HC3U4/margCLPR/margCLPR-0.68-Diagnostic.pdf Gra
phic file (type pdf)

<use ./postSSC/26919781982M4HC1HC3U4/margCLPR/margCLPR-0.68-Diagnostic.pdf>
Package pdftex.def Info: ./postSSC/26919781982M4HC1HC3U4/margCLPR/margCLPR-0.68
-Diagnostic.pdf used on input line 723.
(pdftex.def)             Requested size: 191.01555pt x 247.37723pt.

Overfull \vbox (14.15053pt too high) detected at line 723
 []

[43

 <./postSSC/26919781982M4HC1HC3U4/margCLPR/margCLPR-0.68-Diagnostic.pdf>]
<./postSSC/26919781982M4HC1HC3U4/margYTRK/margYTRK-0.68-Diagnostic.pdf, id=4277
, 629.35126pt x 815.045pt>
File: ./postSSC/26919781982M4HC1HC3U4/margYTRK/margYTRK-0.68-Diagnostic.pdf Gra
phic file (type pdf)

<use ./postSSC/26919781982M4HC1HC3U4/margYTRK/margYTRK-0.68-Diagnostic.pdf>
Package pdftex.def Info: ./postSSC/26919781982M4HC1HC3U4/margYTRK/margYTRK-0.68
-Diagnostic.pdf used on input line 735.
(pdftex.def)             Requested size: 191.01555pt x 247.37723pt.

Overfull \vbox (14.15053pt too high) detected at line 735
 []

[44

 <./postSSC/26919781982M4HC1HC3U4/margYTRK/margYTRK-0.68-Diagnostic.pdf>]
<../sscRuns/26919781982M4HC1/sppTailMad68.pdf, id=4369, 361.35pt x 361.35pt>
File: ../sscRuns/26919781982M4HC1/sppTailMad68.pdf Graphic file (type pdf)

<use ../sscRuns/26919781982M4HC1/sppTailMad68.pdf>
Package pdftex.def Info: ../sscRuns/26919781982M4HC1/sppTailMad68.pdf used on i
nput line 748.
(pdftex.def)             Requested size: 122.91406pt x 122.9125pt.

<../sscRuns/26919781982M4HC3/sppTailMad68.pdf, id=4370, 361.35pt x 361.35pt>
File: ../sscRuns/26919781982M4HC3/sppTailMad68.pdf Graphic file (type pdf)

<use ../sscRuns/26919781982M4HC3/sppTailMad68.pdf>
Package pdftex.def Info: ../sscRuns/26919781982M4HC3/sppTailMad68.pdf used on i
nput line 748.
(pdftex.def)             Requested size: 122.91406pt x 122.9125pt.

<../sscRuns/26919781982M4U4/sppTailMad68.pdf, id=4371, 361.35pt x 361.35pt>
File: ../sscRuns/26919781982M4U4/sppTailMad68.pdf Graphic file (type pdf)

<use ../sscRuns/26919781982M4U4/sppTailMad68.pdf>
Package pdftex.def Info: ../sscRuns/26919781982M4U4/sppTailMad68.pdf used on in
put line 748.
(pdftex.def)             Requested size: 122.91406pt x 122.9125pt.

Overfull \hbox (35.4329pt too wide) in paragraph at lines 748--748
 |  [][][] 
 []

[45

 <../sscRuns/26919781982M4HC1/sppTailMad68.pdf> <../sscRuns/26919781982M4HC3/sp
pTailMad68.pdf> <../sscRuns/26919781982M4U4/sppTailMad68.pdf>]
<./postSSC/26919781982M4HC1HC3U4/margBCAC/margBCAC-0.68-Diagnostic.pdf, id=4478
, 629.35126pt x 815.045pt>
File: ./postSSC/26919781982M4HC1HC3U4/margBCAC/margBCAC-0.68-Diagnostic.pdf Gra
phic file (type pdf)

<use ./postSSC/26919781982M4HC1HC3U4/margBCAC/margBCAC-0.68-Diagnostic.pdf>
Package pdftex.def Info: ./postSSC/26919781982M4HC1HC3U4/margBCAC/margBCAC-0.68
-Diagnostic.pdf used on input line 760.
(pdftex.def)             Requested size: 191.01555pt x 247.37723pt.

Overfull \vbox (14.15053pt too high) detected at line 760
 []

[46

 <./postSSC/26919781982M4HC1HC3U4/margBCAC/margBCAC-0.68-Diagnostic.pdf>]
<./postSSC/26919781982M4HC1HC3U4/margWDOW/margWDOW-0.68-Diagnostic.pdf, id=4570
, 629.35126pt x 815.045pt>
File: ./postSSC/26919781982M4HC1HC3U4/margWDOW/margWDOW-0.68-Diagnostic.pdf Gra
phic file (type pdf)

<use ./postSSC/26919781982M4HC1HC3U4/margWDOW/margWDOW-0.68-Diagnostic.pdf>
Package pdftex.def Info: ./postSSC/26919781982M4HC1HC3U4/margWDOW/margWDOW-0.68
-Diagnostic.pdf used on input line 772.
(pdftex.def)             Requested size: 191.01555pt x 247.37723pt.

Overfull \vbox (14.15053pt too high) detected at line 772
 []

[47

 <./postSSC/26919781982M4HC1HC3U4/margWDOW/margWDOW-0.68-Diagnostic.pdf>]
[48

] [49

]
Overfull \hbox (26.96736pt too wide) detected at line 818
| [] [] [][] [] [] [] \OT1/cmss/m/n/10.95 = [] [][] [][] = [] = [] = 1\OML/cmm/
m/it/10.95 : [] [] []\U/msa/m/n/10.95 ^^D
 []

[50

] [51

]
Overfull \hbox (7.52176pt too wide) in paragraph at lines 866--866
[]  
 []


Overfull \vbox (9.44586pt too high) detected at line 866
 []

[52

]
\tf@nav=\write6
\openout6 = `comXWebinar.nav'.

\tf@toc=\write7
\openout7 = `comXWebinar.toc'.

\tf@snm=\write8
\openout8 = `comXWebinar.snm'.

Package atveryend Info: Empty hook `BeforeClearDocument' on input line 869.
Package atveryend Info: Empty hook `AfterLastShipout' on input line 869.
 (./comXWebinar.aux)
Package atveryend Info: Executing hook `AtVeryEndDocument' on input line 869.
Package atveryend Info: Executing hook `AtEndAfterFileList' on input line 869.
Package rerunfilecheck Info: File `comXWebinar.out' has not changed.
(rerunfilecheck)             Checksum: 42F7E8C28427D97025F405DDC472A42D;276.


LaTeX Font Warning: Size substitutions with differences
(Font)              up to 1.0pt have occurred.

Package atveryend Info: Empty hook `AtVeryVeryEnd' on input line 869.
 ) 
Here is how much of TeX's memory you used:
 23548 strings out of 493029
 499131 string characters out of 6136234
 648585 words of memory out of 5000000
 26339 multiletter control sequences out of 15000+600000
 26340 words of font info for 82 fonts, out of 8000000 for 9000
 1141 hyphenation exceptions out of 8191
 56i,19n,80p,954b,760s stack positions out of 5000i,500n,10000p,200000b,80000s
{/usr/share/texmf/fonts/enc/dvips/cm-super/cm-super-t1.enc}</usr/share/texliv
e/texmf-dist/fonts/type1/public/amsfonts/cm/cmex10.pfb></usr/share/texlive/texm
f-dist/fonts/type1/public/amsfonts/cmextra/cmex8.pfb></usr/share/texlive/texmf-
dist/fonts/type1/public/amsfonts/cm/cmmi10.pfb></usr/share/texlive/texmf-dist/f
onts/type1/public/amsfonts/cm/cmmi8.pfb></usr/share/texlive/texmf-dist/fonts/ty
pe1/public/amsfonts/cm/cmmib10.pfb></usr/share/texlive/texmf-dist/fonts/type1/p
ublic/amsfonts/cm/cmss10.pfb></usr/share/texlive/texmf-dist/fonts/type1/public/
amsfonts/cm/cmss12.pfb></usr/share/texlive/texmf-dist/fonts/type1/public/amsfon
ts/cm/cmss8.pfb></usr/share/texlive/texmf-dist/fonts/type1/public/amsfonts/cm/c
mssbx10.pfb></usr/share/texlive/texmf-dist/fonts/type1/public/amsfonts/cm/cmssi
10.pfb></usr/share/texlive/texmf-dist/fonts/type1/public/amsfonts/cm/cmssi8.pfb
></usr/share/texlive/texmf-dist/fonts/type1/public/amsfonts/cm/cmsy10.pfb></usr
/share/texlive/texmf-dist/fonts/type1/public/amsfonts/cm/cmsy8.pfb></usr/share/
texlive/texmf-dist/fonts/type1/public/amsfonts/symbols/msam10.pfb></usr/share/t
exlive/texmf-dist/fonts/type1/public/amsfonts/symbols/msbm10.pfb></usr/share/te
xmf/fonts/type1/public/cm-super/sfso1000.pfb>
Output written on comXWebinar.pdf (52 pages, 2075770 bytes).
PDF statistics:
 5181 PDF objects out of 6186 (max. 8388607)
 4851 compressed objects within 49 object streams
 126 named destinations out of 1000 (max. 500000)
 396 words of extra memory for PDF output out of 10000 (max. 10000000)

