This is pdfTeX, Version 3.14159265-2.6-1.40.16 (TeX Live 2015/Debian) (preloaded format=pdflatex 2018.4.19)  5 JUL 2018 22:24
entering extended mode
 restricted \write18 enabled.
 %&-line parsing enabled.
**comXResponses.tex
(./comXResponses.tex
LaTeX2e <2016/02/01>
Babel <3.9q> and hyphenation patterns for 81 language(s) loaded.
(/usr/share/texlive/texmf-dist/tex/latex/base/article.cls
Document Class: article 2014/09/29 v1.4h Standard LaTeX document class
(/usr/share/texlive/texmf-dist/tex/latex/base/size12.clo
File: size12.clo 2014/09/29 v1.4h Standard LaTeX file (size option)
)
\c@part=\count79
\c@section=\count80
\c@subsection=\count81
\c@subsubsection=\count82
\c@paragraph=\count83
\c@subparagraph=\count84
\c@figure=\count85
\c@table=\count86
\abovecaptionskip=\skip41
\belowcaptionskip=\skip42
\bibindent=\dimen102
)
(/usr/share/texlive/texmf-dist/tex/latex/graphics/graphicx.sty
Package: graphicx 2014/10/28 v1.0g Enhanced LaTeX Graphics (DPC,SPQR)

(/usr/share/texlive/texmf-dist/tex/latex/graphics/keyval.sty
Package: keyval 2014/10/28 v1.15 key=value parser (DPC)
\KV@toks@=\toks14
)
(/usr/share/texlive/texmf-dist/tex/latex/graphics/graphics.sty
Package: graphics 2016/01/03 v1.0q Standard LaTeX Graphics (DPC,SPQR)

(/usr/share/texlive/texmf-dist/tex/latex/graphics/trig.sty
Package: trig 2016/01/03 v1.10 sin cos tan (DPC)
)
(/usr/share/texlive/texmf-dist/tex/latex/latexconfig/graphics.cfg
File: graphics.cfg 2010/04/23 v1.9 graphics configuration of TeX Live
)
Package graphics Info: Driver file: pdftex.def on input line 95.

(/usr/share/texlive/texmf-dist/tex/latex/pdftex-def/pdftex.def
File: pdftex.def 2011/05/27 v0.06d Graphics/color for pdfTeX

(/usr/share/texlive/texmf-dist/tex/generic/oberdiek/infwarerr.sty
Package: infwarerr 2010/04/08 v1.3 Providing info/warning/error messages (HO)
)
(/usr/share/texlive/texmf-dist/tex/generic/oberdiek/ltxcmds.sty
Package: ltxcmds 2011/11/09 v1.22 LaTeX kernel commands for general use (HO)
)
\Gread@gobject=\count87
))
\Gin@req@height=\dimen103
\Gin@req@width=\dimen104
)
(/usr/share/texlive/texmf-dist/tex/latex/geometry/geometry.sty
Package: geometry 2010/09/12 v5.6 Page Geometry

(/usr/share/texlive/texmf-dist/tex/generic/oberdiek/ifpdf.sty
Package: ifpdf 2011/01/30 v2.3 Provides the ifpdf switch (HO)
Package ifpdf Info: pdfTeX in PDF mode is detected.
)
(/usr/share/texlive/texmf-dist/tex/generic/oberdiek/ifvtex.sty
Package: ifvtex 2010/03/01 v1.5 Detect VTeX and its facilities (HO)
Package ifvtex Info: VTeX not detected.
)
(/usr/share/texlive/texmf-dist/tex/generic/ifxetex/ifxetex.sty
Package: ifxetex 2010/09/12 v0.6 Provides ifxetex conditional
)
\Gm@cnth=\count88
\Gm@cntv=\count89
\c@Gm@tempcnt=\count90
\Gm@bindingoffset=\dimen105
\Gm@wd@mp=\dimen106
\Gm@odd@mp=\dimen107
\Gm@even@mp=\dimen108
\Gm@layoutwidth=\dimen109
\Gm@layoutheight=\dimen110
\Gm@layouthoffset=\dimen111
\Gm@layoutvoffset=\dimen112
\Gm@dimlist=\toks15
)
(/usr/share/texlive/texmf-dist/tex/latex/amsmath/amsmath.sty
Package: amsmath 2016/03/03 v2.15a AMS math features
\@mathmargin=\skip43

For additional information on amsmath, use the `?' option.
(/usr/share/texlive/texmf-dist/tex/latex/amsmath/amstext.sty
Package: amstext 2000/06/29 v2.01 AMS text

(/usr/share/texlive/texmf-dist/tex/latex/amsmath/amsgen.sty
File: amsgen.sty 1999/11/30 v2.0 generic functions
\@emptytoks=\toks16
\ex@=\dimen113
))
(/usr/share/texlive/texmf-dist/tex/latex/amsmath/amsbsy.sty
Package: amsbsy 1999/11/29 v1.2d Bold Symbols
\pmbraise@=\dimen114
)
(/usr/share/texlive/texmf-dist/tex/latex/amsmath/amsopn.sty
Package: amsopn 1999/12/14 v2.01 operator names
)
\inf@bad=\count91
LaTeX Info: Redefining \frac on input line 199.
\uproot@=\count92
\leftroot@=\count93
LaTeX Info: Redefining \overline on input line 297.
\classnum@=\count94
\DOTSCASE@=\count95
LaTeX Info: Redefining \ldots on input line 394.
LaTeX Info: Redefining \dots on input line 397.
LaTeX Info: Redefining \cdots on input line 518.
\Mathstrutbox@=\box26
\strutbox@=\box27
\big@size=\dimen115
LaTeX Font Info:    Redeclaring font encoding OML on input line 630.
LaTeX Font Info:    Redeclaring font encoding OMS on input line 631.
\macc@depth=\count96
\c@MaxMatrixCols=\count97
\dotsspace@=\muskip10
\c@parentequation=\count98
\dspbrk@lvl=\count99
\tag@help=\toks17
\row@=\count100
\column@=\count101
\maxfields@=\count102
\andhelp@=\toks18
\eqnshift@=\dimen116
\alignsep@=\dimen117
\tagshift@=\dimen118
\tagwidth@=\dimen119
\totwidth@=\dimen120
\lineht@=\dimen121
\@envbody=\toks19
\multlinegap=\skip44
\multlinetaggap=\skip45
\mathdisplay@stack=\toks20
LaTeX Info: Redefining \[ on input line 2735.
LaTeX Info: Redefining \] on input line 2736.
)
(/usr/share/texlive/texmf-dist/tex/latex/amsfonts/amssymb.sty
Package: amssymb 2013/01/14 v3.01 AMS font symbols

(/usr/share/texlive/texmf-dist/tex/latex/amsfonts/amsfonts.sty
Package: amsfonts 2013/01/14 v3.01 Basic AMSFonts support
\symAMSa=\mathgroup4
\symAMSb=\mathgroup5
LaTeX Font Info:    Overwriting math alphabet `\mathfrak' in version `bold'
(Font)                  U/euf/m/n --> U/euf/b/n on input line 106.
))
(/usr/share/texlive/texmf-dist/tex/latex/base/fontenc.sty
Package: fontenc 2005/09/27 v1.99g Standard LaTeX package

(/usr/share/texlive/texmf-dist/tex/latex/base/t1enc.def
File: t1enc.def 2005/09/27 v1.99g Standard LaTeX file
LaTeX Font Info:    Redeclaring font encoding T1 on input line 48.
))
(/usr/share/texlive/texmf-dist/tex/latex/listings/listings.sty
\lst@mode=\count103
\lst@gtempboxa=\box28
\lst@token=\toks21
\lst@length=\count104
\lst@currlwidth=\dimen122
\lst@column=\count105
\lst@pos=\count106
\lst@lostspace=\dimen123
\lst@width=\dimen124
\lst@newlines=\count107
\lst@lineno=\count108
\lst@maxwidth=\dimen125

(/usr/share/texlive/texmf-dist/tex/latex/listings/lstmisc.sty
File: lstmisc.sty 2015/06/04 1.6 (Carsten Heinz)
\c@lstnumber=\count109
\lst@skipnumbers=\count110
\lst@framebox=\box29
)
(/usr/share/texlive/texmf-dist/tex/latex/listings/listings.cfg
File: listings.cfg 2015/06/04 1.6 listings configuration
))
Package: listings 2015/06/04 1.6 (Carsten Heinz)

(/usr/share/texlive/texmf-dist/tex/latex/tools/bm.sty
Package: bm 2014/10/28 v1.1c Bold Symbol Support (DPC/FMi)
\symboldoperators=\mathgroup6
\symboldletters=\mathgroup7
\symboldsymbols=\mathgroup8
LaTeX Font Info:    Redeclaring math alphabet \mathbf on input line 141.
LaTeX Info: Redefining \bm on input line 207.
)
(/usr/share/texlive/texmf-dist/tex/latex/hyperref/hyperref.sty
Package: hyperref 2012/11/06 v6.83m Hypertext links for LaTeX

(/usr/share/texlive/texmf-dist/tex/generic/oberdiek/hobsub-hyperref.sty
Package: hobsub-hyperref 2012/05/28 v1.13 Bundle oberdiek, subset hyperref (HO)


(/usr/share/texlive/texmf-dist/tex/generic/oberdiek/hobsub-generic.sty
Package: hobsub-generic 2012/05/28 v1.13 Bundle oberdiek, subset generic (HO)
Package: hobsub 2012/05/28 v1.13 Construct package bundles (HO)
Package hobsub Info: Skipping package `infwarerr' (already loaded).
Package hobsub Info: Skipping package `ltxcmds' (already loaded).
Package: ifluatex 2010/03/01 v1.3 Provides the ifluatex switch (HO)
Package ifluatex Info: LuaTeX not detected.
Package hobsub Info: Skipping package `ifvtex' (already loaded).
Package: intcalc 2007/09/27 v1.1 Expandable calculations with integers (HO)
Package hobsub Info: Skipping package `ifpdf' (already loaded).
Package: etexcmds 2011/02/16 v1.5 Avoid name clashes with e-TeX commands (HO)
Package etexcmds Info: Could not find \expanded.
(etexcmds)             That can mean that you are not using pdfTeX 1.50 or
(etexcmds)             that some package has redefined \expanded.
(etexcmds)             In the latter case, load this package earlier.
Package: kvsetkeys 2012/04/25 v1.16 Key value parser (HO)
Package: kvdefinekeys 2011/04/07 v1.3 Define keys (HO)
Package: pdftexcmds 2011/11/29 v0.20 Utility functions of pdfTeX for LuaTeX (HO
)
Package pdftexcmds Info: LuaTeX not detected.
Package pdftexcmds Info: \pdf@primitive is available.
Package pdftexcmds Info: \pdf@ifprimitive is available.
Package pdftexcmds Info: \pdfdraftmode found.
Package: pdfescape 2011/11/25 v1.13 Implements pdfTeX's escape features (HO)
Package: bigintcalc 2012/04/08 v1.3 Expandable calculations on big integers (HO
)
Package: bitset 2011/01/30 v1.1 Handle bit-vector datatype (HO)
Package: uniquecounter 2011/01/30 v1.2 Provide unlimited unique counter (HO)
)
Package hobsub Info: Skipping package `hobsub' (already loaded).
Package: letltxmacro 2010/09/02 v1.4 Let assignment for LaTeX macros (HO)
Package: hopatch 2012/05/28 v1.2 Wrapper for package hooks (HO)
Package: xcolor-patch 2011/01/30 xcolor patch
Package: atveryend 2011/06/30 v1.8 Hooks at the very end of document (HO)
Package atveryend Info: \enddocument detected (standard20110627).
Package: atbegshi 2011/10/05 v1.16 At begin shipout hook (HO)
Package: refcount 2011/10/16 v3.4 Data extraction from label references (HO)
Package: hycolor 2011/01/30 v1.7 Color options for hyperref/bookmark (HO)
)
(/usr/share/texlive/texmf-dist/tex/latex/oberdiek/auxhook.sty
Package: auxhook 2011/03/04 v1.3 Hooks for auxiliary files (HO)
)
(/usr/share/texlive/texmf-dist/tex/latex/oberdiek/kvoptions.sty
Package: kvoptions 2011/06/30 v3.11 Key value format for package options (HO)
)
\@linkdim=\dimen126
\Hy@linkcounter=\count111
\Hy@pagecounter=\count112

(/usr/share/texlive/texmf-dist/tex/latex/hyperref/pd1enc.def
File: pd1enc.def 2012/11/06 v6.83m Hyperref: PDFDocEncoding definition (HO)
)
\Hy@SavedSpaceFactor=\count113

(/usr/share/texlive/texmf-dist/tex/latex/latexconfig/hyperref.cfg
File: hyperref.cfg 2002/06/06 v1.2 hyperref configuration of TeXLive
)
Package hyperref Info: Hyper figures OFF on input line 4443.
Package hyperref Info: Link nesting OFF on input line 4448.
Package hyperref Info: Hyper index ON on input line 4451.
Package hyperref Info: Plain pages OFF on input line 4458.
Package hyperref Info: Backreferencing OFF on input line 4463.
Package hyperref Info: Implicit mode ON; LaTeX internals redefined.
Package hyperref Info: Bookmarks ON on input line 4688.
\c@Hy@tempcnt=\count114

(/usr/share/texlive/texmf-dist/tex/latex/url/url.sty
\Urlmuskip=\muskip11
Package: url 2013/09/16  ver 3.4  Verb mode for urls, etc.
)
LaTeX Info: Redefining \url on input line 5041.
\XeTeXLinkMargin=\dimen127
\Fld@menulength=\count115
\Field@Width=\dimen128
\Fld@charsize=\dimen129
Package hyperref Info: Hyper figures OFF on input line 6295.
Package hyperref Info: Link nesting OFF on input line 6300.
Package hyperref Info: Hyper index ON on input line 6303.
Package hyperref Info: backreferencing OFF on input line 6310.
Package hyperref Info: Link coloring OFF on input line 6315.
Package hyperref Info: Link coloring with OCG OFF on input line 6320.
Package hyperref Info: PDF/A mode OFF on input line 6325.
LaTeX Info: Redefining \ref on input line 6365.
LaTeX Info: Redefining \pageref on input line 6369.
\Hy@abspage=\count116
\c@Item=\count117
\c@Hfootnote=\count118
)

Package hyperref Message: Driver (autodetected): hpdftex.

(/usr/share/texlive/texmf-dist/tex/latex/hyperref/hpdftex.def
File: hpdftex.def 2012/11/06 v6.83m Hyperref driver for pdfTeX
\Fld@listcount=\count119
\c@bookmark@seq@number=\count120

(/usr/share/texlive/texmf-dist/tex/latex/oberdiek/rerunfilecheck.sty
Package: rerunfilecheck 2011/04/15 v1.7 Rerun checks for auxiliary files (HO)
Package uniquecounter Info: New unique counter `rerunfilecheck' on input line 2
82.
)
\Hy@SectionHShift=\skip46
)
(/usr/share/texlive/texmf-dist/tex/latex/setspace/setspace.sty
Package: setspace 2011/12/19 v6.7a set line spacing
)
(/usr/share/texlive/texmf-dist/tex/latex/graphics/color.sty
Package: color 2016/01/03 v1.1b Standard LaTeX Color (DPC)

(/usr/share/texlive/texmf-dist/tex/latex/latexconfig/color.cfg
File: color.cfg 2007/01/18 v1.5 color configuration of teTeX/TeXLive
)
Package color Info: Driver file: pdftex.def on input line 143.
)
(/usr/share/texlive/texmf-dist/tex/latex/base/inputenc.sty
Package: inputenc 2015/03/17 v1.2c Input encoding file
\inpenc@prehook=\toks22
\inpenc@posthook=\toks23

(/usr/share/texlive/texmf-dist/tex/latex/base/utf8.def
File: utf8.def 2015/12/03 v1.1r UTF-8 support for inputenc
Now handling font encoding OML ...
... no UTF-8 mapping file for font encoding OML
Now handling font encoding T1 ...
... processing UTF-8 mapping file for font encoding T1

(/usr/share/texlive/texmf-dist/tex/latex/base/t1enc.dfu
File: t1enc.dfu 2015/12/03 v1.1r UTF-8 support for inputenc
   defining Unicode char U+00A0 (decimal 160)
   defining Unicode char U+00A1 (decimal 161)
   defining Unicode char U+00A3 (decimal 163)
   defining Unicode char U+00AB (decimal 171)
   defining Unicode char U+00AD (decimal 173)
   defining Unicode char U+00BB (decimal 187)
   defining Unicode char U+00BF (decimal 191)
   defining Unicode char U+00C0 (decimal 192)
   defining Unicode char U+00C1 (decimal 193)
   defining Unicode char U+00C2 (decimal 194)
   defining Unicode char U+00C3 (decimal 195)
   defining Unicode char U+00C4 (decimal 196)
   defining Unicode char U+00C5 (decimal 197)
   defining Unicode char U+00C6 (decimal 198)
   defining Unicode char U+00C7 (decimal 199)
   defining Unicode char U+00C8 (decimal 200)
   defining Unicode char U+00C9 (decimal 201)
   defining Unicode char U+00CA (decimal 202)
   defining Unicode char U+00CB (decimal 203)
   defining Unicode char U+00CC (decimal 204)
   defining Unicode char U+00CD (decimal 205)
   defining Unicode char U+00CE (decimal 206)
   defining Unicode char U+00CF (decimal 207)
   defining Unicode char U+00D0 (decimal 208)
   defining Unicode char U+00D1 (decimal 209)
   defining Unicode char U+00D2 (decimal 210)
   defining Unicode char U+00D3 (decimal 211)
   defining Unicode char U+00D4 (decimal 212)
   defining Unicode char U+00D5 (decimal 213)
   defining Unicode char U+00D6 (decimal 214)
   defining Unicode char U+00D8 (decimal 216)
   defining Unicode char U+00D9 (decimal 217)
   defining Unicode char U+00DA (decimal 218)
   defining Unicode char U+00DB (decimal 219)
   defining Unicode char U+00DC (decimal 220)
   defining Unicode char U+00DD (decimal 221)
   defining Unicode char U+00DE (decimal 222)
   defining Unicode char U+00DF (decimal 223)
   defining Unicode char U+00E0 (decimal 224)
   defining Unicode char U+00E1 (decimal 225)
   defining Unicode char U+00E2 (decimal 226)
   defining Unicode char U+00E3 (decimal 227)
   defining Unicode char U+00E4 (decimal 228)
   defining Unicode char U+00E5 (decimal 229)
   defining Unicode char U+00E6 (decimal 230)
   defining Unicode char U+00E7 (decimal 231)
   defining Unicode char U+00E8 (decimal 232)
   defining Unicode char U+00E9 (decimal 233)
   defining Unicode char U+00EA (decimal 234)
   defining Unicode char U+00EB (decimal 235)
   defining Unicode char U+00EC (decimal 236)
   defining Unicode char U+00ED (decimal 237)
   defining Unicode char U+00EE (decimal 238)
   defining Unicode char U+00EF (decimal 239)
   defining Unicode char U+00F0 (decimal 240)
   defining Unicode char U+00F1 (decimal 241)
   defining Unicode char U+00F2 (decimal 242)
   defining Unicode char U+00F3 (decimal 243)
   defining Unicode char U+00F4 (decimal 244)
   defining Unicode char U+00F5 (decimal 245)
   defining Unicode char U+00F6 (decimal 246)
   defining Unicode char U+00F8 (decimal 248)
   defining Unicode char U+00F9 (decimal 249)
   defining Unicode char U+00FA (decimal 250)
   defining Unicode char U+00FB (decimal 251)
   defining Unicode char U+00FC (decimal 252)
   defining Unicode char U+00FD (decimal 253)
   defining Unicode char U+00FE (decimal 254)
   defining Unicode char U+00FF (decimal 255)
   defining Unicode char U+0100 (decimal 256)
   defining Unicode char U+0101 (decimal 257)
   defining Unicode char U+0102 (decimal 258)
   defining Unicode char U+0103 (decimal 259)
   defining Unicode char U+0104 (decimal 260)
   defining Unicode char U+0105 (decimal 261)
   defining Unicode char U+0106 (decimal 262)
   defining Unicode char U+0107 (decimal 263)
   defining Unicode char U+0108 (decimal 264)
   defining Unicode char U+0109 (decimal 265)
   defining Unicode char U+010A (decimal 266)
   defining Unicode char U+010B (decimal 267)
   defining Unicode char U+010C (decimal 268)
   defining Unicode char U+010D (decimal 269)
   defining Unicode char U+010E (decimal 270)
   defining Unicode char U+010F (decimal 271)
   defining Unicode char U+0110 (decimal 272)
   defining Unicode char U+0111 (decimal 273)
   defining Unicode char U+0112 (decimal 274)
   defining Unicode char U+0113 (decimal 275)
   defining Unicode char U+0114 (decimal 276)
   defining Unicode char U+0115 (decimal 277)
   defining Unicode char U+0116 (decimal 278)
   defining Unicode char U+0117 (decimal 279)
   defining Unicode char U+0118 (decimal 280)
   defining Unicode char U+0119 (decimal 281)
   defining Unicode char U+011A (decimal 282)
   defining Unicode char U+011B (decimal 283)
   defining Unicode char U+011C (decimal 284)
   defining Unicode char U+011D (decimal 285)
   defining Unicode char U+011E (decimal 286)
   defining Unicode char U+011F (decimal 287)
   defining Unicode char U+0120 (decimal 288)
   defining Unicode char U+0121 (decimal 289)
   defining Unicode char U+0122 (decimal 290)
   defining Unicode char U+0123 (decimal 291)
   defining Unicode char U+0124 (decimal 292)
   defining Unicode char U+0125 (decimal 293)
   defining Unicode char U+0128 (decimal 296)
   defining Unicode char U+0129 (decimal 297)
   defining Unicode char U+012A (decimal 298)
   defining Unicode char U+012B (decimal 299)
   defining Unicode char U+012C (decimal 300)
   defining Unicode char U+012D (decimal 301)
   defining Unicode char U+012E (decimal 302)
   defining Unicode char U+012F (decimal 303)
   defining Unicode char U+0130 (decimal 304)
   defining Unicode char U+0131 (decimal 305)
   defining Unicode char U+0132 (decimal 306)
   defining Unicode char U+0133 (decimal 307)
   defining Unicode char U+0134 (decimal 308)
   defining Unicode char U+0135 (decimal 309)
   defining Unicode char U+0136 (decimal 310)
   defining Unicode char U+0137 (decimal 311)
   defining Unicode char U+0139 (decimal 313)
   defining Unicode char U+013A (decimal 314)
   defining Unicode char U+013B (decimal 315)
   defining Unicode char U+013C (decimal 316)
   defining Unicode char U+013D (decimal 317)
   defining Unicode char U+013E (decimal 318)
   defining Unicode char U+0141 (decimal 321)
   defining Unicode char U+0142 (decimal 322)
   defining Unicode char U+0143 (decimal 323)
   defining Unicode char U+0144 (decimal 324)
   defining Unicode char U+0145 (decimal 325)
   defining Unicode char U+0146 (decimal 326)
   defining Unicode char U+0147 (decimal 327)
   defining Unicode char U+0148 (decimal 328)
   defining Unicode char U+014A (decimal 330)
   defining Unicode char U+014B (decimal 331)
   defining Unicode char U+014C (decimal 332)
   defining Unicode char U+014D (decimal 333)
   defining Unicode char U+014E (decimal 334)
   defining Unicode char U+014F (decimal 335)
   defining Unicode char U+0150 (decimal 336)
   defining Unicode char U+0151 (decimal 337)
   defining Unicode char U+0152 (decimal 338)
   defining Unicode char U+0153 (decimal 339)
   defining Unicode char U+0154 (decimal 340)
   defining Unicode char U+0155 (decimal 341)
   defining Unicode char U+0156 (decimal 342)
   defining Unicode char U+0157 (decimal 343)
   defining Unicode char U+0158 (decimal 344)
   defining Unicode char U+0159 (decimal 345)
   defining Unicode char U+015A (decimal 346)
   defining Unicode char U+015B (decimal 347)
   defining Unicode char U+015C (decimal 348)
   defining Unicode char U+015D (decimal 349)
   defining Unicode char U+015E (decimal 350)
   defining Unicode char U+015F (decimal 351)
   defining Unicode char U+0160 (decimal 352)
   defining Unicode char U+0161 (decimal 353)
   defining Unicode char U+0162 (decimal 354)
   defining Unicode char U+0163 (decimal 355)
   defining Unicode char U+0164 (decimal 356)
   defining Unicode char U+0165 (decimal 357)
   defining Unicode char U+0168 (decimal 360)
   defining Unicode char U+0169 (decimal 361)
   defining Unicode char U+016A (decimal 362)
   defining Unicode char U+016B (decimal 363)
   defining Unicode char U+016C (decimal 364)
   defining Unicode char U+016D (decimal 365)
   defining Unicode char U+016E (decimal 366)
   defining Unicode char U+016F (decimal 367)
   defining Unicode char U+0170 (decimal 368)
   defining Unicode char U+0171 (decimal 369)
   defining Unicode char U+0172 (decimal 370)
   defining Unicode char U+0173 (decimal 371)
   defining Unicode char U+0174 (decimal 372)
   defining Unicode char U+0175 (decimal 373)
   defining Unicode char U+0176 (decimal 374)
   defining Unicode char U+0177 (decimal 375)
   defining Unicode char U+0178 (decimal 376)
   defining Unicode char U+0179 (decimal 377)
   defining Unicode char U+017A (decimal 378)
   defining Unicode char U+017B (decimal 379)
   defining Unicode char U+017C (decimal 380)
   defining Unicode char U+017D (decimal 381)
   defining Unicode char U+017E (decimal 382)
   defining Unicode char U+01CD (decimal 461)
   defining Unicode char U+01CE (decimal 462)
   defining Unicode char U+01CF (decimal 463)
   defining Unicode char U+01D0 (decimal 464)
   defining Unicode char U+01D1 (decimal 465)
   defining Unicode char U+01D2 (decimal 466)
   defining Unicode char U+01D3 (decimal 467)
   defining Unicode char U+01D4 (decimal 468)
   defining Unicode char U+01E2 (decimal 482)
   defining Unicode char U+01E3 (decimal 483)
   defining Unicode char U+01E6 (decimal 486)
   defining Unicode char U+01E7 (decimal 487)
   defining Unicode char U+01E8 (decimal 488)
   defining Unicode char U+01E9 (decimal 489)
   defining Unicode char U+01EA (decimal 490)
   defining Unicode char U+01EB (decimal 491)
   defining Unicode char U+01F0 (decimal 496)
   defining Unicode char U+01F4 (decimal 500)
   defining Unicode char U+01F5 (decimal 501)
   defining Unicode char U+0218 (decimal 536)
   defining Unicode char U+0219 (decimal 537)
   defining Unicode char U+021A (decimal 538)
   defining Unicode char U+021B (decimal 539)
   defining Unicode char U+01E02 (decimal 7682)
   defining Unicode char U+01E03 (decimal 7683)
   defining Unicode char U+200C (decimal 8204)
   defining Unicode char U+2013 (decimal 8211)
   defining Unicode char U+2014 (decimal 8212)
   defining Unicode char U+2018 (decimal 8216)
   defining Unicode char U+2019 (decimal 8217)
   defining Unicode char U+201A (decimal 8218)
   defining Unicode char U+201C (decimal 8220)
   defining Unicode char U+201D (decimal 8221)
   defining Unicode char U+201E (decimal 8222)
   defining Unicode char U+2030 (decimal 8240)
   defining Unicode char U+2031 (decimal 8241)
   defining Unicode char U+2039 (decimal 8249)
   defining Unicode char U+203A (decimal 8250)
   defining Unicode char U+2423 (decimal 9251)
)
Now handling font encoding OT1 ...
... processing UTF-8 mapping file for font encoding OT1

(/usr/share/texlive/texmf-dist/tex/latex/base/ot1enc.dfu
File: ot1enc.dfu 2015/12/03 v1.1r UTF-8 support for inputenc
   defining Unicode char U+00A0 (decimal 160)
   defining Unicode char U+00A1 (decimal 161)
   defining Unicode char U+00A3 (decimal 163)
   defining Unicode char U+00AD (decimal 173)
   defining Unicode char U+00B8 (decimal 184)
   defining Unicode char U+00BF (decimal 191)
   defining Unicode char U+00C5 (decimal 197)
   defining Unicode char U+00C6 (decimal 198)
   defining Unicode char U+00D8 (decimal 216)
   defining Unicode char U+00DF (decimal 223)
   defining Unicode char U+00E6 (decimal 230)
   defining Unicode char U+00EC (decimal 236)
   defining Unicode char U+00ED (decimal 237)
   defining Unicode char U+00EE (decimal 238)
   defining Unicode char U+00EF (decimal 239)
   defining Unicode char U+00F8 (decimal 248)
   defining Unicode char U+0131 (decimal 305)
   defining Unicode char U+0141 (decimal 321)
   defining Unicode char U+0142 (decimal 322)
   defining Unicode char U+0152 (decimal 338)
   defining Unicode char U+0153 (decimal 339)
   defining Unicode char U+0174 (decimal 372)
   defining Unicode char U+0175 (decimal 373)
   defining Unicode char U+0176 (decimal 374)
   defining Unicode char U+0177 (decimal 375)
   defining Unicode char U+0218 (decimal 536)
   defining Unicode char U+0219 (decimal 537)
   defining Unicode char U+021A (decimal 538)
   defining Unicode char U+021B (decimal 539)
   defining Unicode char U+2013 (decimal 8211)
   defining Unicode char U+2014 (decimal 8212)
   defining Unicode char U+2018 (decimal 8216)
   defining Unicode char U+2019 (decimal 8217)
   defining Unicode char U+201C (decimal 8220)
   defining Unicode char U+201D (decimal 8221)
)
Now handling font encoding OMS ...
... processing UTF-8 mapping file for font encoding OMS

(/usr/share/texlive/texmf-dist/tex/latex/base/omsenc.dfu
File: omsenc.dfu 2015/12/03 v1.1r UTF-8 support for inputenc
   defining Unicode char U+00A7 (decimal 167)
   defining Unicode char U+00B6 (decimal 182)
   defining Unicode char U+00B7 (decimal 183)
   defining Unicode char U+2020 (decimal 8224)
   defining Unicode char U+2021 (decimal 8225)
   defining Unicode char U+2022 (decimal 8226)
)
Now handling font encoding OMX ...
... no UTF-8 mapping file for font encoding OMX
Now handling font encoding U ...
... no UTF-8 mapping file for font encoding U
Now handling font encoding PD1 ...
... no UTF-8 mapping file for font encoding PD1
   defining Unicode char U+00A9 (decimal 169)
   defining Unicode char U+00AA (decimal 170)
   defining Unicode char U+00AE (decimal 174)
   defining Unicode char U+00BA (decimal 186)
   defining Unicode char U+02C6 (decimal 710)
   defining Unicode char U+02DC (decimal 732)
   defining Unicode char U+200C (decimal 8204)
   defining Unicode char U+2026 (decimal 8230)
   defining Unicode char U+2122 (decimal 8482)
   defining Unicode char U+2423 (decimal 9251)
))
(/usr/share/texlive/texmf-dist/tex/latex/psfrag/psfrag.sty
Package: psfrag 1998/04/11 v3.04 PSfrag (MCG)
\pfg@pcount=\count121
\pfg@scount=\count122
\pfg@temp=\write3
)
(/usr/share/texlive/texmf-dist/tex/latex/xcolor/xcolor.sty
Package: xcolor 2007/01/21 v2.11 LaTeX color extensions (UK)

(/usr/share/texlive/texmf-dist/tex/latex/latexconfig/color.cfg
File: color.cfg 2007/01/18 v1.5 color configuration of teTeX/TeXLive
)
Package xcolor Info: Driver file: pdftex.def on input line 225.

(/usr/share/texlive/texmf-dist/tex/latex/colortbl/colortbl.sty
Package: colortbl 2012/02/13 v1.0a Color table columns (DPC)

(/usr/share/texlive/texmf-dist/tex/latex/tools/array.sty
Package: array 2014/10/28 v2.4c Tabular extension package (FMi)
\col@sep=\dimen130
\extrarowheight=\dimen131
\NC@list=\toks24
\extratabsurround=\skip47
\backup@length=\skip48
)
\everycr=\toks25
\minrowclearance=\skip49
)
LaTeX Info: Redefining \color on input line 702.
\rownum=\count123
Package xcolor Info: Model `cmy' substituted by `cmy0' on input line 1337.
Package xcolor Info: Model `hsb' substituted by `rgb' on input line 1341.
Package xcolor Info: Model `RGB' extended on input line 1353.
Package xcolor Info: Model `HTML' substituted by `rgb' on input line 1355.
Package xcolor Info: Model `Hsb' substituted by `hsb' on input line 1356.
Package xcolor Info: Model `tHsb' substituted by `hsb' on input line 1357.
Package xcolor Info: Model `HSB' substituted by `hsb' on input line 1358.
Package xcolor Info: Model `Gray' substituted by `gray' on input line 1359.
Package xcolor Info: Model `wave' substituted by `hsb' on input line 1360.
)
(/usr/share/texlive/texmf-dist/tex/latex/oberdiek/pdflscape.sty
Package: pdflscape 2008/08/11 v0.10 Display of landscape pages in PDF (HO)

(/usr/share/texlive/texmf-dist/tex/latex/graphics/lscape.sty
Package: lscape 2000/10/22 v3.01 Landscape Pages (DPC)
)
Package pdflscape Info: Auto-detected driver: pdftex on input line 80.
)
(/usr/share/texlive/texmf-dist/tex/latex/pgf/frontendlayer/tikz.sty
(/usr/share/texlive/texmf-dist/tex/latex/pgf/basiclayer/pgf.sty
(/usr/share/texlive/texmf-dist/tex/latex/pgf/utilities/pgfrcs.sty
(/usr/share/texlive/texmf-dist/tex/generic/pgf/utilities/pgfutil-common.tex
\pgfutil@everybye=\toks26
\pgfutil@tempdima=\dimen132
\pgfutil@tempdimb=\dimen133

(/usr/share/texlive/texmf-dist/tex/generic/pgf/utilities/pgfutil-common-lists.t
ex)) (/usr/share/texlive/texmf-dist/tex/generic/pgf/utilities/pgfutil-latex.def
\pgfutil@abb=\box30
(/usr/share/texlive/texmf-dist/tex/latex/ms/everyshi.sty
Package: everyshi 2001/05/15 v3.00 EveryShipout Package (MS)
))
(/usr/share/texlive/texmf-dist/tex/generic/pgf/utilities/pgfrcs.code.tex
Package: pgfrcs 2015/08/07 v3.0.1a (rcs-revision 1.31)
))
Package: pgf 2015/08/07 v3.0.1a (rcs-revision 1.15)

(/usr/share/texlive/texmf-dist/tex/latex/pgf/basiclayer/pgfcore.sty
(/usr/share/texlive/texmf-dist/tex/latex/pgf/systemlayer/pgfsys.sty
(/usr/share/texlive/texmf-dist/tex/generic/pgf/systemlayer/pgfsys.code.tex
Package: pgfsys 2014/07/09 v3.0.1a (rcs-revision 1.48)

(/usr/share/texlive/texmf-dist/tex/generic/pgf/utilities/pgfkeys.code.tex
\pgfkeys@pathtoks=\toks27
\pgfkeys@temptoks=\toks28

(/usr/share/texlive/texmf-dist/tex/generic/pgf/utilities/pgfkeysfiltered.code.t
ex
\pgfkeys@tmptoks=\toks29
))
\pgf@x=\dimen134
\pgf@y=\dimen135
\pgf@xa=\dimen136
\pgf@ya=\dimen137
\pgf@xb=\dimen138
\pgf@yb=\dimen139
\pgf@xc=\dimen140
\pgf@yc=\dimen141
\w@pgf@writea=\write4
\r@pgf@reada=\read1
\c@pgf@counta=\count124
\c@pgf@countb=\count125
\c@pgf@countc=\count126
\c@pgf@countd=\count127
\t@pgf@toka=\toks30
\t@pgf@tokb=\toks31
\t@pgf@tokc=\toks32
 (/usr/share/texlive/texmf-dist/tex/generic/pgf/systemlayer/pgf.cfg
File: pgf.cfg 2008/05/14  (rcs-revision 1.7)
)
Driver file for pgf: pgfsys-pdftex.def

(/usr/share/texlive/texmf-dist/tex/generic/pgf/systemlayer/pgfsys-pdftex.def
File: pgfsys-pdftex.def 2014/10/11  (rcs-revision 1.35)

(/usr/share/texlive/texmf-dist/tex/generic/pgf/systemlayer/pgfsys-common-pdf.de
f
File: pgfsys-common-pdf.def 2013/10/10  (rcs-revision 1.13)
)))
(/usr/share/texlive/texmf-dist/tex/generic/pgf/systemlayer/pgfsyssoftpath.code.
tex
File: pgfsyssoftpath.code.tex 2013/09/09  (rcs-revision 1.9)
\pgfsyssoftpath@smallbuffer@items=\count128
\pgfsyssoftpath@bigbuffer@items=\count129
)
(/usr/share/texlive/texmf-dist/tex/generic/pgf/systemlayer/pgfsysprotocol.code.
tex
File: pgfsysprotocol.code.tex 2006/10/16  (rcs-revision 1.4)
))
(/usr/share/texlive/texmf-dist/tex/generic/pgf/basiclayer/pgfcore.code.tex
Package: pgfcore 2010/04/11 v3.0.1a (rcs-revision 1.7)

(/usr/share/texlive/texmf-dist/tex/generic/pgf/math/pgfmath.code.tex
(/usr/share/texlive/texmf-dist/tex/generic/pgf/math/pgfmathcalc.code.tex
(/usr/share/texlive/texmf-dist/tex/generic/pgf/math/pgfmathutil.code.tex)
(/usr/share/texlive/texmf-dist/tex/generic/pgf/math/pgfmathparser.code.tex
\pgfmath@dimen=\dimen142
\pgfmath@count=\count130
\pgfmath@box=\box31
\pgfmath@toks=\toks33
\pgfmath@stack@operand=\toks34
\pgfmath@stack@operation=\toks35
)
(/usr/share/texlive/texmf-dist/tex/generic/pgf/math/pgfmathfunctions.code.tex
(/usr/share/texlive/texmf-dist/tex/generic/pgf/math/pgfmathfunctions.basic.code
.tex)
(/usr/share/texlive/texmf-dist/tex/generic/pgf/math/pgfmathfunctions.trigonomet
ric.code.tex)
(/usr/share/texlive/texmf-dist/tex/generic/pgf/math/pgfmathfunctions.random.cod
e.tex)
(/usr/share/texlive/texmf-dist/tex/generic/pgf/math/pgfmathfunctions.comparison
.code.tex)
(/usr/share/texlive/texmf-dist/tex/generic/pgf/math/pgfmathfunctions.base.code.
tex)
(/usr/share/texlive/texmf-dist/tex/generic/pgf/math/pgfmathfunctions.round.code
.tex)
(/usr/share/texlive/texmf-dist/tex/generic/pgf/math/pgfmathfunctions.misc.code.
tex)
(/usr/share/texlive/texmf-dist/tex/generic/pgf/math/pgfmathfunctions.integerari
thmetics.code.tex)))
(/usr/share/texlive/texmf-dist/tex/generic/pgf/math/pgfmathfloat.code.tex
\c@pgfmathroundto@lastzeros=\count131
))
(/usr/share/texlive/texmf-dist/tex/generic/pgf/basiclayer/pgfcorepoints.code.te
x
File: pgfcorepoints.code.tex 2013/10/07  (rcs-revision 1.27)
\pgf@picminx=\dimen143
\pgf@picmaxx=\dimen144
\pgf@picminy=\dimen145
\pgf@picmaxy=\dimen146
\pgf@pathminx=\dimen147
\pgf@pathmaxx=\dimen148
\pgf@pathminy=\dimen149
\pgf@pathmaxy=\dimen150
\pgf@xx=\dimen151
\pgf@xy=\dimen152
\pgf@yx=\dimen153
\pgf@yy=\dimen154
\pgf@zx=\dimen155
\pgf@zy=\dimen156
)
(/usr/share/texlive/texmf-dist/tex/generic/pgf/basiclayer/pgfcorepathconstruct.
code.tex
File: pgfcorepathconstruct.code.tex 2013/10/07  (rcs-revision 1.29)
\pgf@path@lastx=\dimen157
\pgf@path@lasty=\dimen158
)
(/usr/share/texlive/texmf-dist/tex/generic/pgf/basiclayer/pgfcorepathusage.code
.tex
File: pgfcorepathusage.code.tex 2014/11/02  (rcs-revision 1.24)
\pgf@shorten@end@additional=\dimen159
\pgf@shorten@start@additional=\dimen160
)
(/usr/share/texlive/texmf-dist/tex/generic/pgf/basiclayer/pgfcorescopes.code.te
x
File: pgfcorescopes.code.tex 2015/05/08  (rcs-revision 1.46)
\pgfpic=\box32
\pgf@hbox=\box33
\pgf@layerbox@main=\box34
\pgf@picture@serial@count=\count132
)
(/usr/share/texlive/texmf-dist/tex/generic/pgf/basiclayer/pgfcoregraphicstate.c
ode.tex
File: pgfcoregraphicstate.code.tex 2014/11/02  (rcs-revision 1.12)
\pgflinewidth=\dimen161
)
(/usr/share/texlive/texmf-dist/tex/generic/pgf/basiclayer/pgfcoretransformation
s.code.tex
File: pgfcoretransformations.code.tex 2015/08/07  (rcs-revision 1.20)
\pgf@pt@x=\dimen162
\pgf@pt@y=\dimen163
\pgf@pt@temp=\dimen164
)
(/usr/share/texlive/texmf-dist/tex/generic/pgf/basiclayer/pgfcorequick.code.tex
File: pgfcorequick.code.tex 2008/10/09  (rcs-revision 1.3)
)
(/usr/share/texlive/texmf-dist/tex/generic/pgf/basiclayer/pgfcoreobjects.code.t
ex
File: pgfcoreobjects.code.tex 2006/10/11  (rcs-revision 1.2)
)
(/usr/share/texlive/texmf-dist/tex/generic/pgf/basiclayer/pgfcorepathprocessing
.code.tex
File: pgfcorepathprocessing.code.tex 2013/09/09  (rcs-revision 1.9)
)
(/usr/share/texlive/texmf-dist/tex/generic/pgf/basiclayer/pgfcorearrows.code.te
x
File: pgfcorearrows.code.tex 2015/05/14  (rcs-revision 1.43)
\pgfarrowsep=\dimen165
)
(/usr/share/texlive/texmf-dist/tex/generic/pgf/basiclayer/pgfcoreshade.code.tex
File: pgfcoreshade.code.tex 2013/07/15  (rcs-revision 1.15)
\pgf@max=\dimen166
\pgf@sys@shading@range@num=\count133
)
(/usr/share/texlive/texmf-dist/tex/generic/pgf/basiclayer/pgfcoreimage.code.tex
File: pgfcoreimage.code.tex 2013/07/15  (rcs-revision 1.18)

(/usr/share/texlive/texmf-dist/tex/generic/pgf/basiclayer/pgfcoreexternal.code.
tex
File: pgfcoreexternal.code.tex 2014/07/09  (rcs-revision 1.21)
\pgfexternal@startupbox=\box35
))
(/usr/share/texlive/texmf-dist/tex/generic/pgf/basiclayer/pgfcorelayers.code.te
x
File: pgfcorelayers.code.tex 2013/07/18  (rcs-revision 1.7)
)
(/usr/share/texlive/texmf-dist/tex/generic/pgf/basiclayer/pgfcoretransparency.c
ode.tex
File: pgfcoretransparency.code.tex 2013/09/30  (rcs-revision 1.5)
)
(/usr/share/texlive/texmf-dist/tex/generic/pgf/basiclayer/pgfcorepatterns.code.
tex
File: pgfcorepatterns.code.tex 2013/11/07  (rcs-revision 1.5)
)))
(/usr/share/texlive/texmf-dist/tex/generic/pgf/modules/pgfmoduleshapes.code.tex
File: pgfmoduleshapes.code.tex 2014/03/21  (rcs-revision 1.35)
\pgfnodeparttextbox=\box36
) (/usr/share/texlive/texmf-dist/tex/generic/pgf/modules/pgfmoduleplot.code.tex
File: pgfmoduleplot.code.tex 2015/08/03  (rcs-revision 1.13)
)
(/usr/share/texlive/texmf-dist/tex/latex/pgf/compatibility/pgfcomp-version-0-65
.sty
Package: pgfcomp-version-0-65 2007/07/03 v3.0.1a (rcs-revision 1.7)
\pgf@nodesepstart=\dimen167
\pgf@nodesepend=\dimen168
)
(/usr/share/texlive/texmf-dist/tex/latex/pgf/compatibility/pgfcomp-version-1-18
.sty
Package: pgfcomp-version-1-18 2007/07/23 v3.0.1a (rcs-revision 1.1)
)) (/usr/share/texlive/texmf-dist/tex/latex/pgf/utilities/pgffor.sty
(/usr/share/texlive/texmf-dist/tex/latex/pgf/utilities/pgfkeys.sty
(/usr/share/texlive/texmf-dist/tex/generic/pgf/utilities/pgfkeys.code.tex))
(/usr/share/texlive/texmf-dist/tex/latex/pgf/math/pgfmath.sty
(/usr/share/texlive/texmf-dist/tex/generic/pgf/math/pgfmath.code.tex))
(/usr/share/texlive/texmf-dist/tex/generic/pgf/utilities/pgffor.code.tex
Package: pgffor 2013/12/13 v3.0.1a (rcs-revision 1.25)

(/usr/share/texlive/texmf-dist/tex/generic/pgf/math/pgfmath.code.tex)
\pgffor@iter=\dimen169
\pgffor@skip=\dimen170
\pgffor@stack=\toks36
\pgffor@toks=\toks37
))
(/usr/share/texlive/texmf-dist/tex/generic/pgf/frontendlayer/tikz/tikz.code.tex
Package: tikz 2015/08/07 v3.0.1a (rcs-revision 1.151)

(/usr/share/texlive/texmf-dist/tex/generic/pgf/libraries/pgflibraryplothandlers
.code.tex
File: pgflibraryplothandlers.code.tex 2013/08/31 v3.0.1a (rcs-revision 1.20)
\pgf@plot@mark@count=\count134
\pgfplotmarksize=\dimen171
)
\tikz@lastx=\dimen172
\tikz@lasty=\dimen173
\tikz@lastxsaved=\dimen174
\tikz@lastysaved=\dimen175
\tikzleveldistance=\dimen176
\tikzsiblingdistance=\dimen177
\tikz@figbox=\box37
\tikz@figbox@bg=\box38
\tikz@tempbox=\box39
\tikz@tempbox@bg=\box40
\tikztreelevel=\count135
\tikznumberofchildren=\count136
\tikznumberofcurrentchild=\count137
\tikz@fig@count=\count138

(/usr/share/texlive/texmf-dist/tex/generic/pgf/modules/pgfmodulematrix.code.tex
File: pgfmodulematrix.code.tex 2013/09/17  (rcs-revision 1.8)
\pgfmatrixcurrentrow=\count139
\pgfmatrixcurrentcolumn=\count140
\pgf@matrix@numberofcolumns=\count141
)
\tikz@expandcount=\count142

(/usr/share/texlive/texmf-dist/tex/generic/pgf/frontendlayer/tikz/libraries/tik
zlibrarytopaths.code.tex
File: tikzlibrarytopaths.code.tex 2008/06/17 v3.0.1a (rcs-revision 1.2)
)))
(/usr/share/texlive/texmf-dist/tex/latex/csvsimple/csvsimple.sty
Package: csvsimple 2014/07/14 version 1.12 LaTeX CSV file processing

(/usr/share/texlive/texmf-dist/tex/latex/base/ifthen.sty
Package: ifthen 2014/09/29 v1.1c Standard LaTeX ifthen package (DPC)
)
\csv@file=\read2
\c@csvinputline=\count143
\c@csvrow=\count144
\c@csvcol=\count145
\csv@out=\write5
) (./comXResponses.aux)
\openout1 = `comXResponses.aux'.

LaTeX Font Info:    Checking defaults for OML/cmm/m/it on input line 34.
LaTeX Font Info:    ... okay on input line 34.
LaTeX Font Info:    Checking defaults for T1/cmr/m/n on input line 34.
LaTeX Font Info:    ... okay on input line 34.
LaTeX Font Info:    Checking defaults for OT1/cmr/m/n on input line 34.
LaTeX Font Info:    ... okay on input line 34.
LaTeX Font Info:    Checking defaults for OMS/cmsy/m/n on input line 34.
LaTeX Font Info:    ... okay on input line 34.
LaTeX Font Info:    Checking defaults for OMX/cmex/m/n on input line 34.
LaTeX Font Info:    ... okay on input line 34.
LaTeX Font Info:    Checking defaults for U/cmr/m/n on input line 34.
LaTeX Font Info:    ... okay on input line 34.
LaTeX Font Info:    Checking defaults for PD1/pdf/m/n on input line 34.
LaTeX Font Info:    ... okay on input line 34.
 (/usr/share/texlive/texmf-dist/tex/context/base/supp-pdf.mkii
[Loading MPS to PDF converter (version 2006.09.02).]
\scratchcounter=\count146
\scratchdimen=\dimen178
\scratchbox=\box41
\nofMPsegments=\count147
\nofMParguments=\count148
\everyMPshowfont=\toks38
\MPscratchCnt=\count149
\MPscratchDim=\dimen179
\MPnumerator=\count150
\makeMPintoPDFobject=\count151
\everyMPtoPDFconversion=\toks39
) (/usr/share/texlive/texmf-dist/tex/latex/oberdiek/epstopdf-base.sty
Package: epstopdf-base 2010/02/09 v2.5 Base part for package epstopdf

(/usr/share/texlive/texmf-dist/tex/latex/oberdiek/grfext.sty
Package: grfext 2010/08/19 v1.1 Manage graphics extensions (HO)
)
Package grfext Info: Graphics extension search list:
(grfext)             [.png,.pdf,.jpg,.mps,.jpeg,.jbig2,.jb2,.PNG,.PDF,.JPG,.JPE
G,.JBIG2,.JB2,.eps]
(grfext)             \AppendGraphicsExtensions on input line 452.

(/usr/share/texlive/texmf-dist/tex/latex/latexconfig/epstopdf-sys.cfg
File: epstopdf-sys.cfg 2010/07/13 v1.3 Configuration of (r)epstopdf for TeX Liv
e
))
*geometry* driver: auto-detecting
*geometry* detected driver: pdftex
*geometry* verbose mode - [ preamble ] result:
* driver: pdftex
* paper: <default>
* layout: <same size as paper>
* layoutoffset:(h,v)=(0.0pt,0.0pt)
* modes: 
* h-part:(L,W,R)=(72.26999pt, 469.75502pt, 72.26999pt)
* v-part:(T,H,B)=(72.26999pt, 650.43001pt, 72.26999pt)
* \paperwidth=614.295pt
* \paperheight=794.96999pt
* \textwidth=469.75502pt
* \textheight=650.43001pt
* \oddsidemargin=0.0pt
* \evensidemargin=0.0pt
* \topmargin=-37.0pt
* \headheight=12.0pt
* \headsep=25.0pt
* \topskip=12.0pt
* \footskip=14.45377pt
* \marginparwidth=44.0pt
* \marginparsep=10.0pt
* \columnsep=10.0pt
* \skip\footins=10.8pt plus 4.0pt minus 2.0pt
* \hoffset=0.0pt
* \voffset=0.0pt
* \mag=1000
* \@twocolumnfalse
* \@twosidefalse
* \@mparswitchfalse
* \@reversemarginfalse
* (1in=72.27pt=25.4mm, 1cm=28.453pt)

\c@lstlisting=\count152
\AtBeginShipoutBox=\box42
Package hyperref Info: Link coloring OFF on input line 34.
(/usr/share/texlive/texmf-dist/tex/latex/hyperref/nameref.sty
Package: nameref 2012/10/27 v2.43 Cross-referencing by name of section

(/usr/share/texlive/texmf-dist/tex/generic/oberdiek/gettitlestring.sty
Package: gettitlestring 2010/12/03 v1.4 Cleanup title references (HO)
)
\c@section@level=\count153
)
LaTeX Info: Redefining \ref on input line 34.
LaTeX Info: Redefining \pageref on input line 34.
LaTeX Info: Redefining \nameref on input line 34.

(./comXResponses.out) (./comXResponses.out)
\@outlinefile=\write6
\openout6 = `comXResponses.out'.


ABD: EveryShipout initializing macros
LaTeX Font Info:    Try loading font information for OMS+cmr on input line 57.

(/usr/share/texlive/texmf-dist/tex/latex/base/omscmr.fd
File: omscmr.fd 2014/09/29 v2.5h Standard LaTeX font definitions
)
LaTeX Font Info:    Font shape `OMS/cmr/m/n' in size <12> not available
(Font)              Font shape `OMS/cmsy/m/n' tried instead on input line 57.
 [1
Non-PDF special ignored!


{/var/lib/texmf/fonts/map/pdftex/updmap/pdftex.map}]
LaTeX Font Info:    Try loading font information for U+msa on input line 74.

(/usr/share/texlive/texmf-dist/tex/latex/amsfonts/umsa.fd
File: umsa.fd 2013/01/14 v3.01 AMS symbols A
)
LaTeX Font Info:    Try loading font information for U+msb on input line 74.

(/usr/share/texlive/texmf-dist/tex/latex/amsfonts/umsb.fd
File: umsb.fd 2013/01/14 v3.01 AMS symbols B
)
<../sscRuns/25019781982M3/sppMad68.pdf, id=76, 1084.05pt x 505.89pt>
File: ../sscRuns/25019781982M3/sppMad68.pdf Graphic file (type pdf)

<use ../sscRuns/25019781982M3/sppMad68.pdf>
Package pdftex.def Info: ../sscRuns/25019781982M3/sppMad68.pdf used on input li
ne 87.
(pdftex.def)             Requested size: 281.85587pt x 131.52829pt.

<../sscRuns/25019781982M4/sppMad68.pdf, id=77, 1084.05pt x 505.89pt>
File: ../sscRuns/25019781982M4/sppMad68.pdf Graphic file (type pdf)

<use ../sscRuns/25019781982M4/sppMad68.pdf>
Package pdftex.def Info: ../sscRuns/25019781982M4/sppMad68.pdf used on input li
ne 92.
(pdftex.def)             Requested size: 281.85587pt x 131.52829pt.

<../sscRuns/25019781982M6/sppMad68.pdf, id=78, 1084.05pt x 505.89pt>
File: ../sscRuns/25019781982M6/sppMad68.pdf Graphic file (type pdf)

<use ../sscRuns/25019781982M6/sppMad68.pdf>
Package pdftex.def Info: ../sscRuns/25019781982M6/sppMad68.pdf used on input li
ne 97.
(pdftex.def)             Requested size: 281.85587pt x 131.52829pt.
 [2

 <../sscRuns/25019781982M3/sppMad68.pdf> <../sscRuns/25019781982M4/sppMad68.pdf
> <../sscRuns/25019781982M6/sppMad68.pdf>]
<./postSSC/25019781982M3M4M6/marginalBCAC/marginalBCAC-0.68-Diagnostic.pdf, id=
105, 629.35126pt x 815.045pt>
File: ./postSSC/25019781982M3M4M6/marginalBCAC/marginalBCAC-0.68-Diagnostic.pdf
 Graphic file (type pdf)

<use ./postSSC/25019781982M3M4M6/marginalBCAC/marginalBCAC-0.68-Diagnostic.pdf>
Package pdftex.def Info: ./postSSC/25019781982M3M4M6/marginalBCAC/marginalBCAC-
0.68-Diagnostic.pdf used on input line 103.
(pdftex.def)             Requested size: 516.73338pt x 669.23665pt.

Overfull \hbox (46.97836pt too wide) in paragraph at lines 103--104
 [][] 
 []


LaTeX Warning: Float too large for page by 18.80664pt on input line 104.

[3 <./postSSC/25019781982M3M4M6/marginalBCAC/marginalBCAC-0.68-Diagnostic.pdf>]

<./postSSC/25019781982M3M4M6/marginalWDOW/marginalWDOW-0.68-Diagnostic.pdf, id=
116, 629.35126pt x 815.045pt>
File: ./postSSC/25019781982M3M4M6/marginalWDOW/marginalWDOW-0.68-Diagnostic.pdf
 Graphic file (type pdf)

<use ./postSSC/25019781982M3M4M6/marginalWDOW/marginalWDOW-0.68-Diagnostic.pdf>
Package pdftex.def Info: ./postSSC/25019781982M3M4M6/marginalWDOW/marginalWDOW-
0.68-Diagnostic.pdf used on input line 109.
(pdftex.def)             Requested size: 516.73338pt x 669.23665pt.

Overfull \hbox (46.97836pt too wide) in paragraph at lines 109--110
 [][] 
 []


LaTeX Warning: Float too large for page by 18.80664pt on input line 110.

[4 <./postSSC/25019781982M3M4M6/marginalWDOW/marginalWDOW-0.68-Diagnostic.pdf>]

<./postSSC/25019781982M3M4M6/marginalCBZN/marginalCBZN-0.68-Diagnostic.pdf, id=
127, 629.35126pt x 815.045pt>
File: ./postSSC/25019781982M3M4M6/marginalCBZN/marginalCBZN-0.68-Diagnostic.pdf
 Graphic file (type pdf)

<use ./postSSC/25019781982M3M4M6/marginalCBZN/marginalCBZN-0.68-Diagnostic.pdf>
Package pdftex.def Info: ./postSSC/25019781982M3M4M6/marginalCBZN/marginalCBZN-
0.68-Diagnostic.pdf used on input line 115.
(pdftex.def)             Requested size: 516.73338pt x 669.23665pt.

Overfull \hbox (46.97836pt too wide) in paragraph at lines 115--116
 [][] 
 []


LaTeX Warning: Float too large for page by 18.80664pt on input line 116.

[5 <./postSSC/25019781982M3M4M6/marginalCBZN/marginalCBZN-0.68-Diagnostic.pdf>]

<./postSSC/25019781982M3M4M6/marginalURCK/marginalURCK-0.68-Diagnostic.pdf, id=
138, 629.35126pt x 815.045pt>
File: ./postSSC/25019781982M3M4M6/marginalURCK/marginalURCK-0.68-Diagnostic.pdf
 Graphic file (type pdf)

<use ./postSSC/25019781982M3M4M6/marginalURCK/marginalURCK-0.68-Diagnostic.pdf>
Package pdftex.def Info: ./postSSC/25019781982M3M4M6/marginalURCK/marginalURCK-
0.68-Diagnostic.pdf used on input line 121.
(pdftex.def)             Requested size: 516.73338pt x 669.23665pt.

Overfull \hbox (46.97836pt too wide) in paragraph at lines 121--122
 [][] 
 []


LaTeX Warning: Float too large for page by 18.80664pt on input line 122.

[6 <./postSSC/25019781982M3M4M6/marginalURCK/marginalURCK-0.68-Diagnostic.pdf>]
<../sscRuns/25019781982M4HC1/sppMad68.pdf, id=153, 1084.05pt x 505.89pt>
File: ../sscRuns/25019781982M4HC1/sppMad68.pdf Graphic file (type pdf)

<use ../sscRuns/25019781982M4HC1/sppMad68.pdf>
Package pdftex.def Info: ../sscRuns/25019781982M4HC1/sppMad68.pdf used on input
 line 240.
(pdftex.def)             Requested size: 281.85587pt x 131.52829pt.

<../sscRuns/25019781982M4HC3/sppMad68.pdf, id=154, 1084.05pt x 505.89pt>
File: ../sscRuns/25019781982M4HC3/sppMad68.pdf Graphic file (type pdf)

<use ../sscRuns/25019781982M4HC3/sppMad68.pdf>
Package pdftex.def Info: ../sscRuns/25019781982M4HC3/sppMad68.pdf used on input
 line 245.
(pdftex.def)             Requested size: 281.85587pt x 131.52829pt.

<../sscRuns/25019781982M4U4/sppMad68.pdf, id=155, 1084.05pt x 505.89pt>
File: ../sscRuns/25019781982M4U4/sppMad68.pdf Graphic file (type pdf)

<use ../sscRuns/25019781982M4U4/sppMad68.pdf>
Package pdftex.def Info: ../sscRuns/25019781982M4U4/sppMad68.pdf used on input 
line 250.
(pdftex.def)             Requested size: 281.85587pt x 131.52829pt.
 [7





 <../sscRuns/25019781982M4HC1/sppMad68.pdf> <../sscRuns/25019781982M4HC3/sppMad
68.pdf> <../sscRuns/25019781982M4U4/sppMad68.pdf>]
<./postSSC/25019781982M4HC1HC3U4/marginalBCAC/marginalBCAC-0.68-Diagnostic.pdf,
 id=180, 629.35126pt x 815.045pt>
File: ./postSSC/25019781982M4HC1HC3U4/marginalBCAC/marginalBCAC-0.68-Diagnostic
.pdf Graphic file (type pdf)

<use ./postSSC/25019781982M4HC1HC3U4/marginalBCAC/marginalBCAC-0.68-Diagnostic.
pdf>
Package pdftex.def Info: ./postSSC/25019781982M4HC1HC3U4/marginalBCAC/marginalB
CAC-0.68-Diagnostic.pdf used on input line 256.
(pdftex.def)             Requested size: 516.73338pt x 669.23665pt.

Overfull \hbox (46.97836pt too wide) in paragraph at lines 256--257
 [][] 
 []


LaTeX Warning: Float too large for page by 18.80664pt on input line 257.

[8 <./postSSC/25019781982M4HC1HC3U4/marginalBCAC/marginalBCAC-0.68-Diagnostic.p
df>]
<./postSSC/25019781982M4HC1HC3U4/marginalWDOW/marginalWDOW-0.68-Diagnostic.pdf,
 id=191, 629.35126pt x 815.045pt>
File: ./postSSC/25019781982M4HC1HC3U4/marginalWDOW/marginalWDOW-0.68-Diagnostic
.pdf Graphic file (type pdf)

<use ./postSSC/25019781982M4HC1HC3U4/marginalWDOW/marginalWDOW-0.68-Diagnostic.
pdf>
Package pdftex.def Info: ./postSSC/25019781982M4HC1HC3U4/marginalWDOW/marginalW
DOW-0.68-Diagnostic.pdf used on input line 262.
(pdftex.def)             Requested size: 516.73338pt x 669.23665pt.

Overfull \hbox (46.97836pt too wide) in paragraph at lines 262--263
 [][] 
 []


LaTeX Warning: Float too large for page by 18.80664pt on input line 263.

[9 <./postSSC/25019781982M4HC1HC3U4/marginalWDOW/marginalWDOW-0.68-Diagnostic.p
df>]
<./postSSC/25019781982M4HC1HC3U4/marginalREX/marginalREX-0.68-Diagnostic.pdf, i
d=202, 629.35126pt x 815.045pt>
File: ./postSSC/25019781982M4HC1HC3U4/marginalREX/marginalREX-0.68-Diagnostic.p
df Graphic file (type pdf)

<use ./postSSC/25019781982M4HC1HC3U4/marginalREX/marginalREX-0.68-Diagnostic.pd
f>
Package pdftex.def Info: ./postSSC/25019781982M4HC1HC3U4/marginalREX/marginalRE
X-0.68-Diagnostic.pdf used on input line 268.
(pdftex.def)             Requested size: 516.73338pt x 669.23665pt.

Overfull \hbox (46.97836pt too wide) in paragraph at lines 268--269
 [][] 
 []


LaTeX Warning: Float too large for page by 18.80664pt on input line 269.

[10 <./postSSC/25019781982M4HC1HC3U4/marginalREX/marginalREX-0.68-Diagnostic.pd
f>]
<./postSSC/25019781982M4HC1HC3U4/marginalBRNZ/marginalBRNZ-0.68-Diagnostic.pdf,
 id=213, 629.35126pt x 815.045pt>
File: ./postSSC/25019781982M4HC1HC3U4/marginalBRNZ/marginalBRNZ-0.68-Diagnostic
.pdf Graphic file (type pdf)

<use ./postSSC/25019781982M4HC1HC3U4/marginalBRNZ/marginalBRNZ-0.68-Diagnostic.
pdf>
Package pdftex.def Info: ./postSSC/25019781982M4HC1HC3U4/marginalBRNZ/marginalB
RNZ-0.68-Diagnostic.pdf used on input line 274.
(pdftex.def)             Requested size: 516.73338pt x 669.23665pt.

Overfull \hbox (46.97836pt too wide) in paragraph at lines 274--275
 [][] 
 []


LaTeX Warning: Float too large for page by 18.80664pt on input line 275.

[11 <./postSSC/25019781982M4HC1HC3U4/marginalBRNZ/marginalBRNZ-0.68-Diagnostic.
pdf>] <../sscRuns/25319781982M4/sppMad68.pdf, id=228, 1084.05pt x 505.89pt>
File: ../sscRuns/25319781982M4/sppMad68.pdf Graphic file (type pdf)

<use ../sscRuns/25319781982M4/sppMad68.pdf>
Package pdftex.def Info: ../sscRuns/25319781982M4/sppMad68.pdf used on input li
ne 369.
(pdftex.def)             Requested size: 281.85587pt x 131.52829pt.

<../sscRuns/25319781982M5/sppMad68.pdf, id=229, 1084.05pt x 505.89pt>
File: ../sscRuns/25319781982M5/sppMad68.pdf Graphic file (type pdf)

<use ../sscRuns/25319781982M5/sppMad68.pdf>
Package pdftex.def Info: ../sscRuns/25319781982M5/sppMad68.pdf used on input li
ne 374.
(pdftex.def)             Requested size: 281.85587pt x 131.52829pt.

<../sscRuns/25319781982M6/sppMad68.pdf, id=230, 1084.05pt x 505.89pt>
File: ../sscRuns/25319781982M6/sppMad68.pdf Graphic file (type pdf)

<use ../sscRuns/25319781982M6/sppMad68.pdf>
Package pdftex.def Info: ../sscRuns/25319781982M6/sppMad68.pdf used on input li
ne 379.
(pdftex.def)             Requested size: 281.85587pt x 131.52829pt.
 [12





 <../sscRuns/25319781982M4/sppMad68.pdf> <../sscRuns/25319781982M5/sppMad68.pdf
> <../sscRuns/25319781982M6/sppMad68.pdf>]
<./postSSC/25319781982M4M5M6/marginalCLPR/marginalCLPR-0.68-Diagnostic.pdf, id=
253, 629.35126pt x 815.045pt>
File: ./postSSC/25319781982M4M5M6/marginalCLPR/marginalCLPR-0.68-Diagnostic.pdf
 Graphic file (type pdf)

<use ./postSSC/25319781982M4M5M6/marginalCLPR/marginalCLPR-0.68-Diagnostic.pdf>
Package pdftex.def Info: ./postSSC/25319781982M4M5M6/marginalCLPR/marginalCLPR-
0.68-Diagnostic.pdf used on input line 385.
(pdftex.def)             Requested size: 516.73338pt x 669.23665pt.

Overfull \hbox (46.97836pt too wide) in paragraph at lines 385--386
 [][] 
 []


LaTeX Warning: Float too large for page by 18.80664pt on input line 386.

[13 <./postSSC/25319781982M4M5M6/marginalCLPR/marginalCLPR-0.68-Diagnostic.pdf>
]
<./postSSC/25319781982M4M5M6/marginalWDOW/marginalWDOW-0.68-Diagnostic.pdf, id=
265, 629.35126pt x 815.045pt>
File: ./postSSC/25319781982M4M5M6/marginalWDOW/marginalWDOW-0.68-Diagnostic.pdf
 Graphic file (type pdf)

<use ./postSSC/25319781982M4M5M6/marginalWDOW/marginalWDOW-0.68-Diagnostic.pdf>
Package pdftex.def Info: ./postSSC/25319781982M4M5M6/marginalWDOW/marginalWDOW-
0.68-Diagnostic.pdf used on input line 391.
(pdftex.def)             Requested size: 516.73338pt x 669.23665pt.

Overfull \hbox (46.97836pt too wide) in paragraph at lines 391--392
 [][] 
 []


LaTeX Warning: Float too large for page by 18.80664pt on input line 392.

[14 <./postSSC/25319781982M4M5M6/marginalWDOW/marginalWDOW-0.68-Diagnostic.pdf>
]
<./postSSC/25319781982M4M5M6/marginalBRWN/marginalBRWN-0.68-Diagnostic.pdf, id=
276, 629.35126pt x 815.045pt>
File: ./postSSC/25319781982M4M5M6/marginalBRWN/marginalBRWN-0.68-Diagnostic.pdf
 Graphic file (type pdf)

<use ./postSSC/25319781982M4M5M6/marginalBRWN/marginalBRWN-0.68-Diagnostic.pdf>
Package pdftex.def Info: ./postSSC/25319781982M4M5M6/marginalBRWN/marginalBRWN-
0.68-Diagnostic.pdf used on input line 397.
(pdftex.def)             Requested size: 516.73338pt x 669.23665pt.

Overfull \hbox (46.97836pt too wide) in paragraph at lines 397--398
 [][] 
 []


LaTeX Warning: Float too large for page by 18.80664pt on input line 398.

[15 <./postSSC/25319781982M4M5M6/marginalBRWN/marginalBRWN-0.68-Diagnostic.pdf>
]
<./postSSC/25319781982M4M5M6/marginalDBRK/marginalDBRK-0.68-Diagnostic.pdf, id=
287, 629.35126pt x 815.045pt>
File: ./postSSC/25319781982M4M5M6/marginalDBRK/marginalDBRK-0.68-Diagnostic.pdf
 Graphic file (type pdf)

<use ./postSSC/25319781982M4M5M6/marginalDBRK/marginalDBRK-0.68-Diagnostic.pdf>
Package pdftex.def Info: ./postSSC/25319781982M4M5M6/marginalDBRK/marginalDBRK-
0.68-Diagnostic.pdf used on input line 403.
(pdftex.def)             Requested size: 516.73338pt x 669.23665pt.

Overfull \hbox (46.97836pt too wide) in paragraph at lines 403--404
 [][] 
 []


LaTeX Warning: Float too large for page by 18.80664pt on input line 404.

[16 <./postSSC/25319781982M4M5M6/marginalDBRK/marginalDBRK-0.68-Diagnostic.pdf>
] <../sscRuns/25319781982M4HC1/sppMad68.pdf, id=302, 1084.05pt x 505.89pt>
File: ../sscRuns/25319781982M4HC1/sppMad68.pdf Graphic file (type pdf)

<use ../sscRuns/25319781982M4HC1/sppMad68.pdf>
Package pdftex.def Info: ../sscRuns/25319781982M4HC1/sppMad68.pdf used on input
 line 508.
(pdftex.def)             Requested size: 281.85587pt x 131.52829pt.

<../sscRuns/25319781982M4HC3/sppMad68.pdf, id=303, 1084.05pt x 505.89pt>
File: ../sscRuns/25319781982M4HC3/sppMad68.pdf Graphic file (type pdf)

<use ../sscRuns/25319781982M4HC3/sppMad68.pdf>
Package pdftex.def Info: ../sscRuns/25319781982M4HC3/sppMad68.pdf used on input
 line 513.
(pdftex.def)             Requested size: 281.85587pt x 131.52829pt.

<../sscRuns/25319781982M4U4/sppMad68.pdf, id=304, 1084.05pt x 505.89pt>
File: ../sscRuns/25319781982M4U4/sppMad68.pdf Graphic file (type pdf)

<use ../sscRuns/25319781982M4U4/sppMad68.pdf>
Package pdftex.def Info: ../sscRuns/25319781982M4U4/sppMad68.pdf used on input 
line 518.
(pdftex.def)             Requested size: 281.85587pt x 131.52829pt.
 [17





 <../sscRuns/25319781982M4HC1/sppMad68.pdf> <../sscRuns/25319781982M4HC3/sppMad
68.pdf> <../sscRuns/25319781982M4U4/sppMad68.pdf>]
<./postSSC/25319781982M4HC1HC3U4/marginalCLPR/marginalCLPR-0.68-Diagnostic.pdf,
 id=328, 629.35126pt x 815.045pt>
File: ./postSSC/25319781982M4HC1HC3U4/marginalCLPR/marginalCLPR-0.68-Diagnostic
.pdf Graphic file (type pdf)

<use ./postSSC/25319781982M4HC1HC3U4/marginalCLPR/marginalCLPR-0.68-Diagnostic.
pdf>
Package pdftex.def Info: ./postSSC/25319781982M4HC1HC3U4/marginalCLPR/marginalC
LPR-0.68-Diagnostic.pdf used on input line 524.
(pdftex.def)             Requested size: 516.73338pt x 669.23665pt.

Overfull \hbox (46.97836pt too wide) in paragraph at lines 524--525
 [][] 
 []


LaTeX Warning: Float too large for page by 18.80664pt on input line 525.

[18 <./postSSC/25319781982M4HC1HC3U4/marginalCLPR/marginalCLPR-0.68-Diagnostic.
pdf>]
<./postSSC/25319781982M4HC1HC3U4/marginalWDOW/marginalWDOW-0.68-Diagnostic.pdf,
 id=339, 629.35126pt x 815.045pt>
File: ./postSSC/25319781982M4HC1HC3U4/marginalWDOW/marginalWDOW-0.68-Diagnostic
.pdf Graphic file (type pdf)

<use ./postSSC/25319781982M4HC1HC3U4/marginalWDOW/marginalWDOW-0.68-Diagnostic.
pdf>
Package pdftex.def Info: ./postSSC/25319781982M4HC1HC3U4/marginalWDOW/marginalW
DOW-0.68-Diagnostic.pdf used on input line 530.
(pdftex.def)             Requested size: 516.73338pt x 669.23665pt.

Overfull \hbox (46.97836pt too wide) in paragraph at lines 530--531
 [][] 
 []


LaTeX Warning: Float too large for page by 18.80664pt on input line 531.

[19 <./postSSC/25319781982M4HC1HC3U4/marginalWDOW/marginalWDOW-0.68-Diagnostic.
pdf>]
<./postSSC/25319781982M4HC1HC3U4/marginalBRWN/marginalBRWN-0.68-Diagnostic.pdf,
 id=351, 629.35126pt x 815.045pt>
File: ./postSSC/25319781982M4HC1HC3U4/marginalBRWN/marginalBRWN-0.68-Diagnostic
.pdf Graphic file (type pdf)

<use ./postSSC/25319781982M4HC1HC3U4/marginalBRWN/marginalBRWN-0.68-Diagnostic.
pdf>
Package pdftex.def Info: ./postSSC/25319781982M4HC1HC3U4/marginalBRWN/marginalB
RWN-0.68-Diagnostic.pdf used on input line 536.
(pdftex.def)             Requested size: 516.73338pt x 669.23665pt.

Overfull \hbox (46.97836pt too wide) in paragraph at lines 536--537
 [][] 
 []


LaTeX Warning: Float too large for page by 18.80664pt on input line 537.

[20 <./postSSC/25319781982M4HC1HC3U4/marginalBRWN/marginalBRWN-0.68-Diagnostic.
pdf>]
<./postSSC/25319781982M4HC1HC3U4/marginalDBRK/marginalDBRK-0.68-Diagnostic.pdf,
 id=362, 629.35126pt x 815.045pt>
File: ./postSSC/25319781982M4HC1HC3U4/marginalDBRK/marginalDBRK-0.68-Diagnostic
.pdf Graphic file (type pdf)

<use ./postSSC/25319781982M4HC1HC3U4/marginalDBRK/marginalDBRK-0.68-Diagnostic.
pdf>
Package pdftex.def Info: ./postSSC/25319781982M4HC1HC3U4/marginalDBRK/marginalD
BRK-0.68-Diagnostic.pdf used on input line 542.
(pdftex.def)             Requested size: 516.73338pt x 669.23665pt.

Overfull \hbox (46.97836pt too wide) in paragraph at lines 542--543
 [][] 
 []


LaTeX Warning: Float too large for page by 18.80664pt on input line 543.

[21 <./postSSC/25319781982M4HC1HC3U4/marginalDBRK/marginalDBRK-0.68-Diagnostic.
pdf>] <../sscRuns/26919781982M4/sppMad68.pdf, id=377, 1084.05pt x 505.89pt>
File: ../sscRuns/26919781982M4/sppMad68.pdf Graphic file (type pdf)

<use ../sscRuns/26919781982M4/sppMad68.pdf>
Package pdftex.def Info: ../sscRuns/26919781982M4/sppMad68.pdf used on input li
ne 643.
(pdftex.def)             Requested size: 281.85587pt x 131.52829pt.

<../sscRuns/26919781982M5/sppMad68.pdf, id=378, 1084.05pt x 505.89pt>
File: ../sscRuns/26919781982M5/sppMad68.pdf Graphic file (type pdf)

<use ../sscRuns/26919781982M5/sppMad68.pdf>
Package pdftex.def Info: ../sscRuns/26919781982M5/sppMad68.pdf used on input li
ne 648.
(pdftex.def)             Requested size: 281.85587pt x 131.52829pt.

<../sscRuns/26919781982M6/sppMad68.pdf, id=379, 1084.05pt x 505.89pt>
File: ../sscRuns/26919781982M6/sppMad68.pdf Graphic file (type pdf)

<use ../sscRuns/26919781982M6/sppMad68.pdf>
Package pdftex.def Info: ../sscRuns/26919781982M6/sppMad68.pdf used on input li
ne 653.
(pdftex.def)             Requested size: 281.85587pt x 131.52829pt.
 [22





 <../sscRuns/26919781982M4/sppMad68.pdf> <../sscRuns/26919781982M5/sppMad68.pdf
> <../sscRuns/26919781982M6/sppMad68.pdf>]
<./postSSC/26919781982M4M5M6/marginalYTRK/marginalYTRK-0.68-Diagnostic.pdf, id=
402, 629.35126pt x 815.045pt>
File: ./postSSC/26919781982M4M5M6/marginalYTRK/marginalYTRK-0.68-Diagnostic.pdf
 Graphic file (type pdf)

<use ./postSSC/26919781982M4M5M6/marginalYTRK/marginalYTRK-0.68-Diagnostic.pdf>
Package pdftex.def Info: ./postSSC/26919781982M4M5M6/marginalYTRK/marginalYTRK-
0.68-Diagnostic.pdf used on input line 659.
(pdftex.def)             Requested size: 516.73338pt x 669.23665pt.

Overfull \hbox (46.97836pt too wide) in paragraph at lines 659--660
 [][] 
 []


LaTeX Warning: Float too large for page by 18.80664pt on input line 660.

[23 <./postSSC/26919781982M4M5M6/marginalYTRK/marginalYTRK-0.68-Diagnostic.pdf>
]
<./postSSC/26919781982M4M5M6/marginalCLPR/marginalCLPR-0.68-Diagnostic.pdf, id=
413, 629.35126pt x 815.045pt>
File: ./postSSC/26919781982M4M5M6/marginalCLPR/marginalCLPR-0.68-Diagnostic.pdf
 Graphic file (type pdf)

<use ./postSSC/26919781982M4M5M6/marginalCLPR/marginalCLPR-0.68-Diagnostic.pdf>
Package pdftex.def Info: ./postSSC/26919781982M4M5M6/marginalCLPR/marginalCLPR-
0.68-Diagnostic.pdf used on input line 665.
(pdftex.def)             Requested size: 516.73338pt x 669.23665pt.

Overfull \hbox (46.97836pt too wide) in paragraph at lines 665--666
 [][] 
 []


LaTeX Warning: Float too large for page by 18.80664pt on input line 666.

[24 <./postSSC/26919781982M4M5M6/marginalCLPR/marginalCLPR-0.68-Diagnostic.pdf>
]
<./postSSC/26919781982M4M5M6/marginalBCAC/marginalBCAC-0.68-Diagnostic.pdf, id=
424, 629.35126pt x 815.045pt>
File: ./postSSC/26919781982M4M5M6/marginalBCAC/marginalBCAC-0.68-Diagnostic.pdf
 Graphic file (type pdf)

<use ./postSSC/26919781982M4M5M6/marginalBCAC/marginalBCAC-0.68-Diagnostic.pdf>
Package pdftex.def Info: ./postSSC/26919781982M4M5M6/marginalBCAC/marginalBCAC-
0.68-Diagnostic.pdf used on input line 671.
(pdftex.def)             Requested size: 516.73338pt x 669.23665pt.

Overfull \hbox (46.97836pt too wide) in paragraph at lines 671--672
 [][] 
 []


LaTeX Warning: Float too large for page by 18.80664pt on input line 672.

[25 <./postSSC/26919781982M4M5M6/marginalBCAC/marginalBCAC-0.68-Diagnostic.pdf>
]
<./postSSC/26919781982M4M5M6/marginalWDOW/marginalWDOW-0.68-Diagnostic.pdf, id=
436, 629.35126pt x 815.045pt>
File: ./postSSC/26919781982M4M5M6/marginalWDOW/marginalWDOW-0.68-Diagnostic.pdf
 Graphic file (type pdf)

<use ./postSSC/26919781982M4M5M6/marginalWDOW/marginalWDOW-0.68-Diagnostic.pdf>
Package pdftex.def Info: ./postSSC/26919781982M4M5M6/marginalWDOW/marginalWDOW-
0.68-Diagnostic.pdf used on input line 677.
(pdftex.def)             Requested size: 516.73338pt x 669.23665pt.

Overfull \hbox (46.97836pt too wide) in paragraph at lines 677--678
 [][] 
 []


LaTeX Warning: Float too large for page by 18.80664pt on input line 678.

[26 <./postSSC/26919781982M4M5M6/marginalWDOW/marginalWDOW-0.68-Diagnostic.pdf>
] <../sscRuns/26919781982M4HC1/sppMad68.pdf, id=451, 1084.05pt x 505.89pt>
File: ../sscRuns/26919781982M4HC1/sppMad68.pdf Graphic file (type pdf)

<use ../sscRuns/26919781982M4HC1/sppMad68.pdf>
Package pdftex.def Info: ../sscRuns/26919781982M4HC1/sppMad68.pdf used on input
 line 772.
(pdftex.def)             Requested size: 281.85587pt x 131.52829pt.

<../sscRuns/26919781982M4HC3/sppMad68.pdf, id=452, 1084.05pt x 505.89pt>
File: ../sscRuns/26919781982M4HC3/sppMad68.pdf Graphic file (type pdf)

<use ../sscRuns/26919781982M4HC3/sppMad68.pdf>
Package pdftex.def Info: ../sscRuns/26919781982M4HC3/sppMad68.pdf used on input
 line 777.
(pdftex.def)             Requested size: 281.85587pt x 131.52829pt.

<../sscRuns/26919781982M4U4/sppMad68.pdf, id=453, 1084.05pt x 505.89pt>
File: ../sscRuns/26919781982M4U4/sppMad68.pdf Graphic file (type pdf)

<use ../sscRuns/26919781982M4U4/sppMad68.pdf>
Package pdftex.def Info: ../sscRuns/26919781982M4U4/sppMad68.pdf used on input 
line 782.
(pdftex.def)             Requested size: 281.85587pt x 131.52829pt.
 [27





 <../sscRuns/26919781982M4HC1/sppMad68.pdf> <../sscRuns/26919781982M4HC3/sppMad
68.pdf> <../sscRuns/26919781982M4U4/sppMad68.pdf>]
<./postSSC/26919781982M4HC1HC3U4/marginalYTRK/marginalYTRK-0.68-Diagnostic.pdf,
 id=477, 629.35126pt x 815.045pt>
File: ./postSSC/26919781982M4HC1HC3U4/marginalYTRK/marginalYTRK-0.68-Diagnostic
.pdf Graphic file (type pdf)

<use ./postSSC/26919781982M4HC1HC3U4/marginalYTRK/marginalYTRK-0.68-Diagnostic.
pdf>
Package pdftex.def Info: ./postSSC/26919781982M4HC1HC3U4/marginalYTRK/marginalY
TRK-0.68-Diagnostic.pdf used on input line 788.
(pdftex.def)             Requested size: 516.73338pt x 669.23665pt.

Overfull \hbox (46.97836pt too wide) in paragraph at lines 788--789
 [][] 
 []


LaTeX Warning: Float too large for page by 18.80664pt on input line 789.

[28 <./postSSC/26919781982M4HC1HC3U4/marginalYTRK/marginalYTRK-0.68-Diagnostic.
pdf>]
<./postSSC/26919781982M4HC1HC3U4/marginalCLPR/marginalCLPR-0.68-Diagnostic.pdf,
 id=488, 629.35126pt x 815.045pt>
File: ./postSSC/26919781982M4HC1HC3U4/marginalCLPR/marginalCLPR-0.68-Diagnostic
.pdf Graphic file (type pdf)

<use ./postSSC/26919781982M4HC1HC3U4/marginalCLPR/marginalCLPR-0.68-Diagnostic.
pdf>
Package pdftex.def Info: ./postSSC/26919781982M4HC1HC3U4/marginalCLPR/marginalC
LPR-0.68-Diagnostic.pdf used on input line 794.
(pdftex.def)             Requested size: 516.73338pt x 669.23665pt.

Overfull \hbox (46.97836pt too wide) in paragraph at lines 794--795
 [][] 
 []


LaTeX Warning: Float too large for page by 18.80664pt on input line 795.

[29 <./postSSC/26919781982M4HC1HC3U4/marginalCLPR/marginalCLPR-0.68-Diagnostic.
pdf>]
<./postSSC/26919781982M4HC1HC3U4/marginalBCAC/marginalBCAC-0.68-Diagnostic.pdf,
 id=499, 629.35126pt x 815.045pt>
File: ./postSSC/26919781982M4HC1HC3U4/marginalBCAC/marginalBCAC-0.68-Diagnostic
.pdf Graphic file (type pdf)

<use ./postSSC/26919781982M4HC1HC3U4/marginalBCAC/marginalBCAC-0.68-Diagnostic.
pdf>
Package pdftex.def Info: ./postSSC/26919781982M4HC1HC3U4/marginalBCAC/marginalB
CAC-0.68-Diagnostic.pdf used on input line 800.
(pdftex.def)             Requested size: 516.73338pt x 669.23665pt.

Overfull \hbox (46.97836pt too wide) in paragraph at lines 800--801
 [][] 
 []


LaTeX Warning: Float too large for page by 18.80664pt on input line 801.

[30 <./postSSC/26919781982M4HC1HC3U4/marginalBCAC/marginalBCAC-0.68-Diagnostic.
pdf>]
<./postSSC/26919781982M4HC1HC3U4/marginalWDOW/marginalWDOW-0.68-Diagnostic.pdf,
 id=510, 629.35126pt x 815.045pt>
File: ./postSSC/26919781982M4HC1HC3U4/marginalWDOW/marginalWDOW-0.68-Diagnostic
.pdf Graphic file (type pdf)

<use ./postSSC/26919781982M4HC1HC3U4/marginalWDOW/marginalWDOW-0.68-Diagnostic.
pdf>
Package pdftex.def Info: ./postSSC/26919781982M4HC1HC3U4/marginalWDOW/marginalW
DOW-0.68-Diagnostic.pdf used on input line 806.
(pdftex.def)             Requested size: 516.73338pt x 669.23665pt.

Overfull \hbox (46.97836pt too wide) in paragraph at lines 806--807
 [][] 
 []


LaTeX Warning: Float too large for page by 18.80664pt on input line 807.

Package atveryend Info: Empty hook `BeforeClearDocument' on input line 965.
[31 <./postSSC/26919781982M4HC1HC3U4/marginalWDOW/marginalWDOW-0.68-Diagnostic.
pdf>]
Package atveryend Info: Empty hook `AfterLastShipout' on input line 965.
 (./comXResponses.aux)
Package atveryend Info: Executing hook `AtVeryEndDocument' on input line 965.
Package atveryend Info: Executing hook `AtEndAfterFileList' on input line 965.


Package rerunfilecheck Warning: File `comXResponses.out' has changed.
(rerunfilecheck)                Rerun to get outlines right
(rerunfilecheck)                or use package `bookmark'.

Package rerunfilecheck Info: Checksums for `comXResponses.out':
(rerunfilecheck)             Before: C6E7D567D2DEAFD51B7BD56C04F95E56;1035
(rerunfilecheck)             After:  C962DC1F471D83635DF8431F6831C521;1059.
Package atveryend Info: Empty hook `AtVeryVeryEnd' on input line 965.
 ) 
Here is how much of TeX's memory you used:
 19084 strings out of 493029
 354072 string characters out of 6136234
 409757 words of memory out of 5000000
 22173 multiletter control sequences out of 15000+600000
 15682 words of font info for 47 fonts, out of 8000000 for 9000
 1141 hyphenation exceptions out of 8191
 55i,10n,54p,518b,327s stack positions out of 5000i,500n,10000p,200000b,80000s
{/usr/share/texmf/fonts/enc/dvips/cm-super/cm-super-t1.enc}</usr/share/texliv
e/texmf-dist/fonts/type1/public/amsfonts/cm/cmmi12.pfb></usr/share/texlive/texm
f-dist/fonts/type1/public/amsfonts/cm/cmr12.pfb></usr/share/texlive/texmf-dist/
fonts/type1/public/amsfonts/cm/cmsy10.pfb></usr/share/texmf/fonts/type1/public/
cm-super/sfbx1200.pfb></usr/share/texmf/fonts/type1/public/cm-super/sfbx1440.pf
b></usr/share/texmf/fonts/type1/public/cm-super/sfbx1728.pfb></usr/share/texmf/
fonts/type1/public/cm-super/sfrm1200.pfb>
Output written on comXResponses.pdf (31 pages, 1752960 bytes).
PDF statistics:
 561 PDF objects out of 1000 (max. 8388607)
 408 compressed objects within 5 object streams
 46 named destinations out of 1000 (max. 500000)
 335 words of extra memory for PDF output out of 10000 (max. 10000000)

