This is pdfTeX, Version 3.1415926-2.5-1.40.14 (TeX Live 2013/Debian) (format=pdflatex 2017.8.23)  13 MAR 2018 23:00
entering extended mode
 restricted \write18 enabled.
 %&-line parsing enabled.
**try1_3.tex
(./try1_3.tex
LaTeX2e <2011/06/27>
Babel <3.9h> and hyphenation patterns for 78 languages loaded.
(/usr/share/texlive/texmf-dist/tex/latex/base/article.cls
Document Class: article 2007/10/19 v1.4h Standard LaTeX document class
(/usr/share/texlive/texmf-dist/tex/latex/base/size12.clo
File: size12.clo 2007/10/19 v1.4h Standard LaTeX file (size option)
)
\c@part=\count79
\c@section=\count80
\c@subsection=\count81
\c@subsubsection=\count82
\c@paragraph=\count83
\c@subparagraph=\count84
\c@figure=\count85
\c@table=\count86
\abovecaptionskip=\skip41
\belowcaptionskip=\skip42
\bibindent=\dimen102
)
(/usr/share/texlive/texmf-dist/tex/latex/graphics/graphicx.sty
Package: graphicx 1999/02/16 v1.0f Enhanced LaTeX Graphics (DPC,SPQR)

(/usr/share/texlive/texmf-dist/tex/latex/graphics/keyval.sty
Package: keyval 1999/03/16 v1.13 key=value parser (DPC)
\KV@toks@=\toks14
)
(/usr/share/texlive/texmf-dist/tex/latex/graphics/graphics.sty
Package: graphics 2009/02/05 v1.0o Standard LaTeX Graphics (DPC,SPQR)

(/usr/share/texlive/texmf-dist/tex/latex/graphics/trig.sty
Package: trig 1999/03/16 v1.09 sin cos tan (DPC)
)
(/usr/share/texlive/texmf-dist/tex/latex/latexconfig/graphics.cfg
File: graphics.cfg 2010/04/23 v1.9 graphics configuration of TeX Live
)
Package graphics Info: Driver file: pdftex.def on input line 91.

(/usr/share/texlive/texmf-dist/tex/latex/pdftex-def/pdftex.def
File: pdftex.def 2011/05/27 v0.06d Graphics/color for pdfTeX

(/usr/share/texlive/texmf-dist/tex/generic/oberdiek/infwarerr.sty
Package: infwarerr 2010/04/08 v1.3 Providing info/warning/error messages (HO)
)
(/usr/share/texlive/texmf-dist/tex/generic/oberdiek/ltxcmds.sty
Package: ltxcmds 2011/11/09 v1.22 LaTeX kernel commands for general use (HO)
)
\Gread@gobject=\count87
))
\Gin@req@height=\dimen103
\Gin@req@width=\dimen104
)
(/usr/share/texlive/texmf-dist/tex/latex/geometry/geometry.sty
Package: geometry 2010/09/12 v5.6 Page Geometry

(/usr/share/texlive/texmf-dist/tex/generic/oberdiek/ifpdf.sty
Package: ifpdf 2011/01/30 v2.3 Provides the ifpdf switch (HO)
Package ifpdf Info: pdfTeX in PDF mode is detected.
)
(/usr/share/texlive/texmf-dist/tex/generic/oberdiek/ifvtex.sty
Package: ifvtex 2010/03/01 v1.5 Detect VTeX and its facilities (HO)
Package ifvtex Info: VTeX not detected.
)
(/usr/share/texlive/texmf-dist/tex/generic/ifxetex/ifxetex.sty
Package: ifxetex 2010/09/12 v0.6 Provides ifxetex conditional
)
\Gm@cnth=\count88
\Gm@cntv=\count89
\c@Gm@tempcnt=\count90
\Gm@bindingoffset=\dimen105
\Gm@wd@mp=\dimen106
\Gm@odd@mp=\dimen107
\Gm@even@mp=\dimen108
\Gm@layoutwidth=\dimen109
\Gm@layoutheight=\dimen110
\Gm@layouthoffset=\dimen111
\Gm@layoutvoffset=\dimen112
\Gm@dimlist=\toks15
)
(/usr/share/texlive/texmf-dist/tex/latex/amsmath/amsmath.sty
Package: amsmath 2013/01/14 v2.14 AMS math features
\@mathmargin=\skip43

For additional information on amsmath, use the `?' option.
(/usr/share/texlive/texmf-dist/tex/latex/amsmath/amstext.sty
Package: amstext 2000/06/29 v2.01

(/usr/share/texlive/texmf-dist/tex/latex/amsmath/amsgen.sty
File: amsgen.sty 1999/11/30 v2.0
\@emptytoks=\toks16
\ex@=\dimen113
))
(/usr/share/texlive/texmf-dist/tex/latex/amsmath/amsbsy.sty
Package: amsbsy 1999/11/29 v1.2d
\pmbraise@=\dimen114
)
(/usr/share/texlive/texmf-dist/tex/latex/amsmath/amsopn.sty
Package: amsopn 1999/12/14 v2.01 operator names
)
\inf@bad=\count91
LaTeX Info: Redefining \frac on input line 210.
\uproot@=\count92
\leftroot@=\count93
LaTeX Info: Redefining \overline on input line 306.
\classnum@=\count94
\DOTSCASE@=\count95
LaTeX Info: Redefining \ldots on input line 378.
LaTeX Info: Redefining \dots on input line 381.
LaTeX Info: Redefining \cdots on input line 466.
\Mathstrutbox@=\box26
\strutbox@=\box27
\big@size=\dimen115
LaTeX Font Info:    Redeclaring font encoding OML on input line 566.
LaTeX Font Info:    Redeclaring font encoding OMS on input line 567.
\macc@depth=\count96
\c@MaxMatrixCols=\count97
\dotsspace@=\muskip10
\c@parentequation=\count98
\dspbrk@lvl=\count99
\tag@help=\toks17
\row@=\count100
\column@=\count101
\maxfields@=\count102
\andhelp@=\toks18
\eqnshift@=\dimen116
\alignsep@=\dimen117
\tagshift@=\dimen118
\tagwidth@=\dimen119
\totwidth@=\dimen120
\lineht@=\dimen121
\@envbody=\toks19
\multlinegap=\skip44
\multlinetaggap=\skip45
\mathdisplay@stack=\toks20
LaTeX Info: Redefining \[ on input line 2665.
LaTeX Info: Redefining \] on input line 2666.
)
(/usr/share/texlive/texmf-dist/tex/latex/amsfonts/amssymb.sty
Package: amssymb 2013/01/14 v3.01 AMS font symbols

(/usr/share/texlive/texmf-dist/tex/latex/amsfonts/amsfonts.sty
Package: amsfonts 2013/01/14 v3.01 Basic AMSFonts support
\symAMSa=\mathgroup4
\symAMSb=\mathgroup5
LaTeX Font Info:    Overwriting math alphabet `\mathfrak' in version `bold'
(Font)                  U/euf/m/n --> U/euf/b/n on input line 106.
))
(/usr/share/texlive/texmf-dist/tex/latex/base/fontenc.sty
Package: fontenc 2005/09/27 v1.99g Standard LaTeX package

(/usr/share/texlive/texmf-dist/tex/latex/base/t1enc.def
File: t1enc.def 2005/09/27 v1.99g Standard LaTeX file
LaTeX Font Info:    Redeclaring font encoding T1 on input line 43.
))
(/usr/share/texlive/texmf-dist/tex/latex/listings/listings.sty
\lst@mode=\count103
\lst@gtempboxa=\box28
\lst@token=\toks21
\lst@length=\count104
\lst@currlwidth=\dimen122
\lst@column=\count105
\lst@pos=\count106
\lst@lostspace=\dimen123
\lst@width=\dimen124
\lst@newlines=\count107
\lst@lineno=\count108
\lst@maxwidth=\dimen125

(/usr/share/texlive/texmf-dist/tex/latex/listings/lstmisc.sty
File: lstmisc.sty 2013/08/26 1.5b (Carsten Heinz)
\c@lstnumber=\count109
\lst@skipnumbers=\count110
\lst@framebox=\box29
)
(/usr/share/texlive/texmf-dist/tex/latex/listings/listings.cfg
File: listings.cfg 2013/08/26 1.5b listings configuration
))
Package: listings 2013/08/26 1.5b (Carsten Heinz)

(/usr/share/texlive/texmf-dist/tex/latex/tools/bm.sty
Package: bm 2004/02/26 v1.1c Bold Symbol Support (DPC/FMi)
\symboldoperators=\mathgroup6
\symboldletters=\mathgroup7
\symboldsymbols=\mathgroup8
LaTeX Font Info:    Redeclaring math alphabet \mathbf on input line 138.
LaTeX Info: Redefining \bm on input line 204.
)
(/usr/share/texlive/texmf-dist/tex/latex/hyperref/hyperref.sty
Package: hyperref 2012/11/06 v6.83m Hypertext links for LaTeX

(/usr/share/texlive/texmf-dist/tex/generic/oberdiek/hobsub-hyperref.sty
Package: hobsub-hyperref 2012/05/28 v1.13 Bundle oberdiek, subset hyperref (HO)


(/usr/share/texlive/texmf-dist/tex/generic/oberdiek/hobsub-generic.sty
Package: hobsub-generic 2012/05/28 v1.13 Bundle oberdiek, subset generic (HO)
Package: hobsub 2012/05/28 v1.13 Construct package bundles (HO)
Package hobsub Info: Skipping package `infwarerr' (already loaded).
Package hobsub Info: Skipping package `ltxcmds' (already loaded).
Package: ifluatex 2010/03/01 v1.3 Provides the ifluatex switch (HO)
Package ifluatex Info: LuaTeX not detected.
Package hobsub Info: Skipping package `ifvtex' (already loaded).
Package: intcalc 2007/09/27 v1.1 Expandable calculations with integers (HO)
Package hobsub Info: Skipping package `ifpdf' (already loaded).
Package: etexcmds 2011/02/16 v1.5 Avoid name clashes with e-TeX commands (HO)
Package etexcmds Info: Could not find \expanded.
(etexcmds)             That can mean that you are not using pdfTeX 1.50 or
(etexcmds)             that some package has redefined \expanded.
(etexcmds)             In the latter case, load this package earlier.
Package: kvsetkeys 2012/04/25 v1.16 Key value parser (HO)
Package: kvdefinekeys 2011/04/07 v1.3 Define keys (HO)
Package: pdftexcmds 2011/11/29 v0.20 Utility functions of pdfTeX for LuaTeX (HO
)
Package pdftexcmds Info: LuaTeX not detected.
Package pdftexcmds Info: \pdf@primitive is available.
Package pdftexcmds Info: \pdf@ifprimitive is available.
Package pdftexcmds Info: \pdfdraftmode found.
Package: pdfescape 2011/11/25 v1.13 Implements pdfTeX's escape features (HO)
Package: bigintcalc 2012/04/08 v1.3 Expandable calculations on big integers (HO
)
Package: bitset 2011/01/30 v1.1 Handle bit-vector datatype (HO)
Package: uniquecounter 2011/01/30 v1.2 Provide unlimited unique counter (HO)
)
Package hobsub Info: Skipping package `hobsub' (already loaded).
Package: letltxmacro 2010/09/02 v1.4 Let assignment for LaTeX macros (HO)
Package: hopatch 2012/05/28 v1.2 Wrapper for package hooks (HO)
Package: xcolor-patch 2011/01/30 xcolor patch
Package: atveryend 2011/06/30 v1.8 Hooks at the very end of document (HO)
Package atveryend Info: \enddocument detected (standard20110627).
Package: atbegshi 2011/10/05 v1.16 At begin shipout hook (HO)
Package: refcount 2011/10/16 v3.4 Data extraction from label references (HO)
Package: hycolor 2011/01/30 v1.7 Color options for hyperref/bookmark (HO)
)
(/usr/share/texlive/texmf-dist/tex/latex/oberdiek/auxhook.sty
Package: auxhook 2011/03/04 v1.3 Hooks for auxiliary files (HO)
)
(/usr/share/texlive/texmf-dist/tex/latex/oberdiek/kvoptions.sty
Package: kvoptions 2011/06/30 v3.11 Key value format for package options (HO)
)
\@linkdim=\dimen126
\Hy@linkcounter=\count111
\Hy@pagecounter=\count112

(/usr/share/texlive/texmf-dist/tex/latex/hyperref/pd1enc.def
File: pd1enc.def 2012/11/06 v6.83m Hyperref: PDFDocEncoding definition (HO)
)
\Hy@SavedSpaceFactor=\count113

(/usr/share/texlive/texmf-dist/tex/latex/latexconfig/hyperref.cfg
File: hyperref.cfg 2002/06/06 v1.2 hyperref configuration of TeXLive
)
Package hyperref Info: Hyper figures OFF on input line 4443.
Package hyperref Info: Link nesting OFF on input line 4448.
Package hyperref Info: Hyper index ON on input line 4451.
Package hyperref Info: Plain pages OFF on input line 4458.
Package hyperref Info: Backreferencing OFF on input line 4463.
Package hyperref Info: Implicit mode ON; LaTeX internals redefined.
Package hyperref Info: Bookmarks ON on input line 4688.
\c@Hy@tempcnt=\count114

(/usr/share/texlive/texmf-dist/tex/latex/url/url.sty
\Urlmuskip=\muskip11
Package: url 2013/09/16  ver 3.4  Verb mode for urls, etc.
)
LaTeX Info: Redefining \url on input line 5041.
\XeTeXLinkMargin=\dimen127
\Fld@menulength=\count115
\Field@Width=\dimen128
\Fld@charsize=\dimen129
Package hyperref Info: Hyper figures OFF on input line 6295.
Package hyperref Info: Link nesting OFF on input line 6300.
Package hyperref Info: Hyper index ON on input line 6303.
Package hyperref Info: backreferencing OFF on input line 6310.
Package hyperref Info: Link coloring OFF on input line 6315.
Package hyperref Info: Link coloring with OCG OFF on input line 6320.
Package hyperref Info: PDF/A mode OFF on input line 6325.
LaTeX Info: Redefining \ref on input line 6365.
LaTeX Info: Redefining \pageref on input line 6369.
\Hy@abspage=\count116
\c@Item=\count117
\c@Hfootnote=\count118
)

Package hyperref Message: Driver (autodetected): hpdftex.

(/usr/share/texlive/texmf-dist/tex/latex/hyperref/hpdftex.def
File: hpdftex.def 2012/11/06 v6.83m Hyperref driver for pdfTeX
\Fld@listcount=\count119
\c@bookmark@seq@number=\count120

(/usr/share/texlive/texmf-dist/tex/latex/oberdiek/rerunfilecheck.sty
Package: rerunfilecheck 2011/04/15 v1.7 Rerun checks for auxiliary files (HO)
Package uniquecounter Info: New unique counter `rerunfilecheck' on input line 2
82.
)
\Hy@SectionHShift=\skip46
)
(/usr/share/texlive/texmf-dist/tex/latex/setspace/setspace.sty
Package: setspace 2011/12/19 v6.7a set line spacing
)
(/usr/share/texlive/texmf-dist/tex/latex/graphics/color.sty
Package: color 2005/11/14 v1.0j Standard LaTeX Color (DPC)

(/usr/share/texlive/texmf-dist/tex/latex/latexconfig/color.cfg
File: color.cfg 2007/01/18 v1.5 color configuration of teTeX/TeXLive
)
Package color Info: Driver file: pdftex.def on input line 130.
)
(/usr/share/texlive/texmf-dist/tex/latex/base/inputenc.sty
Package: inputenc 2008/03/30 v1.1d Input encoding file
\inpenc@prehook=\toks22
\inpenc@posthook=\toks23

(/usr/share/texlive/texmf-dist/tex/latex/base/utf8.def
File: utf8.def 2008/04/05 v1.1m UTF-8 support for inputenc
Now handling font encoding OML ...
... no UTF-8 mapping file for font encoding OML
Now handling font encoding T1 ...
... processing UTF-8 mapping file for font encoding T1

(/usr/share/texlive/texmf-dist/tex/latex/base/t1enc.dfu
File: t1enc.dfu 2008/04/05 v1.1m UTF-8 support for inputenc
   defining Unicode char U+00A1 (decimal 161)
   defining Unicode char U+00A3 (decimal 163)
   defining Unicode char U+00AB (decimal 171)
   defining Unicode char U+00BB (decimal 187)
   defining Unicode char U+00BF (decimal 191)
   defining Unicode char U+00C0 (decimal 192)
   defining Unicode char U+00C1 (decimal 193)
   defining Unicode char U+00C2 (decimal 194)
   defining Unicode char U+00C3 (decimal 195)
   defining Unicode char U+00C4 (decimal 196)
   defining Unicode char U+00C5 (decimal 197)
   defining Unicode char U+00C6 (decimal 198)
   defining Unicode char U+00C7 (decimal 199)
   defining Unicode char U+00C8 (decimal 200)
   defining Unicode char U+00C9 (decimal 201)
   defining Unicode char U+00CA (decimal 202)
   defining Unicode char U+00CB (decimal 203)
   defining Unicode char U+00CC (decimal 204)
   defining Unicode char U+00CD (decimal 205)
   defining Unicode char U+00CE (decimal 206)
   defining Unicode char U+00CF (decimal 207)
   defining Unicode char U+00D0 (decimal 208)
   defining Unicode char U+00D1 (decimal 209)
   defining Unicode char U+00D2 (decimal 210)
   defining Unicode char U+00D3 (decimal 211)
   defining Unicode char U+00D4 (decimal 212)
   defining Unicode char U+00D5 (decimal 213)
   defining Unicode char U+00D6 (decimal 214)
   defining Unicode char U+00D8 (decimal 216)
   defining Unicode char U+00D9 (decimal 217)
   defining Unicode char U+00DA (decimal 218)
   defining Unicode char U+00DB (decimal 219)
   defining Unicode char U+00DC (decimal 220)
   defining Unicode char U+00DD (decimal 221)
   defining Unicode char U+00DE (decimal 222)
   defining Unicode char U+00DF (decimal 223)
   defining Unicode char U+00E0 (decimal 224)
   defining Unicode char U+00E1 (decimal 225)
   defining Unicode char U+00E2 (decimal 226)
   defining Unicode char U+00E3 (decimal 227)
   defining Unicode char U+00E4 (decimal 228)
   defining Unicode char U+00E5 (decimal 229)
   defining Unicode char U+00E6 (decimal 230)
   defining Unicode char U+00E7 (decimal 231)
   defining Unicode char U+00E8 (decimal 232)
   defining Unicode char U+00E9 (decimal 233)
   defining Unicode char U+00EA (decimal 234)
   defining Unicode char U+00EB (decimal 235)
   defining Unicode char U+00EC (decimal 236)
   defining Unicode char U+00ED (decimal 237)
   defining Unicode char U+00EE (decimal 238)
   defining Unicode char U+00EF (decimal 239)
   defining Unicode char U+00F0 (decimal 240)
   defining Unicode char U+00F1 (decimal 241)
   defining Unicode char U+00F2 (decimal 242)
   defining Unicode char U+00F3 (decimal 243)
   defining Unicode char U+00F4 (decimal 244)
   defining Unicode char U+00F5 (decimal 245)
   defining Unicode char U+00F6 (decimal 246)
   defining Unicode char U+00F8 (decimal 248)
   defining Unicode char U+00F9 (decimal 249)
   defining Unicode char U+00FA (decimal 250)
   defining Unicode char U+00FB (decimal 251)
   defining Unicode char U+00FC (decimal 252)
   defining Unicode char U+00FD (decimal 253)
   defining Unicode char U+00FE (decimal 254)
   defining Unicode char U+00FF (decimal 255)
   defining Unicode char U+0102 (decimal 258)
   defining Unicode char U+0103 (decimal 259)
   defining Unicode char U+0104 (decimal 260)
   defining Unicode char U+0105 (decimal 261)
   defining Unicode char U+0106 (decimal 262)
   defining Unicode char U+0107 (decimal 263)
   defining Unicode char U+010C (decimal 268)
   defining Unicode char U+010D (decimal 269)
   defining Unicode char U+010E (decimal 270)
   defining Unicode char U+010F (decimal 271)
   defining Unicode char U+0110 (decimal 272)
   defining Unicode char U+0111 (decimal 273)
   defining Unicode char U+0118 (decimal 280)
   defining Unicode char U+0119 (decimal 281)
   defining Unicode char U+011A (decimal 282)
   defining Unicode char U+011B (decimal 283)
   defining Unicode char U+011E (decimal 286)
   defining Unicode char U+011F (decimal 287)
   defining Unicode char U+0130 (decimal 304)
   defining Unicode char U+0131 (decimal 305)
   defining Unicode char U+0132 (decimal 306)
   defining Unicode char U+0133 (decimal 307)
   defining Unicode char U+0139 (decimal 313)
   defining Unicode char U+013A (decimal 314)
   defining Unicode char U+013D (decimal 317)
   defining Unicode char U+013E (decimal 318)
   defining Unicode char U+0141 (decimal 321)
   defining Unicode char U+0142 (decimal 322)
   defining Unicode char U+0143 (decimal 323)
   defining Unicode char U+0144 (decimal 324)
   defining Unicode char U+0147 (decimal 327)
   defining Unicode char U+0148 (decimal 328)
   defining Unicode char U+014A (decimal 330)
   defining Unicode char U+014B (decimal 331)
   defining Unicode char U+0150 (decimal 336)
   defining Unicode char U+0151 (decimal 337)
   defining Unicode char U+0152 (decimal 338)
   defining Unicode char U+0153 (decimal 339)
   defining Unicode char U+0154 (decimal 340)
   defining Unicode char U+0155 (decimal 341)
   defining Unicode char U+0158 (decimal 344)
   defining Unicode char U+0159 (decimal 345)
   defining Unicode char U+015A (decimal 346)
   defining Unicode char U+015B (decimal 347)
   defining Unicode char U+015E (decimal 350)
   defining Unicode char U+015F (decimal 351)
   defining Unicode char U+0160 (decimal 352)
   defining Unicode char U+0161 (decimal 353)
   defining Unicode char U+0162 (decimal 354)
   defining Unicode char U+0163 (decimal 355)
   defining Unicode char U+0164 (decimal 356)
   defining Unicode char U+0165 (decimal 357)
   defining Unicode char U+016E (decimal 366)
   defining Unicode char U+016F (decimal 367)
   defining Unicode char U+0170 (decimal 368)
   defining Unicode char U+0171 (decimal 369)
   defining Unicode char U+0178 (decimal 376)
   defining Unicode char U+0179 (decimal 377)
   defining Unicode char U+017A (decimal 378)
   defining Unicode char U+017B (decimal 379)
   defining Unicode char U+017C (decimal 380)
   defining Unicode char U+017D (decimal 381)
   defining Unicode char U+017E (decimal 382)
   defining Unicode char U+200C (decimal 8204)
   defining Unicode char U+2013 (decimal 8211)
   defining Unicode char U+2014 (decimal 8212)
   defining Unicode char U+2018 (decimal 8216)
   defining Unicode char U+2019 (decimal 8217)
   defining Unicode char U+201A (decimal 8218)
   defining Unicode char U+201C (decimal 8220)
   defining Unicode char U+201D (decimal 8221)
   defining Unicode char U+201E (decimal 8222)
   defining Unicode char U+2030 (decimal 8240)
   defining Unicode char U+2031 (decimal 8241)
   defining Unicode char U+2039 (decimal 8249)
   defining Unicode char U+203A (decimal 8250)
   defining Unicode char U+2423 (decimal 9251)
)
Now handling font encoding OT1 ...
... processing UTF-8 mapping file for font encoding OT1

(/usr/share/texlive/texmf-dist/tex/latex/base/ot1enc.dfu
File: ot1enc.dfu 2008/04/05 v1.1m UTF-8 support for inputenc
   defining Unicode char U+00A1 (decimal 161)
   defining Unicode char U+00A3 (decimal 163)
   defining Unicode char U+00B8 (decimal 184)
   defining Unicode char U+00BF (decimal 191)
   defining Unicode char U+00C5 (decimal 197)
   defining Unicode char U+00C6 (decimal 198)
   defining Unicode char U+00D8 (decimal 216)
   defining Unicode char U+00DF (decimal 223)
   defining Unicode char U+00E6 (decimal 230)
   defining Unicode char U+00EC (decimal 236)
   defining Unicode char U+00ED (decimal 237)
   defining Unicode char U+00EE (decimal 238)
   defining Unicode char U+00EF (decimal 239)
   defining Unicode char U+00F8 (decimal 248)
   defining Unicode char U+0131 (decimal 305)
   defining Unicode char U+0141 (decimal 321)
   defining Unicode char U+0142 (decimal 322)
   defining Unicode char U+0152 (decimal 338)
   defining Unicode char U+0153 (decimal 339)
   defining Unicode char U+2013 (decimal 8211)
   defining Unicode char U+2014 (decimal 8212)
   defining Unicode char U+2018 (decimal 8216)
   defining Unicode char U+2019 (decimal 8217)
   defining Unicode char U+201C (decimal 8220)
   defining Unicode char U+201D (decimal 8221)
)
Now handling font encoding OMS ...
... processing UTF-8 mapping file for font encoding OMS

(/usr/share/texlive/texmf-dist/tex/latex/base/omsenc.dfu
File: omsenc.dfu 2008/04/05 v1.1m UTF-8 support for inputenc
   defining Unicode char U+00A7 (decimal 167)
   defining Unicode char U+00B6 (decimal 182)
   defining Unicode char U+00B7 (decimal 183)
   defining Unicode char U+2020 (decimal 8224)
   defining Unicode char U+2021 (decimal 8225)
   defining Unicode char U+2022 (decimal 8226)
)
Now handling font encoding OMX ...
... no UTF-8 mapping file for font encoding OMX
Now handling font encoding U ...
... no UTF-8 mapping file for font encoding U
Now handling font encoding PD1 ...
... no UTF-8 mapping file for font encoding PD1
   defining Unicode char U+00A9 (decimal 169)
   defining Unicode char U+00AA (decimal 170)
   defining Unicode char U+00AE (decimal 174)
   defining Unicode char U+00BA (decimal 186)
   defining Unicode char U+02C6 (decimal 710)
   defining Unicode char U+02DC (decimal 732)
   defining Unicode char U+200C (decimal 8204)
   defining Unicode char U+2026 (decimal 8230)
   defining Unicode char U+2122 (decimal 8482)
   defining Unicode char U+2423 (decimal 9251)
))
(/usr/share/texlive/texmf-dist/tex/latex/psfrag/psfrag.sty
Package: psfrag 1998/04/11 v3.04 PSfrag (MCG)
\pfg@pcount=\count121
\pfg@scount=\count122
\pfg@temp=\write3
)
(/usr/share/texmf/tex/latex/xcolor/xcolor.sty
Package: xcolor 2007/01/21 v2.11 LaTeX color extensions (UK)

(/usr/share/texlive/texmf-dist/tex/latex/latexconfig/color.cfg
File: color.cfg 2007/01/18 v1.5 color configuration of teTeX/TeXLive
)
Package xcolor Info: Driver file: pdftex.def on input line 225.

(/usr/share/texlive/texmf-dist/tex/latex/colortbl/colortbl.sty
Package: colortbl 2012/02/13 v1.0a Color table columns (DPC)

(/usr/share/texlive/texmf-dist/tex/latex/tools/array.sty
Package: array 2008/09/09 v2.4c Tabular extension package (FMi)
\col@sep=\dimen130
\extrarowheight=\dimen131
\NC@list=\toks24
\extratabsurround=\skip47
\backup@length=\skip48
)
\everycr=\toks25
\minrowclearance=\skip49
)
LaTeX Info: Redefining \color on input line 702.
\rownum=\count123
Package xcolor Info: Model `cmy' substituted by `cmy0' on input line 1337.
Package xcolor Info: Model `hsb' substituted by `rgb' on input line 1341.
Package xcolor Info: Model `RGB' extended on input line 1353.
Package xcolor Info: Model `HTML' substituted by `rgb' on input line 1355.
Package xcolor Info: Model `Hsb' substituted by `hsb' on input line 1356.
Package xcolor Info: Model `tHsb' substituted by `hsb' on input line 1357.
Package xcolor Info: Model `HSB' substituted by `hsb' on input line 1358.
Package xcolor Info: Model `Gray' substituted by `gray' on input line 1359.
Package xcolor Info: Model `wave' substituted by `hsb' on input line 1360.
)
(/usr/share/texlive/texmf-dist/tex/latex/oberdiek/pdflscape.sty
Package: pdflscape 2008/08/11 v0.10 Display of landscape pages in PDF (HO)

(/usr/share/texlive/texmf-dist/tex/latex/graphics/lscape.sty
Package: lscape 2000/10/22 v3.01 Landscape Pages (DPC)
)
Package pdflscape Info: Auto-detected driver: pdftex on input line 80.
)
(/usr/share/texmf/tex/latex/pgf/frontendlayer/tikz.sty
(/usr/share/texmf/tex/latex/pgf/basiclayer/pgf.sty
(/usr/share/texmf/tex/latex/pgf/utilities/pgfrcs.sty
(/usr/share/texmf/tex/generic/pgf/utilities/pgfutil-common.tex
\pgfutil@everybye=\toks26
)
(/usr/share/texmf/tex/generic/pgf/utilities/pgfutil-latex.def
\pgfutil@abb=\box30

(/usr/share/texlive/texmf-dist/tex/latex/ms/everyshi.sty
Package: everyshi 2001/05/15 v3.00 EveryShipout Package (MS)
))
(/usr/share/texmf/tex/generic/pgf/utilities/pgfrcs.code.tex
Package: pgfrcs 2010/10/25 v2.10 (rcs-revision 1.24)
))
Package: pgf 2008/01/15 v2.10 (rcs-revision 1.12)

(/usr/share/texmf/tex/latex/pgf/basiclayer/pgfcore.sty
(/usr/share/texmf/tex/latex/pgf/systemlayer/pgfsys.sty
(/usr/share/texmf/tex/generic/pgf/systemlayer/pgfsys.code.tex
Package: pgfsys 2010/06/30 v2.10 (rcs-revision 1.37)

(/usr/share/texmf/tex/generic/pgf/utilities/pgfkeys.code.tex
\pgfkeys@pathtoks=\toks27
\pgfkeys@temptoks=\toks28

(/usr/share/texmf/tex/generic/pgf/utilities/pgfkeysfiltered.code.tex
\pgfkeys@tmptoks=\toks29
))
\pgf@x=\dimen132
\pgf@y=\dimen133
\pgf@xa=\dimen134
\pgf@ya=\dimen135
\pgf@xb=\dimen136
\pgf@yb=\dimen137
\pgf@xc=\dimen138
\pgf@yc=\dimen139
\w@pgf@writea=\write4
\r@pgf@reada=\read1
\c@pgf@counta=\count124
\c@pgf@countb=\count125
\c@pgf@countc=\count126
\c@pgf@countd=\count127

(/usr/share/texmf/tex/generic/pgf/systemlayer/pgf.cfg
File: pgf.cfg 2008/05/14  (rcs-revision 1.7)
)
Package pgfsys Info: Driver file for pgf: pgfsys-pdftex.def on input line 900.

(/usr/share/texmf/tex/generic/pgf/systemlayer/pgfsys-pdftex.def
File: pgfsys-pdftex.def 2009/05/22  (rcs-revision 1.26)

(/usr/share/texmf/tex/generic/pgf/systemlayer/pgfsys-common-pdf.def
File: pgfsys-common-pdf.def 2008/05/19  (rcs-revision 1.10)
)))
(/usr/share/texmf/tex/generic/pgf/systemlayer/pgfsyssoftpath.code.tex
File: pgfsyssoftpath.code.tex 2008/07/18  (rcs-revision 1.7)
\pgfsyssoftpath@smallbuffer@items=\count128
\pgfsyssoftpath@bigbuffer@items=\count129
)
(/usr/share/texmf/tex/generic/pgf/systemlayer/pgfsysprotocol.code.tex
File: pgfsysprotocol.code.tex 2006/10/16  (rcs-revision 1.4)
))
(/usr/share/texmf/tex/generic/pgf/basiclayer/pgfcore.code.tex
Package: pgfcore 2010/04/11 v2.10 (rcs-revision 1.7)

(/usr/share/texmf/tex/generic/pgf/math/pgfmath.code.tex
(/usr/share/texmf/tex/generic/pgf/math/pgfmathcalc.code.tex
(/usr/share/texmf/tex/generic/pgf/math/pgfmathutil.code.tex)
(/usr/share/texmf/tex/generic/pgf/math/pgfmathparser.code.tex
\pgfmath@dimen=\dimen140
\pgfmath@count=\count130
\pgfmath@box=\box31
\pgfmath@toks=\toks30
\pgfmath@stack@operand=\toks31
\pgfmath@stack@operation=\toks32
)
(/usr/share/texmf/tex/generic/pgf/math/pgfmathfunctions.code.tex
(/usr/share/texmf/tex/generic/pgf/math/pgfmathfunctions.basic.code.tex)
(/usr/share/texmf/tex/generic/pgf/math/pgfmathfunctions.trigonometric.code.tex)
(/usr/share/texmf/tex/generic/pgf/math/pgfmathfunctions.random.code.tex)
(/usr/share/texmf/tex/generic/pgf/math/pgfmathfunctions.comparison.code.tex)
(/usr/share/texmf/tex/generic/pgf/math/pgfmathfunctions.base.code.tex)
(/usr/share/texmf/tex/generic/pgf/math/pgfmathfunctions.round.code.tex)
(/usr/share/texmf/tex/generic/pgf/math/pgfmathfunctions.misc.code.tex)))
(/usr/share/texmf/tex/generic/pgf/math/pgfmathfloat.code.tex
\c@pgfmathroundto@lastzeros=\count131
))
(/usr/share/texmf/tex/generic/pgf/basiclayer/pgfcorepoints.code.tex
File: pgfcorepoints.code.tex 2010/04/09  (rcs-revision 1.20)
\pgf@picminx=\dimen141
\pgf@picmaxx=\dimen142
\pgf@picminy=\dimen143
\pgf@picmaxy=\dimen144
\pgf@pathminx=\dimen145
\pgf@pathmaxx=\dimen146
\pgf@pathminy=\dimen147
\pgf@pathmaxy=\dimen148
\pgf@xx=\dimen149
\pgf@xy=\dimen150
\pgf@yx=\dimen151
\pgf@yy=\dimen152
\pgf@zx=\dimen153
\pgf@zy=\dimen154
)
(/usr/share/texmf/tex/generic/pgf/basiclayer/pgfcorepathconstruct.code.tex
File: pgfcorepathconstruct.code.tex 2010/08/03  (rcs-revision 1.24)
\pgf@path@lastx=\dimen155
\pgf@path@lasty=\dimen156
)
(/usr/share/texmf/tex/generic/pgf/basiclayer/pgfcorepathusage.code.tex
File: pgfcorepathusage.code.tex 2008/04/22  (rcs-revision 1.12)
\pgf@shorten@end@additional=\dimen157
\pgf@shorten@start@additional=\dimen158
)
(/usr/share/texmf/tex/generic/pgf/basiclayer/pgfcorescopes.code.tex
File: pgfcorescopes.code.tex 2010/09/08  (rcs-revision 1.34)
\pgfpic=\box32
\pgf@hbox=\box33
\pgf@layerbox@main=\box34
\pgf@picture@serial@count=\count132
)
(/usr/share/texmf/tex/generic/pgf/basiclayer/pgfcoregraphicstate.code.tex
File: pgfcoregraphicstate.code.tex 2008/04/22  (rcs-revision 1.9)
\pgflinewidth=\dimen159
)
(/usr/share/texmf/tex/generic/pgf/basiclayer/pgfcoretransformations.code.tex
File: pgfcoretransformations.code.tex 2009/06/10  (rcs-revision 1.11)
\pgf@pt@x=\dimen160
\pgf@pt@y=\dimen161
\pgf@pt@temp=\dimen162
)
(/usr/share/texmf/tex/generic/pgf/basiclayer/pgfcorequick.code.tex
File: pgfcorequick.code.tex 2008/10/09  (rcs-revision 1.3)
)
(/usr/share/texmf/tex/generic/pgf/basiclayer/pgfcoreobjects.code.tex
File: pgfcoreobjects.code.tex 2006/10/11  (rcs-revision 1.2)
)
(/usr/share/texmf/tex/generic/pgf/basiclayer/pgfcorepathprocessing.code.tex
File: pgfcorepathprocessing.code.tex 2008/10/09  (rcs-revision 1.8)
)
(/usr/share/texmf/tex/generic/pgf/basiclayer/pgfcorearrows.code.tex
File: pgfcorearrows.code.tex 2008/04/23  (rcs-revision 1.11)
)
(/usr/share/texmf/tex/generic/pgf/basiclayer/pgfcoreshade.code.tex
File: pgfcoreshade.code.tex 2008/11/23  (rcs-revision 1.13)
\pgf@max=\dimen163
\pgf@sys@shading@range@num=\count133
)
(/usr/share/texmf/tex/generic/pgf/basiclayer/pgfcoreimage.code.tex
File: pgfcoreimage.code.tex 2010/03/25  (rcs-revision 1.16)

(/usr/share/texmf/tex/generic/pgf/basiclayer/pgfcoreexternal.code.tex
File: pgfcoreexternal.code.tex 2010/09/01  (rcs-revision 1.17)
\pgfexternal@startupbox=\box35
))
(/usr/share/texmf/tex/generic/pgf/basiclayer/pgfcorelayers.code.tex
File: pgfcorelayers.code.tex 2010/08/27  (rcs-revision 1.2)
)
(/usr/share/texmf/tex/generic/pgf/basiclayer/pgfcoretransparency.code.tex
File: pgfcoretransparency.code.tex 2008/01/17  (rcs-revision 1.2)
)
(/usr/share/texmf/tex/generic/pgf/basiclayer/pgfcorepatterns.code.tex
File: pgfcorepatterns.code.tex 2009/07/02  (rcs-revision 1.3)
)))
(/usr/share/texmf/tex/generic/pgf/modules/pgfmoduleshapes.code.tex
File: pgfmoduleshapes.code.tex 2010/09/09  (rcs-revision 1.13)
\pgfnodeparttextbox=\box36
)
(/usr/share/texmf/tex/generic/pgf/modules/pgfmoduleplot.code.tex
File: pgfmoduleplot.code.tex 2010/10/22  (rcs-revision 1.8)
)
(/usr/share/texmf/tex/latex/pgf/compatibility/pgfcomp-version-0-65.sty
Package: pgfcomp-version-0-65 2007/07/03 v2.10 (rcs-revision 1.7)
\pgf@nodesepstart=\dimen164
\pgf@nodesepend=\dimen165
)
(/usr/share/texmf/tex/latex/pgf/compatibility/pgfcomp-version-1-18.sty
Package: pgfcomp-version-1-18 2007/07/23 v2.10 (rcs-revision 1.1)
))
(/usr/share/texmf/tex/latex/pgf/utilities/pgffor.sty
(/usr/share/texmf/tex/latex/pgf/utilities/pgfkeys.sty
(/usr/share/texmf/tex/generic/pgf/utilities/pgfkeys.code.tex))
(/usr/share/texmf/tex/generic/pgf/utilities/pgffor.code.tex
Package: pgffor 2010/03/23 v2.10 (rcs-revision 1.18)
\pgffor@iter=\dimen166
\pgffor@skip=\dimen167
\pgffor@stack=\toks33
\pgffor@toks=\toks34
))
(/usr/share/texmf/tex/generic/pgf/frontendlayer/tikz/tikz.code.tex
Package: tikz 2010/10/13 v2.10 (rcs-revision 1.76)

(/usr/share/texmf/tex/generic/pgf/libraries/pgflibraryplothandlers.code.tex
File: pgflibraryplothandlers.code.tex 2010/05/31 v2.10 (rcs-revision 1.15)
\pgf@plot@mark@count=\count134
\pgfplotmarksize=\dimen168
)
\tikz@lastx=\dimen169
\tikz@lasty=\dimen170
\tikz@lastxsaved=\dimen171
\tikz@lastysaved=\dimen172
\tikzleveldistance=\dimen173
\tikzsiblingdistance=\dimen174
\tikz@figbox=\box37
\tikz@tempbox=\box38
\tikztreelevel=\count135
\tikznumberofchildren=\count136
\tikznumberofcurrentchild=\count137
\tikz@fig@count=\count138

(/usr/share/texmf/tex/generic/pgf/modules/pgfmodulematrix.code.tex
File: pgfmodulematrix.code.tex 2010/08/24  (rcs-revision 1.4)
\pgfmatrixcurrentrow=\count139
\pgfmatrixcurrentcolumn=\count140
\pgf@matrix@numberofcolumns=\count141
)
\tikz@expandcount=\count142

(/usr/share/texmf/tex/generic/pgf/frontendlayer/tikz/libraries/tikzlibrarytopat
hs.code.tex
File: tikzlibrarytopaths.code.tex 2008/06/17 v2.10 (rcs-revision 1.2)
))) (/usr/share/texlive/texmf-dist/tex/latex/titlesec/titlesec.sty
Package: titlesec 2011/12/15 v2.10.0 Sectioning titles
\ttl@box=\box39
\beforetitleunit=\skip50
\aftertitleunit=\skip51
\ttl@plus=\dimen175
\ttl@minus=\dimen176
\ttl@toksa=\toks35
\titlewidth=\dimen177
\titlewidthlast=\dimen178
\titlewidthfirst=\dimen179
)
(./try1_3.aux)
\openout1 = `try1_3.aux'.

LaTeX Font Info:    Checking defaults for OML/cmm/m/it on input line 32.
LaTeX Font Info:    ... okay on input line 32.
LaTeX Font Info:    Checking defaults for T1/cmr/m/n on input line 32.
LaTeX Font Info:    ... okay on input line 32.
LaTeX Font Info:    Checking defaults for OT1/cmr/m/n on input line 32.
LaTeX Font Info:    ... okay on input line 32.
LaTeX Font Info:    Checking defaults for OMS/cmsy/m/n on input line 32.
LaTeX Font Info:    ... okay on input line 32.
LaTeX Font Info:    Checking defaults for OMX/cmex/m/n on input line 32.
LaTeX Font Info:    ... okay on input line 32.
LaTeX Font Info:    Checking defaults for U/cmr/m/n on input line 32.
LaTeX Font Info:    ... okay on input line 32.
LaTeX Font Info:    Checking defaults for PD1/pdf/m/n on input line 32.
LaTeX Font Info:    ... okay on input line 32.
 (/usr/share/texlive/texmf-dist/tex/context/base/supp-pdf.mkii
[Loading MPS to PDF converter (version 2006.09.02).]
\scratchcounter=\count143
\scratchdimen=\dimen180
\scratchbox=\box40
\nofMPsegments=\count144
\nofMParguments=\count145
\everyMPshowfont=\toks36
\MPscratchCnt=\count146
\MPscratchDim=\dimen181
\MPnumerator=\count147
\makeMPintoPDFobject=\count148
\everyMPtoPDFconversion=\toks37
) (/usr/share/texlive/texmf-dist/tex/latex/oberdiek/epstopdf-base.sty
Package: epstopdf-base 2010/02/09 v2.5 Base part for package epstopdf

(/usr/share/texlive/texmf-dist/tex/latex/oberdiek/grfext.sty
Package: grfext 2010/08/19 v1.1 Manage graphics extensions (HO)
)
Package grfext Info: Graphics extension search list:
(grfext)             [.png,.pdf,.jpg,.mps,.jpeg,.jbig2,.jb2,.PNG,.PDF,.JPG,.JPE
G,.JBIG2,.JB2,.eps]
(grfext)             \AppendGraphicsExtensions on input line 452.

(/usr/share/texlive/texmf-dist/tex/latex/latexconfig/epstopdf-sys.cfg
File: epstopdf-sys.cfg 2010/07/13 v1.3 Configuration of (r)epstopdf for TeX Liv
e
))
*geometry* driver: auto-detecting
*geometry* detected driver: pdftex
*geometry* verbose mode - [ preamble ] result:
* driver: pdftex
* paper: <default>
* layout: <same size as paper>
* layoutoffset:(h,v)=(0.0pt,0.0pt)
* modes: 
* h-part:(L,W,R)=(72.26999pt, 469.75502pt, 72.26999pt)
* v-part:(T,H,B)=(72.26999pt, 650.43001pt, 72.26999pt)
* \paperwidth=614.295pt
* \paperheight=794.96999pt
* \textwidth=469.75502pt
* \textheight=650.43001pt
* \oddsidemargin=0.0pt
* \evensidemargin=0.0pt
* \topmargin=-37.0pt
* \headheight=12.0pt
* \headsep=25.0pt
* \topskip=12.0pt
* \footskip=14.45377pt
* \marginparwidth=44.0pt
* \marginparsep=10.0pt
* \columnsep=10.0pt
* \skip\footins=10.8pt plus 4.0pt minus 2.0pt
* \hoffset=0.0pt
* \voffset=0.0pt
* \mag=1000
* \@twocolumnfalse
* \@twosidefalse
* \@mparswitchfalse
* \@reversemarginfalse
* (1in=72.27pt=25.4mm, 1cm=28.453pt)

\c@lstlisting=\count149
\AtBeginShipoutBox=\box41
Package hyperref Info: Link coloring OFF on input line 32.
(/usr/share/texlive/texmf-dist/tex/latex/hyperref/nameref.sty
Package: nameref 2012/10/27 v2.43 Cross-referencing by name of section

(/usr/share/texlive/texmf-dist/tex/generic/oberdiek/gettitlestring.sty
Package: gettitlestring 2010/12/03 v1.4 Cleanup title references (HO)
)
\c@section@level=\count150
)
LaTeX Info: Redefining \ref on input line 32.
LaTeX Info: Redefining \pageref on input line 32.
LaTeX Info: Redefining \nameref on input line 32.

(./try1_3.out) (./try1_3.out)
\@outlinefile=\write5
\openout5 = `try1_3.out'.

 ABD: EveryShipout initializing macros
LaTeX Font Info:    Try loading font information for U+msa on input line 39.

(/usr/share/texlive/texmf-dist/tex/latex/amsfonts/umsa.fd
File: umsa.fd 2013/01/14 v3.01 AMS symbols A
)
LaTeX Font Info:    Try loading font information for U+msb on input line 39.

(/usr/share/texlive/texmf-dist/tex/latex/amsfonts/umsb.fd
File: umsb.fd 2013/01/14 v3.01 AMS symbols B
) [1
Non-PDF special ignored!

{/var/lib/texmf/fonts/map/pdftex/updmap/pdftex.map}]
[2

] [3] [4] [5] [6] [7] [8] [9] [10] [11] [12] [13] [14] [15] [16] [17]
[18] [19] [20] [21]
<./pictures/mcatColors.png, id=296, 926.46124pt x 270.00874pt>
File: ./pictures/mcatColors.png Graphic file (type png)

<use ./pictures/mcatColors.png>
Package pdftex.def Info: ./pictures/mcatColors.png used on input line 1181.
(pdftex.def)             Requested size: 469.75502pt x 136.90747pt.

<./pictures/stratAvgSamp.pdf, id=297, 686.565pt x 252.945pt>
File: ./pictures/stratAvgSamp.pdf Graphic file (type pdf)

<use ./pictures/stratAvgSamp.pdf>
Package pdftex.def Info: ./pictures/stratAvgSamp.pdf used on input line 1185.
(pdftex.def)             Requested size: 495.5881pt x 182.5834pt.

Overfull \hbox (19.90767pt too wide) in paragraph at lines 1184--1186
 []|  [] 
 []

<./pictures/nMcatsEMA.pdf, id=298, 686.565pt x 252.945pt>
File: ./pictures/nMcatsEMA.pdf Graphic file (type pdf)

<use ./pictures/nMcatsEMA.pdf>
Package pdftex.def Info: ./pictures/nMcatsEMA.pdf used on input line 1189.
(pdftex.def)             Requested size: 495.5881pt x 182.5834pt.

Overfull \hbox (19.90767pt too wide) in paragraph at lines 1188--1194
 []|  [] 
 []

[22

 <./pictures/mcatColors.png> <./pictures/stratAvgSamp.pdf> <./pictures/nMcatsEM
A.pdf>]
<./pictures/MC_summary_table_part_1.png, id=316, 1113.15875pt x 690.58pt>
File: ./pictures/MC_summary_table_part_1.png Graphic file (type png)

<use ./pictures/MC_summary_table_part_1.png>
Package pdftex.def Info: ./pictures/MC_summary_table_part_1.png used on input l
ine 1202.
(pdftex.def)             Requested size: 610.68295pt x 378.86127pt.
 [23 <./pictures/MC_summary_table_part_1.png (PNG copy)>]
<./pictures/MC_summary_table_part_2.png, id=321, 1113.15875pt x 686.565pt>
File: ./pictures/MC_summary_table_part_2.png Graphic file (type png)

<use ./pictures/MC_summary_table_part_2.png>
Package pdftex.def Info: ./pictures/MC_summary_table_part_2.png used on input l
ine 1218.
(pdftex.def)             Requested size: 610.68295pt x 376.65858pt.
 [24 <./pictures/MC_summary_table_part_2.png (PNG copy)>]
<./pictures/COMX_Ports_Final.png, id=326, 614.295pt x 794.97pt>
File: ./pictures/COMX_Ports_Final.png Graphic file (type png)

<use ./pictures/COMX_Ports_Final.png>
Package pdftex.def Info: ./pictures/COMX_Ports_Final.png used on input line 123
2.
(pdftex.def)             Requested size: 469.75502pt x 607.9196pt.


LaTeX Warning: `!h' float specifier changed to `!ht'.

[25 <./pictures/COMX_Ports_Final.png (PNG copy)>]
<./pictures/1978to1982Bar3.pdf, id=332, 505.89pt x 505.89pt>
File: ./pictures/1978to1982Bar3.pdf Graphic file (type pdf)

<use ./pictures/1978to1982Bar3.pdf>
Package pdftex.def Info: ./pictures/1978to1982Bar3.pdf used on input line 1247.

(pdftex.def)             Requested size: 469.76265pt x 469.75502pt.

<./pictures/barplotLegend.pdf, id=333, 252.945pt x 544.0325pt>
File: ./pictures/barplotLegend.pdf Graphic file (type pdf)

<use ./pictures/barplotLegend.pdf>
Package pdftex.def Info: ./pictures/barplotLegend.pdf used on input line 1249.
(pdftex.def)             Requested size: 174.73679pt x 375.80544pt.


LaTeX Warning: Float too large for page by 36.18954pt on input line 1257.


LaTeX Warning: `!h' float specifier changed to `!ht'.

[26 <./pictures/1978to1982Bar3.pdf> <./pictures/barplotLegend.pdf>]
<./pictures/1983to1990Bar3.pdf, id=350, 505.89pt x 505.89pt>
File: ./pictures/1983to1990Bar3.pdf Graphic file (type pdf)

<use ./pictures/1983to1990Bar3.pdf>
Package pdftex.def Info: ./pictures/1983to1990Bar3.pdf used on input line 1269.

(pdftex.def)             Requested size: 469.76265pt x 469.75502pt.
File: ./pictures/barplotLegend.pdf Graphic file (type pdf)
 <use ./pictures/barplotLegend.pdf>
Package pdftex.def Info: ./pictures/barplotLegend.pdf used on input line 1270.
(pdftex.def)             Requested size: 174.73679pt x 375.80544pt.


LaTeX Warning: Float too large for page by 36.18954pt on input line 1278.


LaTeX Warning: `!h' float specifier changed to `!ht'.

[27 <./pictures/1983to1990Bar3.pdf>] [28











] [29

] [30]
<./pictures/compVioplotQtr2.png, id=387, 505.89pt x 505.89pt>
File: ./pictures/compVioplotQtr2.png Graphic file (type png)

<use ./pictures/compVioplotQtr2.png>
Package pdftex.def Info: ./pictures/compVioplotQtr2.png used on input line 1425
.
(pdftex.def)             Requested size: 505.88875pt x 505.88875pt.

Overfull \hbox (36.13373pt too wide) in paragraph at lines 1425--1430
 [][] 
 []

[31

 <./pictures/compVioplotQtr2.png>]
<./pictures/compPlot1982Qtr2.png, id=395, 505.89pt x 505.89pt>
File: ./pictures/compPlot1982Qtr2.png Graphic file (type png)

<use ./pictures/compPlot1982Qtr2.png>
Package pdftex.def Info: ./pictures/compPlot1982Qtr2.png used on input line 144
0.
(pdftex.def)             Requested size: 505.88875pt x 505.88875pt.

Overfull \hbox (36.13373pt too wide) in paragraph at lines 1440--1444
 [][] 
 []

[32

 <./pictures/compPlot1982Qtr2.png>] [33]
<./pictures/1991to1999Bar3.pdf, id=413, 505.89pt x 505.89pt>
File: ./pictures/1991to1999Bar3.pdf Graphic file (type pdf)

<use ./pictures/1991to1999Bar3.pdf>
Package pdftex.def Info: ./pictures/1991to1999Bar3.pdf used on input line 1510.

(pdftex.def)             Requested size: 469.76265pt x 469.75502pt.
File: ./pictures/barplotLegend.pdf Graphic file (type pdf)
 <use ./pictures/barplotLegend.pdf>
Package pdftex.def Info: ./pictures/barplotLegend.pdf used on input line 1512.
(pdftex.def)             Requested size: 174.73679pt x 375.80544pt.


LaTeX Warning: Float too large for page by 36.18954pt on input line 1520.


LaTeX Warning: `!h' float specifier changed to `!ht'.

[34 <./pictures/1991to1999Bar3.pdf>]
<./pictures/2000to2015Bar3.pdf, id=425, 505.89pt x 505.89pt>
File: ./pictures/2000to2015Bar3.pdf Graphic file (type pdf)

<use ./pictures/2000to2015Bar3.pdf>
Package pdftex.def Info: ./pictures/2000to2015Bar3.pdf used on input line 1532.

(pdftex.def)             Requested size: 469.76265pt x 469.75502pt.
File: ./pictures/barplotLegend.pdf Graphic file (type pdf)
 <use ./pictures/barplotLegend.pdf>
Package pdftex.def Info: ./pictures/barplotLegend.pdf used on input line 1533.
(pdftex.def)             Requested size: 174.73679pt x 375.80544pt.


LaTeX Warning: Float too large for page by 36.18954pt on input line 1541.


LaTeX Warning: `!h' float specifier changed to `!ht'.

[35 <./pictures/2000to2015Bar3.pdf>] [36







] [37]
Overfull \hbox (66.51036pt too wide) in paragraph at lines 1777--1777
[][] 
 []


Overfull \hbox (66.51036pt too wide) in paragraph at lines 1777--1777
[] 
 []


Overfull \hbox (66.51036pt too wide) in paragraph at lines 1777--1777
[] 
 []


LaTeX Warning: Float too large for page by 24.2295pt on input line 1783.

[38]
Overfull \hbox (66.51036pt too wide) in paragraph at lines 1931--1931
[][] 
 []


Overfull \hbox (66.51036pt too wide) in paragraph at lines 1931--1931
[] 
 []


Overfull \hbox (66.51036pt too wide) in paragraph at lines 1931--1931
[] 
 []


LaTeX Warning: Float too large for page by 24.2295pt on input line 1934.

[39]

LaTeX Warning: Float too large for page by 15.38142pt on input line 2026.

[40]

Package hyperref Warning: Token not allowed in a PDF string (PDFDocEncoding):
(hyperref)                removing `math shift' on input line 2041.


Package hyperref Warning: Token not allowed in a PDF string (PDFDocEncoding):
(hyperref)                removing `\rho' on input line 2041.


Underfull \hbox (badness 1199) in paragraph at lines 2070--2070
\T1/cmr/m/n/12 me-dian, and stan-dard de-vi-a-tion sum-
 []


Overfull \hbox (0.51883pt too wide) in paragraph at lines 2051--2102
[]$[]$ $[]$ $[]$ 
 []

[41










]

Package hyperref Warning: Token not allowed in a PDF string (PDFDocEncoding):
(hyperref)                removing `math shift' on input line 2108.


Overfull \hbox (26.57635pt too wide) in paragraph at lines 2124--2138
 [][] 
 []


Overfull \hbox (26.57635pt too wide) in paragraph at lines 2150--2169
 [][] 
 []


Overfull \hbox (0.51883pt too wide) in paragraph at lines 2121--2172
[]$[]$ $[]$ $[]$ 
 []

[42

]

LaTeX Warning: `!h' float specifier changed to `!ht'.

[43

] [44] [45] [46] [47] [48] [49] [50]
<./pictures/sp-yr-gr/trawl.WDOW.png, id=574, 433.62pt x 289.08pt>
File: ./pictures/sp-yr-gr/trawl.WDOW.png Graphic file (type png)

<use ./pictures/sp-yr-gr/trawl.WDOW.png>
Package pdftex.def Info: ./pictures/sp-yr-gr/trawl.WDOW.png used on input line 
2517.
(pdftex.def)             Requested size: 345.27379pt x 230.19243pt.

<./pictures/sp-yr-gr/line.WDOW.png, id=575, 433.62pt x 289.08pt>
File: ./pictures/sp-yr-gr/line.WDOW.png Graphic file (type png)

<use ./pictures/sp-yr-gr/line.WDOW.png>
Package pdftex.def Info: ./pictures/sp-yr-gr/line.WDOW.png used on input line 2
521.
(pdftex.def)             Requested size: 345.27379pt x 230.19243pt.

Overfull \hbox (3.89073pt too wide) in paragraph at lines 2516--2522
[]|  []
 []


Overfull \hbox (3.89073pt too wide) in paragraph at lines 2516--2522
|  [] 
 []

<./pictures/sp-yr-gr/gill_net.WDOW.png, id=576, 433.62pt x 289.08pt>
File: ./pictures/sp-yr-gr/gill_net.WDOW.png Graphic file (type png)

<use ./pictures/sp-yr-gr/gill_net.WDOW.png>
Package pdftex.def Info: ./pictures/sp-yr-gr/gill_net.WDOW.png used on input li
ne 2524.
(pdftex.def)             Requested size: 345.27379pt x 230.19243pt.

<./pictures/CVs_WDOW.png, id=577, 257.96375pt x 282.05376pt>
File: ./pictures/CVs_WDOW.png Graphic file (type png)

<use ./pictures/CVs_WDOW.png>
Package pdftex.def Info: ./pictures/CVs_WDOW.png used on input line 2528.
(pdftex.def)             Requested size: 207.16286pt x 226.51697pt.

Overfull \hbox (115.09126pt too wide) in paragraph at lines 2524--2529
[][]
 []


Overfull \hbox (50.7227pt too wide) in paragraph at lines 2524--2529
|  [] 
 []


LaTeX Warning: Float too large for page by 15.7214pt on input line 2539.

[51 <./pictures/sp-yr-gr/trawl.WDOW.png> <./pictures/sp-yr-gr/line.WDOW.png> <.
/pictures/sp-yr-gr/gill_net.WDOW.png> <./pictures/CVs_WDOW.png (PNG copy)>]
<./pictures/sp-yr-gr/trawl.BCAC.png, id=585, 433.62pt x 289.08pt>
File: ./pictures/sp-yr-gr/trawl.BCAC.png Graphic file (type png)

<use ./pictures/sp-yr-gr/trawl.BCAC.png>
Package pdftex.def Info: ./pictures/sp-yr-gr/trawl.BCAC.png used on input line 
2552.
(pdftex.def)             Requested size: 345.27379pt x 230.19243pt.

<./pictures/sp-yr-gr/line.BCAC.png, id=586, 433.62pt x 289.08pt>
File: ./pictures/sp-yr-gr/line.BCAC.png Graphic file (type png)

<use ./pictures/sp-yr-gr/line.BCAC.png>
Package pdftex.def Info: ./pictures/sp-yr-gr/line.BCAC.png used on input line 2
556.
(pdftex.def)             Requested size: 345.27379pt x 230.19243pt.

Overfull \hbox (3.89073pt too wide) in paragraph at lines 2551--2557
[]|  []
 []


Overfull \hbox (3.89073pt too wide) in paragraph at lines 2551--2557
|  [] 
 []

<./pictures/sp-yr-gr/gill_net.BCAC.png, id=587, 433.62pt x 289.08pt>
File: ./pictures/sp-yr-gr/gill_net.BCAC.png Graphic file (type png)

<use ./pictures/sp-yr-gr/gill_net.BCAC.png>
Package pdftex.def Info: ./pictures/sp-yr-gr/gill_net.BCAC.png used on input li
ne 2559.
(pdftex.def)             Requested size: 345.27379pt x 230.19243pt.

<./pictures/CVs_BCAC.png, id=588, 257.96375pt x 282.05376pt>
File: ./pictures/CVs_BCAC.png Graphic file (type png)

<use ./pictures/CVs_BCAC.png>
Package pdftex.def Info: ./pictures/CVs_BCAC.png used on input line 2563.
(pdftex.def)             Requested size: 207.16286pt x 226.51697pt.

Overfull \hbox (115.09126pt too wide) in paragraph at lines 2559--2564
[][]
 []


Overfull \hbox (50.7227pt too wide) in paragraph at lines 2559--2564
|  [] 
 []


LaTeX Warning: Float too large for page by 15.7214pt on input line 2574.

[52 <./pictures/sp-yr-gr/trawl.BCAC.png> <./pictures/sp-yr-gr/line.BCAC.png> <.
/pictures/sp-yr-gr/gill_net.BCAC.png> <./pictures/CVs_BCAC.png (PNG copy)>]
<./pictures/sp-yr-gr/trawl.CLPR.png, id=596, 433.62pt x 289.08pt>
File: ./pictures/sp-yr-gr/trawl.CLPR.png Graphic file (type png)

<use ./pictures/sp-yr-gr/trawl.CLPR.png>
Package pdftex.def Info: ./pictures/sp-yr-gr/trawl.CLPR.png used on input line 
2587.
(pdftex.def)             Requested size: 345.27379pt x 230.19243pt.

<./pictures/sp-yr-gr/line.CLPR.png, id=597, 433.62pt x 289.08pt>
File: ./pictures/sp-yr-gr/line.CLPR.png Graphic file (type png)

<use ./pictures/sp-yr-gr/line.CLPR.png>
Package pdftex.def Info: ./pictures/sp-yr-gr/line.CLPR.png used on input line 2
591.
(pdftex.def)             Requested size: 345.27379pt x 230.19243pt.

Overfull \hbox (3.89073pt too wide) in paragraph at lines 2586--2592
[]|  []
 []


Overfull \hbox (3.89073pt too wide) in paragraph at lines 2586--2592
|  [] 
 []

<./pictures/sp-yr-gr/gill_net.CLPR.png, id=598, 433.62pt x 289.08pt>
File: ./pictures/sp-yr-gr/gill_net.CLPR.png Graphic file (type png)

<use ./pictures/sp-yr-gr/gill_net.CLPR.png>
Package pdftex.def Info: ./pictures/sp-yr-gr/gill_net.CLPR.png used on input li
ne 2594.
(pdftex.def)             Requested size: 345.27379pt x 230.19243pt.

<./pictures/CVs_CLPR.png, id=599, 257.96375pt x 282.05376pt>
File: ./pictures/CVs_CLPR.png Graphic file (type png)

<use ./pictures/CVs_CLPR.png>
Package pdftex.def Info: ./pictures/CVs_CLPR.png used on input line 2598.
(pdftex.def)             Requested size: 207.16286pt x 226.51697pt.

Overfull \hbox (115.09126pt too wide) in paragraph at lines 2594--2599
[][]
 []


Overfull \hbox (50.7227pt too wide) in paragraph at lines 2594--2599
|  [] 
 []


LaTeX Warning: Float too large for page by 15.7214pt on input line 2609.

[53 <./pictures/sp-yr-gr/trawl.CLPR.png> <./pictures/sp-yr-gr/line.CLPR.png> <.
/pictures/sp-yr-gr/gill_net.CLPR.png> <./pictures/CVs_CLPR.png (PNG copy)>]
<./pictures/sp-yr-gr/trawl.BANK.png, id=607, 433.62pt x 289.08pt>
File: ./pictures/sp-yr-gr/trawl.BANK.png Graphic file (type png)

<use ./pictures/sp-yr-gr/trawl.BANK.png>
Package pdftex.def Info: ./pictures/sp-yr-gr/trawl.BANK.png used on input line 
2622.
(pdftex.def)             Requested size: 345.27379pt x 230.19243pt.

<./pictures/sp-yr-gr/line.BANK.png, id=608, 433.62pt x 289.08pt>
File: ./pictures/sp-yr-gr/line.BANK.png Graphic file (type png)

<use ./pictures/sp-yr-gr/line.BANK.png>
Package pdftex.def Info: ./pictures/sp-yr-gr/line.BANK.png used on input line 2
626.
(pdftex.def)             Requested size: 345.27379pt x 230.19243pt.

Overfull \hbox (3.89073pt too wide) in paragraph at lines 2621--2627
[]|  []
 []


Overfull \hbox (3.89073pt too wide) in paragraph at lines 2621--2627
|  [] 
 []

<./pictures/sp-yr-gr/gill_net.BANK.png, id=609, 433.62pt x 289.08pt>
File: ./pictures/sp-yr-gr/gill_net.BANK.png Graphic file (type png)

<use ./pictures/sp-yr-gr/gill_net.BANK.png>
Package pdftex.def Info: ./pictures/sp-yr-gr/gill_net.BANK.png used on input li
ne 2629.
(pdftex.def)             Requested size: 345.27379pt x 230.19243pt.

<./pictures/CVs_BANK.png, id=610, 257.96375pt x 282.05376pt>
File: ./pictures/CVs_BANK.png Graphic file (type png)

<use ./pictures/CVs_BANK.png>
Package pdftex.def Info: ./pictures/CVs_BANK.png used on input line 2633.
(pdftex.def)             Requested size: 207.16286pt x 226.51697pt.

Overfull \hbox (115.09126pt too wide) in paragraph at lines 2629--2634
[][]
 []


Overfull \hbox (50.7227pt too wide) in paragraph at lines 2629--2634
|  [] 
 []


LaTeX Warning: Float too large for page by 15.7214pt on input line 2644.

[54 <./pictures/sp-yr-gr/trawl.BANK.png> <./pictures/sp-yr-gr/line.BANK.png> <.
/pictures/sp-yr-gr/gill_net.BANK.png> <./pictures/CVs_BANK.png (PNG copy)>]
<./pictures/sp-yr-gr/trawl.YTRK.png, id=618, 433.62pt x 289.08pt>
File: ./pictures/sp-yr-gr/trawl.YTRK.png Graphic file (type png)

<use ./pictures/sp-yr-gr/trawl.YTRK.png>
Package pdftex.def Info: ./pictures/sp-yr-gr/trawl.YTRK.png used on input line 
2657.
(pdftex.def)             Requested size: 345.27379pt x 230.19243pt.

<./pictures/sp-yr-gr/line.YTRK.png, id=619, 433.62pt x 289.08pt>
File: ./pictures/sp-yr-gr/line.YTRK.png Graphic file (type png)

<use ./pictures/sp-yr-gr/line.YTRK.png>
Package pdftex.def Info: ./pictures/sp-yr-gr/line.YTRK.png used on input line 2
661.
(pdftex.def)             Requested size: 345.27379pt x 230.19243pt.

Overfull \hbox (3.89073pt too wide) in paragraph at lines 2656--2662
[]|  []
 []


Overfull \hbox (3.89073pt too wide) in paragraph at lines 2656--2662
|  [] 
 []

<./pictures/sp-yr-gr/gill_net.YTRK.png, id=620, 433.62pt x 289.08pt>
File: ./pictures/sp-yr-gr/gill_net.YTRK.png Graphic file (type png)

<use ./pictures/sp-yr-gr/gill_net.YTRK.png>
Package pdftex.def Info: ./pictures/sp-yr-gr/gill_net.YTRK.png used on input li
ne 2664.
(pdftex.def)             Requested size: 345.27379pt x 230.19243pt.

<./pictures/CVs_YTRK.png, id=621, 257.96375pt x 282.05376pt>
File: ./pictures/CVs_YTRK.png Graphic file (type png)

<use ./pictures/CVs_YTRK.png>
Package pdftex.def Info: ./pictures/CVs_YTRK.png used on input line 2668.
(pdftex.def)             Requested size: 207.16286pt x 226.51697pt.

Overfull \hbox (115.09126pt too wide) in paragraph at lines 2664--2669
[][]
 []


Overfull \hbox (50.7227pt too wide) in paragraph at lines 2664--2669
|  [] 
 []


LaTeX Warning: Float too large for page by 15.7214pt on input line 2679.

[55 <./pictures/sp-yr-gr/trawl.YTRK.png> <./pictures/sp-yr-gr/line.YTRK.png> <.
/pictures/sp-yr-gr/gill_net.YTRK.png> <./pictures/CVs_YTRK.png (PNG copy)>]
<./pictures/sp-yr-gr/trawl.BLGL.png, id=630, 433.62pt x 289.08pt>
File: ./pictures/sp-yr-gr/trawl.BLGL.png Graphic file (type png)

<use ./pictures/sp-yr-gr/trawl.BLGL.png>
Package pdftex.def Info: ./pictures/sp-yr-gr/trawl.BLGL.png used on input line 
2692.
(pdftex.def)             Requested size: 345.27379pt x 230.19243pt.

<./pictures/sp-yr-gr/line.BLGL.png, id=631, 433.62pt x 289.08pt>
File: ./pictures/sp-yr-gr/line.BLGL.png Graphic file (type png)

<use ./pictures/sp-yr-gr/line.BLGL.png>
Package pdftex.def Info: ./pictures/sp-yr-gr/line.BLGL.png used on input line 2
696.
(pdftex.def)             Requested size: 345.27379pt x 230.19243pt.

Overfull \hbox (3.89073pt too wide) in paragraph at lines 2691--2697
[]|  []
 []


Overfull \hbox (3.89073pt too wide) in paragraph at lines 2691--2697
|  [] 
 []

<./pictures/sp-yr-gr/gill_net.BLGL.png, id=632, 433.62pt x 289.08pt>
File: ./pictures/sp-yr-gr/gill_net.BLGL.png Graphic file (type png)

<use ./pictures/sp-yr-gr/gill_net.BLGL.png>
Package pdftex.def Info: ./pictures/sp-yr-gr/gill_net.BLGL.png used on input li
ne 2699.
(pdftex.def)             Requested size: 345.27379pt x 230.19243pt.

<./pictures/CVs_BLGL.png, id=633, 257.96375pt x 282.05376pt>
File: ./pictures/CVs_BLGL.png Graphic file (type png)

<use ./pictures/CVs_BLGL.png>
Package pdftex.def Info: ./pictures/CVs_BLGL.png used on input line 2703.
(pdftex.def)             Requested size: 207.16286pt x 226.51697pt.

Overfull \hbox (115.09126pt too wide) in paragraph at lines 2699--2704
[][]
 []


Overfull \hbox (50.7227pt too wide) in paragraph at lines 2699--2704
|  [] 
 []


LaTeX Warning: Float too large for page by 15.7214pt on input line 2714.

[56 <./pictures/sp-yr-gr/trawl.BLGL.png> <./pictures/sp-yr-gr/line.BLGL.png> <.
/pictures/sp-yr-gr/gill_net.BLGL.png> <./pictures/CVs_BLGL.png (PNG copy)>]
<./pictures/sp-yr-gr/trawl.DBRK.png, id=641, 433.62pt x 289.08pt>
File: ./pictures/sp-yr-gr/trawl.DBRK.png Graphic file (type png)

<use ./pictures/sp-yr-gr/trawl.DBRK.png>
Package pdftex.def Info: ./pictures/sp-yr-gr/trawl.DBRK.png used on input line 
2727.
(pdftex.def)             Requested size: 345.27379pt x 230.19243pt.

<./pictures/sp-yr-gr/line.DBRK.png, id=642, 433.62pt x 289.08pt>
File: ./pictures/sp-yr-gr/line.DBRK.png Graphic file (type png)

<use ./pictures/sp-yr-gr/line.DBRK.png>
Package pdftex.def Info: ./pictures/sp-yr-gr/line.DBRK.png used on input line 2
731.
(pdftex.def)             Requested size: 345.27379pt x 230.19243pt.

Overfull \hbox (3.89073pt too wide) in paragraph at lines 2726--2732
[]|  []
 []


Overfull \hbox (3.89073pt too wide) in paragraph at lines 2726--2732
|  [] 
 []

<./pictures/sp-yr-gr/gill_net.DBRK.png, id=643, 433.62pt x 289.08pt>
File: ./pictures/sp-yr-gr/gill_net.DBRK.png Graphic file (type png)

<use ./pictures/sp-yr-gr/gill_net.DBRK.png>
Package pdftex.def Info: ./pictures/sp-yr-gr/gill_net.DBRK.png used on input li
ne 2734.
(pdftex.def)             Requested size: 345.27379pt x 230.19243pt.

<./pictures/CVs_DBRK.png, id=644, 257.96375pt x 282.05376pt>
File: ./pictures/CVs_DBRK.png Graphic file (type png)

<use ./pictures/CVs_DBRK.png>
Package pdftex.def Info: ./pictures/CVs_DBRK.png used on input line 2738.
(pdftex.def)             Requested size: 207.16286pt x 226.51697pt.

Overfull \hbox (115.09126pt too wide) in paragraph at lines 2734--2739
[][]
 []


Overfull \hbox (50.7227pt too wide) in paragraph at lines 2734--2739
|  [] 
 []


LaTeX Warning: Float too large for page by 15.7214pt on input line 2749.

[57 <./pictures/sp-yr-gr/trawl.DBRK.png> <./pictures/sp-yr-gr/line.DBRK.png> <.
/pictures/sp-yr-gr/gill_net.DBRK.png> <./pictures/CVs_DBRK.png (PNG copy)>]
<./pictures/sp-yr-gr/trawl.CNRY.png, id=652, 433.62pt x 289.08pt>
File: ./pictures/sp-yr-gr/trawl.CNRY.png Graphic file (type png)

<use ./pictures/sp-yr-gr/trawl.CNRY.png>
Package pdftex.def Info: ./pictures/sp-yr-gr/trawl.CNRY.png used on input line 
2762.
(pdftex.def)             Requested size: 345.27379pt x 230.19243pt.

<./pictures/sp-yr-gr/line.CNRY.png, id=653, 433.62pt x 289.08pt>
File: ./pictures/sp-yr-gr/line.CNRY.png Graphic file (type png)

<use ./pictures/sp-yr-gr/line.CNRY.png>
Package pdftex.def Info: ./pictures/sp-yr-gr/line.CNRY.png used on input line 2
766.
(pdftex.def)             Requested size: 345.27379pt x 230.19243pt.

Overfull \hbox (3.89073pt too wide) in paragraph at lines 2761--2767
[]|  []
 []


Overfull \hbox (3.89073pt too wide) in paragraph at lines 2761--2767
|  [] 
 []

<./pictures/sp-yr-gr/gill_net.CNRY.png, id=654, 433.62pt x 289.08pt>
File: ./pictures/sp-yr-gr/gill_net.CNRY.png Graphic file (type png)

<use ./pictures/sp-yr-gr/gill_net.CNRY.png>
Package pdftex.def Info: ./pictures/sp-yr-gr/gill_net.CNRY.png used on input li
ne 2769.
(pdftex.def)             Requested size: 345.27379pt x 230.19243pt.

<./pictures/CVs_CNRY.png, id=655, 257.96375pt x 282.05376pt>
File: ./pictures/CVs_CNRY.png Graphic file (type png)

<use ./pictures/CVs_CNRY.png>
Package pdftex.def Info: ./pictures/CVs_CNRY.png used on input line 2773.
(pdftex.def)             Requested size: 207.16286pt x 226.51697pt.

Overfull \hbox (115.09126pt too wide) in paragraph at lines 2769--2774
[][]
 []


Overfull \hbox (50.7227pt too wide) in paragraph at lines 2769--2774
|  [] 
 []


LaTeX Warning: Float too large for page by 15.7214pt on input line 2784.

[58 <./pictures/sp-yr-gr/trawl.CNRY.png> <./pictures/sp-yr-gr/line.CNRY.png> <.
/pictures/sp-yr-gr/gill_net.CNRY.png> <./pictures/CVs_CNRY.png (PNG copy)>]
<./pictures/sp-yr-gr/trawl.SNOS.png, id=663, 433.62pt x 289.08pt>
File: ./pictures/sp-yr-gr/trawl.SNOS.png Graphic file (type png)

<use ./pictures/sp-yr-gr/trawl.SNOS.png>
Package pdftex.def Info: ./pictures/sp-yr-gr/trawl.SNOS.png used on input line 
2797.
(pdftex.def)             Requested size: 345.27379pt x 230.19243pt.

<./pictures/sp-yr-gr/line.SNOS.png, id=664, 433.62pt x 289.08pt>
File: ./pictures/sp-yr-gr/line.SNOS.png Graphic file (type png)

<use ./pictures/sp-yr-gr/line.SNOS.png>
Package pdftex.def Info: ./pictures/sp-yr-gr/line.SNOS.png used on input line 2
801.
(pdftex.def)             Requested size: 345.27379pt x 230.19243pt.

Overfull \hbox (3.89073pt too wide) in paragraph at lines 2796--2802
[]|  []
 []


Overfull \hbox (3.89073pt too wide) in paragraph at lines 2796--2802
|  [] 
 []

<./pictures/sp-yr-gr/gill_net.SNOS.png, id=665, 433.62pt x 289.08pt>
File: ./pictures/sp-yr-gr/gill_net.SNOS.png Graphic file (type png)

<use ./pictures/sp-yr-gr/gill_net.SNOS.png>
Package pdftex.def Info: ./pictures/sp-yr-gr/gill_net.SNOS.png used on input li
ne 2804.
(pdftex.def)             Requested size: 345.27379pt x 230.19243pt.

<./pictures/CVs_SNOS.png, id=666, 257.96375pt x 282.05376pt>
File: ./pictures/CVs_SNOS.png Graphic file (type png)

<use ./pictures/CVs_SNOS.png>
Package pdftex.def Info: ./pictures/CVs_SNOS.png used on input line 2808.
(pdftex.def)             Requested size: 207.16286pt x 226.51697pt.

Overfull \hbox (115.09126pt too wide) in paragraph at lines 2804--2809
[][]
 []


Overfull \hbox (50.7227pt too wide) in paragraph at lines 2804--2809
|  [] 
 []


LaTeX Warning: Float too large for page by 15.7214pt on input line 2819.

[59 <./pictures/sp-yr-gr/trawl.SNOS.png> <./pictures/sp-yr-gr/line.SNOS.png> <.
/pictures/sp-yr-gr/gill_net.SNOS.png> <./pictures/CVs_SNOS.png (PNG copy)>]
<./pictures/sp-yr-gr/trawl.CWCD.png, id=674, 433.62pt x 289.08pt>
File: ./pictures/sp-yr-gr/trawl.CWCD.png Graphic file (type png)

<use ./pictures/sp-yr-gr/trawl.CWCD.png>
Package pdftex.def Info: ./pictures/sp-yr-gr/trawl.CWCD.png used on input line 
2832.
(pdftex.def)             Requested size: 345.27379pt x 230.19243pt.

<./pictures/sp-yr-gr/line.CWCD.png, id=675, 433.62pt x 289.08pt>
File: ./pictures/sp-yr-gr/line.CWCD.png Graphic file (type png)

<use ./pictures/sp-yr-gr/line.CWCD.png>
Package pdftex.def Info: ./pictures/sp-yr-gr/line.CWCD.png used on input line 2
836.
(pdftex.def)             Requested size: 345.27379pt x 230.19243pt.

Overfull \hbox (3.89073pt too wide) in paragraph at lines 2831--2837
[]|  []
 []


Overfull \hbox (3.89073pt too wide) in paragraph at lines 2831--2837
|  [] 
 []

<./pictures/sp-yr-gr/gill_net.CWCD.png, id=676, 433.62pt x 289.08pt>
File: ./pictures/sp-yr-gr/gill_net.CWCD.png Graphic file (type png)

<use ./pictures/sp-yr-gr/gill_net.CWCD.png>
Package pdftex.def Info: ./pictures/sp-yr-gr/gill_net.CWCD.png used on input li
ne 2839.
(pdftex.def)             Requested size: 345.27379pt x 230.19243pt.

<./pictures/CVs_CWCD.png, id=677, 257.96375pt x 282.05376pt>
File: ./pictures/CVs_CWCD.png Graphic file (type png)

<use ./pictures/CVs_CWCD.png>
Package pdftex.def Info: ./pictures/CVs_CWCD.png used on input line 2843.
(pdftex.def)             Requested size: 207.16286pt x 226.51697pt.

Overfull \hbox (115.09126pt too wide) in paragraph at lines 2839--2844
[][]
 []


Overfull \hbox (50.7227pt too wide) in paragraph at lines 2839--2844
|  [] 
 []


LaTeX Warning: Float too large for page by 15.7214pt on input line 2854.

[60 <./pictures/sp-yr-gr/trawl.CWCD.png> <./pictures/sp-yr-gr/line.CWCD.png> <.
/pictures/sp-yr-gr/gill_net.CWCD.png> <./pictures/CVs_CWCD.png (PNG copy)>]
<./pictures/sp-yr-gr/trawl.POP.png, id=685, 433.62pt x 289.08pt>
File: ./pictures/sp-yr-gr/trawl.POP.png Graphic file (type png)

<use ./pictures/sp-yr-gr/trawl.POP.png>
Package pdftex.def Info: ./pictures/sp-yr-gr/trawl.POP.png used on input line 2
867.
(pdftex.def)             Requested size: 345.27379pt x 230.19243pt.

<./pictures/sp-yr-gr/line.POP.png, id=686, 433.62pt x 289.08pt>
File: ./pictures/sp-yr-gr/line.POP.png Graphic file (type png)

<use ./pictures/sp-yr-gr/line.POP.png>
Package pdftex.def Info: ./pictures/sp-yr-gr/line.POP.png used on input line 28
71.
(pdftex.def)             Requested size: 345.27379pt x 230.19243pt.

Overfull \hbox (3.89073pt too wide) in paragraph at lines 2866--2872
[]|  []
 []


Overfull \hbox (3.89073pt too wide) in paragraph at lines 2866--2872
|  [] 
 []

<./pictures/sp-yr-gr/gill_net.POP.png, id=687, 433.62pt x 289.08pt>
File: ./pictures/sp-yr-gr/gill_net.POP.png Graphic file (type png)

<use ./pictures/sp-yr-gr/gill_net.POP.png>
Package pdftex.def Info: ./pictures/sp-yr-gr/gill_net.POP.png used on input lin
e 2874.
(pdftex.def)             Requested size: 345.27379pt x 230.19243pt.

<./pictures/CVs_POP.png, id=688, 257.96375pt x 282.05376pt>
File: ./pictures/CVs_POP.png Graphic file (type png)

<use ./pictures/CVs_POP.png>
Package pdftex.def Info: ./pictures/CVs_POP.png used on input line 2878.
(pdftex.def)             Requested size: 207.16286pt x 226.51697pt.

Overfull \hbox (115.09126pt too wide) in paragraph at lines 2874--2879
[][]
 []


Overfull \hbox (50.7227pt too wide) in paragraph at lines 2874--2879
|  [] 
 []


LaTeX Warning: Float too large for page by 15.7214pt on input line 2889.

[61 <./pictures/sp-yr-gr/trawl.POP.png> <./pictures/sp-yr-gr/line.POP.png> <./p
ictures/sp-yr-gr/gill_net.POP.png> <./pictures/CVs_POP.png (PNG copy)>]
<./pictures/sp-yr-gr/trawl.BRNZ.png, id=697, 433.62pt x 289.08pt>
File: ./pictures/sp-yr-gr/trawl.BRNZ.png Graphic file (type png)

<use ./pictures/sp-yr-gr/trawl.BRNZ.png>
Package pdftex.def Info: ./pictures/sp-yr-gr/trawl.BRNZ.png used on input line 
2902.
(pdftex.def)             Requested size: 345.27379pt x 230.19243pt.

<./pictures/sp-yr-gr/line.BRNZ.png, id=698, 433.62pt x 289.08pt>
File: ./pictures/sp-yr-gr/line.BRNZ.png Graphic file (type png)

<use ./pictures/sp-yr-gr/line.BRNZ.png>
Package pdftex.def Info: ./pictures/sp-yr-gr/line.BRNZ.png used on input line 2
906.
(pdftex.def)             Requested size: 345.27379pt x 230.19243pt.

Overfull \hbox (3.89073pt too wide) in paragraph at lines 2901--2907
[]|  []
 []


Overfull \hbox (3.89073pt too wide) in paragraph at lines 2901--2907
|  [] 
 []

<./pictures/sp-yr-gr/gill_net.BRNZ.png, id=699, 433.62pt x 289.08pt>
File: ./pictures/sp-yr-gr/gill_net.BRNZ.png Graphic file (type png)

<use ./pictures/sp-yr-gr/gill_net.BRNZ.png>
Package pdftex.def Info: ./pictures/sp-yr-gr/gill_net.BRNZ.png used on input li
ne 2909.
(pdftex.def)             Requested size: 345.27379pt x 230.19243pt.

<./pictures/CVs_BRNZ.png, id=700, 257.96375pt x 282.05376pt>
File: ./pictures/CVs_BRNZ.png Graphic file (type png)

<use ./pictures/CVs_BRNZ.png>
Package pdftex.def Info: ./pictures/CVs_BRNZ.png used on input line 2913.
(pdftex.def)             Requested size: 207.16286pt x 226.51697pt.

Overfull \hbox (115.09126pt too wide) in paragraph at lines 2909--2914
[][]
 []


Overfull \hbox (50.7227pt too wide) in paragraph at lines 2909--2914
|  [] 
 []


LaTeX Warning: Float too large for page by 15.7214pt on input line 2924.

[62 <./pictures/sp-yr-gr/trawl.BRNZ.png> <./pictures/sp-yr-gr/line.BRNZ.png> <.
/pictures/sp-yr-gr/gill_net.BRNZ.png> <./pictures/CVs_BRNZ.png (PNG copy)>]
<./pictures/sp-yr-gr/trawl.CMEL.png, id=708, 433.62pt x 289.08pt>
File: ./pictures/sp-yr-gr/trawl.CMEL.png Graphic file (type png)

<use ./pictures/sp-yr-gr/trawl.CMEL.png>
Package pdftex.def Info: ./pictures/sp-yr-gr/trawl.CMEL.png used on input line 
2937.
(pdftex.def)             Requested size: 345.27379pt x 230.19243pt.

<./pictures/sp-yr-gr/line.CMEL.png, id=709, 433.62pt x 289.08pt>
File: ./pictures/sp-yr-gr/line.CMEL.png Graphic file (type png)

<use ./pictures/sp-yr-gr/line.CMEL.png>
Package pdftex.def Info: ./pictures/sp-yr-gr/line.CMEL.png used on input line 2
941.
(pdftex.def)             Requested size: 345.27379pt x 230.19243pt.

Overfull \hbox (3.89073pt too wide) in paragraph at lines 2936--2942
[]|  []
 []


Overfull \hbox (3.89073pt too wide) in paragraph at lines 2936--2942
|  [] 
 []

<./pictures/sp-yr-gr/gill_net.CMEL.png, id=710, 433.62pt x 289.08pt>
File: ./pictures/sp-yr-gr/gill_net.CMEL.png Graphic file (type png)

<use ./pictures/sp-yr-gr/gill_net.CMEL.png>
Package pdftex.def Info: ./pictures/sp-yr-gr/gill_net.CMEL.png used on input li
ne 2944.
(pdftex.def)             Requested size: 345.27379pt x 230.19243pt.

<./pictures/CVs_CMEL.png, id=711, 257.96375pt x 181.67876pt>
File: ./pictures/CVs_CMEL.png Graphic file (type png)

<use ./pictures/CVs_CMEL.png>
Package pdftex.def Info: ./pictures/CVs_CMEL.png used on input line 2949.
(pdftex.def)             Requested size: 207.16286pt x 145.90594pt.

Overfull \hbox (115.09126pt too wide) in paragraph at lines 2944--2950
[][]
 []


Overfull \hbox (50.7227pt too wide) in paragraph at lines 2944--2950
|  [] 
 []


LaTeX Warning: Float too large for page by 16.79318pt on input line 2960.

[63 <./pictures/sp-yr-gr/trawl.CMEL.png> <./pictures/sp-yr-gr/line.CMEL.png> <.
/pictures/sp-yr-gr/gill_net.CMEL.png> <./pictures/CVs_CMEL.png (PNG copy)>]
<./pictures/sp-yr-gr/trawl.MXRF.png, id=719, 433.62pt x 289.08pt>
File: ./pictures/sp-yr-gr/trawl.MXRF.png Graphic file (type png)

<use ./pictures/sp-yr-gr/trawl.MXRF.png>
Package pdftex.def Info: ./pictures/sp-yr-gr/trawl.MXRF.png used on input line 
2973.
(pdftex.def)             Requested size: 345.27379pt x 230.19243pt.

<./pictures/sp-yr-gr/line.MXRF.png, id=720, 433.62pt x 289.08pt>
File: ./pictures/sp-yr-gr/line.MXRF.png Graphic file (type png)

<use ./pictures/sp-yr-gr/line.MXRF.png>
Package pdftex.def Info: ./pictures/sp-yr-gr/line.MXRF.png used on input line 2
977.
(pdftex.def)             Requested size: 345.27379pt x 230.19243pt.

Overfull \hbox (3.89073pt too wide) in paragraph at lines 2972--2978
[]|  []
 []


Overfull \hbox (3.89073pt too wide) in paragraph at lines 2972--2978
|  [] 
 []

<./pictures/sp-yr-gr/gill_net.MXRF.png, id=721, 433.62pt x 289.08pt>
File: ./pictures/sp-yr-gr/gill_net.MXRF.png Graphic file (type png)

<use ./pictures/sp-yr-gr/gill_net.MXRF.png>
Package pdftex.def Info: ./pictures/sp-yr-gr/gill_net.MXRF.png used on input li
ne 2980.
(pdftex.def)             Requested size: 345.27379pt x 230.19243pt.

<./pictures/CVs_MXRF.png, id=722, 257.96375pt x 282.05376pt>
File: ./pictures/CVs_MXRF.png Graphic file (type png)

<use ./pictures/CVs_MXRF.png>
Package pdftex.def Info: ./pictures/CVs_MXRF.png used on input line 2984.
(pdftex.def)             Requested size: 207.16286pt x 226.51697pt.

Overfull \hbox (115.09126pt too wide) in paragraph at lines 2980--2985
[][]
 []


Overfull \hbox (50.7227pt too wide) in paragraph at lines 2980--2985
|  [] 
 []


LaTeX Warning: Float too large for page by 15.7214pt on input line 2995.

[64 <./pictures/sp-yr-gr/trawl.MXRF.png> <./pictures/sp-yr-gr/line.MXRF.png> <.
/pictures/sp-yr-gr/gill_net.MXRF.png> <./pictures/CVs_MXRF.png (PNG copy)>]
<./pictures/sp-yr/WDOW.png, id=730, 433.62pt x 289.08pt>
File: ./pictures/sp-yr/WDOW.png Graphic file (type png)

<use ./pictures/sp-yr/WDOW.png>
Package pdftex.def Info: ./pictures/sp-yr/WDOW.png used on input line 3006.
(pdftex.def)             Requested size: 610.68295pt x 407.17056pt.
 [65 <./pictures/sp-yr/WDOW.png>]
<./pictures/sp-yr/BCAC.png, id=736, 433.62pt x 289.08pt>
File: ./pictures/sp-yr/BCAC.png Graphic file (type png)

<use ./pictures/sp-yr/BCAC.png>
Package pdftex.def Info: ./pictures/sp-yr/BCAC.png used on input line 3024.
(pdftex.def)             Requested size: 610.68295pt x 407.17056pt.
 [66 <./pictures/sp-yr/BCAC.png>]
<./pictures/sp-yr/CLPR.png, id=743, 433.62pt x 289.08pt>
File: ./pictures/sp-yr/CLPR.png Graphic file (type png)

<use ./pictures/sp-yr/CLPR.png>
Package pdftex.def Info: ./pictures/sp-yr/CLPR.png used on input line 3042.
(pdftex.def)             Requested size: 610.68295pt x 407.17056pt.
 [67 <./pictures/sp-yr/CLPR.png>]
<./pictures/sp-yr/BANK.png, id=751, 433.62pt x 289.08pt>
File: ./pictures/sp-yr/BANK.png Graphic file (type png)

<use ./pictures/sp-yr/BANK.png>
Package pdftex.def Info: ./pictures/sp-yr/BANK.png used on input line 3060.
(pdftex.def)             Requested size: 610.68295pt x 407.17056pt.
 [68 <./pictures/sp-yr/BANK.png>]
<./pictures/sp-yr/YTRK.png, id=758, 433.62pt x 289.08pt>
File: ./pictures/sp-yr/YTRK.png Graphic file (type png)

<use ./pictures/sp-yr/YTRK.png>
Package pdftex.def Info: ./pictures/sp-yr/YTRK.png used on input line 3078.
(pdftex.def)             Requested size: 610.68295pt x 407.17056pt.
 [69 <./pictures/sp-yr/YTRK.png>]
<./pictures/sp-yr/BLGL.png, id=765, 433.62pt x 289.08pt>
File: ./pictures/sp-yr/BLGL.png Graphic file (type png)

<use ./pictures/sp-yr/BLGL.png>
Package pdftex.def Info: ./pictures/sp-yr/BLGL.png used on input line 3096.
(pdftex.def)             Requested size: 610.68295pt x 407.17056pt.
 [70 <./pictures/sp-yr/BLGL.png>]
<./pictures/sp-yr/DBRK.png, id=772, 433.62pt x 289.08pt>
File: ./pictures/sp-yr/DBRK.png Graphic file (type png)

<use ./pictures/sp-yr/DBRK.png>
Package pdftex.def Info: ./pictures/sp-yr/DBRK.png used on input line 3114.
(pdftex.def)             Requested size: 610.68295pt x 407.17056pt.
 [71 <./pictures/sp-yr/DBRK.png>]
<./pictures/sp-yr/CNRY.png, id=779, 433.62pt x 289.08pt>
File: ./pictures/sp-yr/CNRY.png Graphic file (type png)

<use ./pictures/sp-yr/CNRY.png>
Package pdftex.def Info: ./pictures/sp-yr/CNRY.png used on input line 3132.
(pdftex.def)             Requested size: 610.68295pt x 407.17056pt.
 [72 <./pictures/sp-yr/CNRY.png>]
<./pictures/sp-yr/SNOS.png, id=786, 433.62pt x 289.08pt>
File: ./pictures/sp-yr/SNOS.png Graphic file (type png)

<use ./pictures/sp-yr/SNOS.png>
Package pdftex.def Info: ./pictures/sp-yr/SNOS.png used on input line 3150.
(pdftex.def)             Requested size: 610.68295pt x 407.17056pt.
 [73 <./pictures/sp-yr/SNOS.png>]
<./pictures/sp-yr/CWCD.png, id=794, 433.62pt x 289.08pt>
File: ./pictures/sp-yr/CWCD.png Graphic file (type png)

<use ./pictures/sp-yr/CWCD.png>
Package pdftex.def Info: ./pictures/sp-yr/CWCD.png used on input line 3168.
(pdftex.def)             Requested size: 610.68295pt x 407.17056pt.
 [74 <./pictures/sp-yr/CWCD.png>]
<./pictures/sp-yr/POP.png, id=802, 433.62pt x 289.08pt>
File: ./pictures/sp-yr/POP.png Graphic file (type png)

<use ./pictures/sp-yr/POP.png>
Package pdftex.def Info: ./pictures/sp-yr/POP.png used on input line 3186.
(pdftex.def)             Requested size: 610.68295pt x 407.17056pt.
 [75 <./pictures/sp-yr/POP.png>]
<./pictures/sp-yr/BRNZ.png, id=809, 433.62pt x 289.08pt>
File: ./pictures/sp-yr/BRNZ.png Graphic file (type png)

<use ./pictures/sp-yr/BRNZ.png>
Package pdftex.def Info: ./pictures/sp-yr/BRNZ.png used on input line 3204.
(pdftex.def)             Requested size: 610.68295pt x 407.17056pt.
 [76 <./pictures/sp-yr/BRNZ.png>]
<./pictures/sp-yr/CMEL.png, id=816, 433.62pt x 289.08pt>
File: ./pictures/sp-yr/CMEL.png Graphic file (type png)

<use ./pictures/sp-yr/CMEL.png>
Package pdftex.def Info: ./pictures/sp-yr/CMEL.png used on input line 3222.
(pdftex.def)             Requested size: 610.68295pt x 407.17056pt.
 [77 <./pictures/sp-yr/CMEL.png>]
<./pictures/sp-yr/MXRF.png, id=823, 433.62pt x 289.08pt>
File: ./pictures/sp-yr/MXRF.png Graphic file (type png)

<use ./pictures/sp-yr/MXRF.png>
Package pdftex.def Info: ./pictures/sp-yr/MXRF.png used on input line 3240.
(pdftex.def)             Requested size: 610.68295pt x 407.17056pt.
 [78 <./pictures/sp-yr/MXRF.png>]
<./pictures/CVs_by_species_and_year.png, id=829, 964.60374pt x 302.12875pt>
File: ./pictures/CVs_by_species_and_year.png Graphic file (type png)

<use ./pictures/CVs_by_species_and_year.png>
Package pdftex.def Info: ./pictures/CVs_by_species_and_year.png used on input l
ine 3258.
(pdftex.def)             Requested size: 610.68295pt x 191.28258pt.
 [79 <./pictures/CVs_by_species_and_year.png (PNG copy)>]
Underfull \hbox (badness 1132) in paragraph at lines 3298--3301
\T1/cmr/m/n/12 Fish-eries Com-mis-sion, 350 Har-bor Boule-vard, Bel-mont, Cal-i
-for-nia, 94002. URL:
 []

[80
























































































] [81]
Underfull \hbox (badness 3965) in paragraph at lines 3446--3450
[]\T1/cmr/m/n/12 Suter, J.M., 2010. An eval-u-a-tion of the area strat-i-fi-ca-
tion used for sam-
 []


Underfull \hbox (badness 2547) in paragraph at lines 3446--3450
\T1/cmr/m/n/12 pling tu-nas in the east-ern Pa-cific Ocean and im-pli-ca-tions 
for es-ti-mat-ing to-
 []

Package atveryend Info: Empty hook `BeforeClearDocument' on input line 3464.
[82]
Package atveryend Info: Empty hook `AfterLastShipout' on input line 3464.
 (./try1_3.aux)
Package atveryend Info: Executing hook `AtVeryEndDocument' on input line 3464.
Package atveryend Info: Executing hook `AtEndAfterFileList' on input line 3464.

Package rerunfilecheck Info: File `try1_3.out' has not changed.
(rerunfilecheck)             Checksum: 2A99A9CECF3C9E1A2C16BB3E1E7780D8;2606.


LaTeX Warning: Label(s) may have changed. Rerun to get cross-references right.

Package atveryend Info: Empty hook `AtVeryVeryEnd' on input line 3464.
 ) 
Here is how much of TeX's memory you used:
 17736 strings out of 493304
 302663 string characters out of 6139871
 514196 words of memory out of 5000000
 20541 multiletter control sequences out of 15000+600000
 31836 words of font info for 87 fonts, out of 8000000 for 9000
 957 hyphenation exceptions out of 8191
 56i,18n,55p,1347b,435s stack positions out of 5000i,500n,10000p,200000b,80000s
{/usr/share/texmf/fonts/enc/dvips/cm-super/cm-super-t1.enc}</usr/share/texliv
e/texmf-dist/fonts/type1/public/amsfonts/cm/cmex10.pfb></usr/share/texlive/texm
f-dist/fonts/type1/public/amsfonts/cm/cmmi10.pfb></usr/share/texlive/texmf-dist
/fonts/type1/public/amsfonts/cm/cmmi12.pfb></usr/share/texlive/texmf-dist/fonts
/type1/public/amsfonts/cm/cmmi8.pfb></usr/share/texlive/texmf-dist/fonts/type1/
public/amsfonts/cm/cmr12.pfb></usr/share/texlive/texmf-dist/fonts/type1/public/
amsfonts/cm/cmr6.pfb></usr/share/texlive/texmf-dist/fonts/type1/public/amsfonts
/cm/cmr8.pfb></usr/share/texlive/texmf-dist/fonts/type1/public/amsfonts/cm/cmsy
10.pfb></usr/share/texlive/texmf-dist/fonts/type1/public/amsfonts/cm/cmsy8.pfb>
</usr/share/texlive/texmf-dist/fonts/type1/public/amsfonts/symbols/msbm10.pfb><
/usr/share/texmf/fonts/type1/public/cm-super/sfbi1200.pfb></usr/share/texmf/fon
ts/type1/public/cm-super/sfbx0800.pfb></usr/share/texmf/fonts/type1/public/cm-s
uper/sfbx1095.pfb></usr/share/texmf/fonts/type1/public/cm-super/sfbx1200.pfb></
usr/share/texmf/fonts/type1/public/cm-super/sfbx1440.pfb></usr/share/texmf/font
s/type1/public/cm-super/sfbx1728.pfb></usr/share/texmf/fonts/type1/public/cm-su
per/sfrm0800.pfb></usr/share/texmf/fonts/type1/public/cm-super/sfrm1000.pfb></u
sr/share/texmf/fonts/type1/public/cm-super/sfrm1095.pfb></usr/share/texmf/fonts
/type1/public/cm-super/sfrm1200.pfb></usr/share/texmf/fonts/type1/public/cm-sup
er/sfrm1440.pfb></usr/share/texmf/fonts/type1/public/cm-super/sfrm2074.pfb></us
r/share/texmf/fonts/type1/public/cm-super/sfti1200.pfb>
Output written on try1_3.pdf (82 pages, 3311206 bytes).
PDF statistics:
 1013 PDF objects out of 1200 (max. 8388607)
 749 compressed objects within 8 object streams
 223 named destinations out of 1000 (max. 500000)
 721 words of extra memory for PDF output out of 10000 (max. 10000000)

