\BOOKMARK [1][-]{section.1}{Introduction}{}% 1
\BOOKMARK [1][-]{section.2}{Methods}{}% 2
\BOOKMARK [2][-]{subsection.2.1}{Data}{section.2}% 3
\BOOKMARK [2][-]{subsection.2.2}{Likelihood Modeling}{section.2}% 4
\BOOKMARK [3][-]{subsubsection.2.2.1}{Beta-Binomial Model}{subsection.2.2}% 5
\BOOKMARK [2][-]{subsection.2.3}{Priors}{section.2}% 6
\BOOKMARK [3][-]{subsubsection.2.3.1}{\(M1\)}{subsection.2.3}% 7
\BOOKMARK [3][-]{subsubsection.2.3.2}{\(M2\)}{subsection.2.3}% 8
\BOOKMARK [3][-]{subsubsection.2.3.3}{\(M3\)}{subsection.2.3}% 9
\BOOKMARK [3][-]{subsubsection.2.3.4}{\(M4\)}{subsection.2.3}% 10
\BOOKMARK [3][-]{subsubsection.2.3.5}{\(M5\)}{subsection.2.3}% 11
\BOOKMARK [3][-]{subsubsection.2.3.6}{\(M6\)}{subsection.2.3}% 12
\BOOKMARK [2][-]{subsection.2.4}{Species Composition Prediction}{section.2}% 13
\BOOKMARK [2][-]{subsection.2.5}{Expansion of Landed Catch to Species}{section.2}% 14
\BOOKMARK [2][-]{subsection.2.6}{Model Exploration \046 Averaging}{section.2}% 15
\BOOKMARK [1][-]{section.3}{Results}{}% 16
\BOOKMARK [2][-]{subsection.3.1}{Characteristics of the Landings Data}{section.3}% 17
\BOOKMARK [2][-]{subsection.3.2}{Predictor and Prior Selection}{section.3}% 18
\BOOKMARK [2][-]{subsection.3.3}{Model Exploration \046 Averaging}{section.3}% 19
\BOOKMARK [2][-]{subsection.3.4}{Prediction}{section.3}% 20
\BOOKMARK [1][-]{section.4}{Discussion}{}% 21
\BOOKMARK [1][-]{section.5}{Figures}{}% 22
\BOOKMARK [1][-]{section.6}{Appendix}{}% 23
\BOOKMARK [2][-]{subsection.6.1}{Appendix A: A Motivating Example}{section.6}% 24
\BOOKMARK [3][-]{subsubsection.6.1.1}{Figures}{subsection.6.1}% 25
\BOOKMARK [2][-]{subsection.6.2}{Appendix B: Modern Market Categories and Sampling}{section.6}% 26
\BOOKMARK [3][-]{subsubsection.6.2.1}{Figures}{subsection.6.2}% 27
\BOOKMARK [2][-]{subsection.6.3}{Appendix C: Spatial Model Averaging}{section.6}% 28
\BOOKMARK [3][-]{subsubsection.6.3.1}{Figures}{subsection.6.3}% 29
\BOOKMARK [2][-]{subsection.6.4}{Appendix D: Nuisance Parameters}{section.6}% 30
\BOOKMARK [3][-]{subsubsection.6.4.1}{Overdispersion Parameter\(\)}{subsection.6.4}% 31
\BOOKMARK [3][-]{subsubsection.6.4.2}{Temporal Pooling\(v\)}{subsection.6.4}% 32
\BOOKMARK [2][-]{subsection.6.5}{Appendix E: ComX Distributions of Landed Catch for Select Species, 1978-1990}{section.6}% 33
\BOOKMARK [3][-]{subsubsection.6.5.1}{Expanded Landings Aggregated by Species, Year, and Gear Group}{subsection.6.5}% 34
\BOOKMARK [3][-]{subsubsection.6.5.2}{Expanded Landings Aggregated by Species and Year}{subsection.6.5}% 35
\BOOKMARK [3][-]{subsubsection.6.5.3}{Figures}{subsection.6.5}% 36
