\BOOKMARK [1][-]{section.1}{Introduction}{}% 1
\BOOKMARK [1][-]{section.2}{Methods}{}% 2
\BOOKMARK [2][-]{subsection.2.1}{Data}{section.2}% 3
\BOOKMARK [2][-]{subsection.2.2}{Likelihood}{section.2}% 4
\BOOKMARK [2][-]{subsection.2.3}{Priors}{section.2}% 5
\BOOKMARK [2][-]{subsection.2.4}{Linear Predictor}{section.2}% 6
\BOOKMARK [2][-]{subsection.2.5}{Species Composition Prediction}{section.2}% 7
\BOOKMARK [2][-]{subsection.2.6}{Expansion of Landed Catch to Species}{section.2}% 8
\BOOKMARK [1][-]{section.3}{Results}{}% 9
\BOOKMARK [2][-]{subsection.3.1}{Likelihood}{section.3}% 10
\BOOKMARK [2][-]{subsection.3.2}{Prior}{section.3}% 11
\BOOKMARK [2][-]{subsection.3.3}{Linear Predictor}{section.3}% 12
\BOOKMARK [2][-]{subsection.3.4}{Expansion}{section.3}% 13
\BOOKMARK [1][-]{section.4}{Discussion}{}% 14
\BOOKMARK [2][-]{subsection.4.1}{Likelihood}{section.4}% 15
\BOOKMARK [1][-]{section.5}{Figures}{}% 16
\BOOKMARK [1][-]{section.6}{Appendix}{}% 17
\BOOKMARK [2][-]{subsection.6.1}{Appendix A: Likelihood Experiments}{section.6}% 18
\BOOKMARK [3][-]{subsubsection.6.1.1}{Poisson Model}{subsection.6.1}% 19
\BOOKMARK [3][-]{subsubsection.6.1.2}{Binomial Model}{subsection.6.1}% 20
\BOOKMARK [3][-]{subsubsection.6.1.3}{Negative Binomial Model}{subsection.6.1}% 21
\BOOKMARK [3][-]{subsubsection.6.1.4}{Beta-Binomial Model}{subsection.6.1}% 22
\BOOKMARK [2][-]{subsection.6.2}{Appendix B: Prior Experiments}{section.6}% 23
\BOOKMARK [2][-]{subsection.6.3}{Appendix C: Linear Predictor Experiments}{section.6}% 24
\BOOKMARK [2][-]{subsection.6.4}{Appendix D: Complete Model}{section.6}% 25
\BOOKMARK [1][-]{section.7}{Figures}{}% 26
\BOOKMARK [1][-]{figure.4}{References}{}% 27
