\BOOKMARK [1][-]{section.1}{Introduction}{}% 1
\BOOKMARK [1][-]{section.2}{Methods}{}% 2
\BOOKMARK [2][-]{subsection.2.1}{Data}{section.2}% 3
\BOOKMARK [2][-]{subsection.2.2}{Likelihood}{section.2}% 4
\BOOKMARK [3][-]{subsubsection.2.2.1}{Beta-Binomial Model}{subsection.2.2}% 5
\BOOKMARK [2][-]{subsection.2.3}{Priors}{section.2}% 6
\BOOKMARK [2][-]{subsection.2.4}{Linear Predictor}{section.2}% 7
\BOOKMARK [2][-]{subsection.2.5}{Species Composition Prediction}{section.2}% 8
\BOOKMARK [2][-]{subsection.2.6}{Expansion of Landed Catch to Species}{section.2}% 9
\BOOKMARK [1][-]{section.3}{Results}{}% 10
\BOOKMARK [1][-]{section.4}{Discussion}{}% 11
\BOOKMARK [2][-]{subsection.4.1}{Likelihood}{section.4}% 12
\BOOKMARK [1][-]{section.5}{Figures}{}% 13
\BOOKMARK [1][-]{section.6}{Appendix}{}% 14
\BOOKMARK [2][-]{subsection.6.1}{Appendix A: Likelihood Experiments}{section.6}% 15
\BOOKMARK [3][-]{subsubsection.6.1.1}{Poisson Model}{subsection.6.1}% 16
\BOOKMARK [3][-]{subsubsection.6.1.2}{Binomial Model}{subsection.6.1}% 17
\BOOKMARK [3][-]{subsubsection.6.1.3}{Negative Binomial Model}{subsection.6.1}% 18
\BOOKMARK [3][-]{subsubsection.6.1.4}{Beta-Binomial Model}{subsection.6.1}% 19
\BOOKMARK [2][-]{subsection.6.2}{Appendix B: Prior Experiments}{section.6}% 20
\BOOKMARK [2][-]{subsection.6.3}{Appendix C: Linear Predictor Experiments}{section.6}% 21
\BOOKMARK [2][-]{subsection.6.4}{Appendix D: Complete Model}{section.6}% 22
\BOOKMARK [1][-]{section.7}{Figures}{}% 23
\BOOKMARK [1][-]{figure.4}{References}{}% 24
